<?xml version="1.0" encoding="UTF-8"?>
<testsuite xmlns:xsi="http://www.w3.org/2001/XMLSchema-instance" xsi:noNamespaceSchemaLocation="https://maven.apache.org/surefire/maven-surefire-plugin/xsd/surefire-test-report.xsd" version="3.0.2" name="org.springframework.samples.petclinic.MySqlIntegrationTests" time="168.183" tests="2" errors="0" skipped="0" failures="0">
  <properties>
    <property name="git.tags" value=""/>
    <property name="java.specification.version" value="17"/>
    <property name="sun.jnu.encoding" value="UTF-8"/>
    <property name="git.build.version" value="3.5.0-SNAPSHOT"/>
    <property name="java.class.path" value="/home/dhanush/DevOps_Projects/Springboot_Project_Advance/spring-petclinic/target/test-classes:/home/dhanush/DevOps_Projects/Springboot_Project_Advance/spring-petclinic/target/classes:/home/dhanush/.m2/repository/org/springframework/boot/spring-boot-starter-actuator/3.5.0/spring-boot-starter-actuator-3.5.0.jar:/home/dhanush/.m2/repository/org/springframework/boot/spring-boot-starter/3.5.0/spring-boot-starter-3.5.0.jar:/home/dhanush/.m2/repository/org/springframework/boot/spring-boot-starter-logging/3.5.0/spring-boot-starter-logging-3.5.0.jar:/home/dhanush/.m2/repository/ch/qos/logback/logback-classic/1.5.18/logback-classic-1.5.18.jar:/home/dhanush/.m2/repository/ch/qos/logback/logback-core/1.5.18/logback-core-1.5.18.jar:/home/dhanush/.m2/repository/org/apache/logging/log4j/log4j-to-slf4j/2.24.3/log4j-to-slf4j-2.24.3.jar:/home/dhanush/.m2/repository/org/apache/logging/log4j/log4j-api/2.24.3/log4j-api-2.24.3.jar:/home/dhanush/.m2/repository/org/slf4j/jul-to-slf4j/2.0.17/jul-to-slf4j-2.0.17.jar:/home/dhanush/.m2/repository/jakarta/annotation/jakarta.annotation-api/2.1.1/jakarta.annotation-api-2.1.1.jar:/home/dhanush/.m2/repository/org/yaml/snakeyaml/2.4/snakeyaml-2.4.jar:/home/dhanush/.m2/repository/org/springframework/boot/spring-boot-actuator-autoconfigure/3.5.0/spring-boot-actuator-autoconfigure-3.5.0.jar:/home/dhanush/.m2/repository/org/springframework/boot/spring-boot-actuator/3.5.0/spring-boot-actuator-3.5.0.jar:/home/dhanush/.m2/repository/com/fasterxml/jackson/datatype/jackson-datatype-jsr310/2.19.0/jackson-datatype-jsr310-2.19.0.jar:/home/dhanush/.m2/repository/io/micrometer/micrometer-observation/1.15.0/micrometer-observation-1.15.0.jar:/home/dhanush/.m2/repository/io/micrometer/micrometer-commons/1.15.0/micrometer-commons-1.15.0.jar:/home/dhanush/.m2/repository/io/micrometer/micrometer-jakarta9/1.15.0/micrometer-jakarta9-1.15.0.jar:/home/dhanush/.m2/repository/io/micrometer/micrometer-core/1.15.0/micrometer-core-1.15.0.jar:/home/dhanush/.m2/repository/org/hdrhistogram/HdrHistogram/2.2.2/HdrHistogram-2.2.2.jar:/home/dhanush/.m2/repository/org/latencyutils/LatencyUtils/2.0.3/LatencyUtils-2.0.3.jar:/home/dhanush/.m2/repository/org/springframework/boot/spring-boot-starter-cache/3.5.0/spring-boot-starter-cache-3.5.0.jar:/home/dhanush/.m2/repository/org/springframework/spring-context-support/6.2.7/spring-context-support-6.2.7.jar:/home/dhanush/.m2/repository/org/springframework/spring-beans/6.2.7/spring-beans-6.2.7.jar:/home/dhanush/.m2/repository/org/springframework/spring-context/6.2.7/spring-context-6.2.7.jar:/home/dhanush/.m2/repository/org/springframework/boot/spring-boot-starter-data-jpa/3.5.0/spring-boot-starter-data-jpa-3.5.0.jar:/home/dhanush/.m2/repository/org/springframework/boot/spring-boot-starter-jdbc/3.5.0/spring-boot-starter-jdbc-3.5.0.jar:/home/dhanush/.m2/repository/com/zaxxer/HikariCP/6.3.0/HikariCP-6.3.0.jar:/home/dhanush/.m2/repository/org/springframework/spring-jdbc/6.2.7/spring-jdbc-6.2.7.jar:/home/dhanush/.m2/repository/org/hibernate/orm/hibernate-core/6.6.15.Final/hibernate-core-6.6.15.Final.jar:/home/dhanush/.m2/repository/jakarta/persistence/jakarta.persistence-api/3.1.0/jakarta.persistence-api-3.1.0.jar:/home/dhanush/.m2/repository/jakarta/transaction/jakarta.transaction-api/2.0.1/jakarta.transaction-api-2.0.1.jar:/home/dhanush/.m2/repository/org/jboss/logging/jboss-logging/3.6.1.Final/jboss-logging-3.6.1.Final.jar:/home/dhanush/.m2/repository/org/hibernate/common/hibernate-commons-annotations/7.0.3.Final/hibernate-commons-annotations-7.0.3.Final.jar:/home/dhanush/.m2/repository/io/smallrye/jandex/3.2.0/jandex-3.2.0.jar:/home/dhanush/.m2/repository/com/fasterxml/classmate/1.7.0/classmate-1.7.0.jar:/home/dhanush/.m2/repository/net/bytebuddy/byte-buddy/1.17.5/byte-buddy-1.17.5.jar:/home/dhanush/.m2/repository/org/glassfish/jaxb/jaxb-runtime/4.0.5/jaxb-runtime-4.0.5.jar:/home/dhanush/.m2/repository/org/glassfish/jaxb/jaxb-core/4.0.5/jaxb-core-4.0.5.jar:/home/dhanush/.m2/repository/org/eclipse/angus/angus-activation/2.0.2/angus-activation-2.0.2.jar:/home/dhanush/.m2/repository/org/glassfish/jaxb/txw2/4.0.5/txw2-4.0.5.jar:/home/dhanush/.m2/repository/com/sun/istack/istack-commons-runtime/4.1.2/istack-commons-runtime-4.1.2.jar:/home/dhanush/.m2/repository/jakarta/inject/jakarta.inject-api/2.0.1/jakarta.inject-api-2.0.1.jar:/home/dhanush/.m2/repository/org/antlr/antlr4-runtime/4.13.0/antlr4-runtime-4.13.0.jar:/home/dhanush/.m2/repository/org/springframework/data/spring-data-jpa/3.5.0/spring-data-jpa-3.5.0.jar:/home/dhanush/.m2/repository/org/springframework/data/spring-data-commons/3.5.0/spring-data-commons-3.5.0.jar:/home/dhanush/.m2/repository/org/springframework/spring-orm/6.2.7/spring-orm-6.2.7.jar:/home/dhanush/.m2/repository/org/springframework/spring-aop/6.2.7/spring-aop-6.2.7.jar:/home/dhanush/.m2/repository/org/springframework/spring-tx/6.2.7/spring-tx-6.2.7.jar:/home/dhanush/.m2/repository/org/slf4j/slf4j-api/2.0.17/slf4j-api-2.0.17.jar:/home/dhanush/.m2/repository/org/springframework/spring-aspects/6.2.7/spring-aspects-6.2.7.jar:/home/dhanush/.m2/repository/org/aspectj/aspectjweaver/1.9.24/aspectjweaver-1.9.24.jar:/home/dhanush/.m2/repository/org/springframework/boot/spring-boot-starter-web/3.5.0/spring-boot-starter-web-3.5.0.jar:/home/dhanush/.m2/repository/org/springframework/boot/spring-boot-starter-json/3.5.0/spring-boot-starter-json-3.5.0.jar:/home/dhanush/.m2/repository/com/fasterxml/jackson/datatype/jackson-datatype-jdk8/2.19.0/jackson-datatype-jdk8-2.19.0.jar:/home/dhanush/.m2/repository/org/springframework/boot/spring-boot-starter-tomcat/3.5.0/spring-boot-starter-tomcat-3.5.0.jar:/home/dhanush/.m2/repository/org/apache/tomcat/embed/tomcat-embed-core/10.1.41/tomcat-embed-core-10.1.41.jar:/home/dhanush/.m2/repository/org/apache/tomcat/embed/tomcat-embed-websocket/10.1.41/tomcat-embed-websocket-10.1.41.jar:/home/dhanush/.m2/repository/org/springframework/spring-web/6.2.7/spring-web-6.2.7.jar:/home/dhanush/.m2/repository/org/springframework/spring-webmvc/6.2.7/spring-webmvc-6.2.7.jar:/home/dhanush/.m2/repository/org/springframework/spring-expression/6.2.7/spring-expression-6.2.7.jar:/home/dhanush/.m2/repository/org/springframework/boot/spring-boot-starter-validation/3.5.0/spring-boot-starter-validation-3.5.0.jar:/home/dhanush/.m2/repository/org/apache/tomcat/embed/tomcat-embed-el/10.1.41/tomcat-embed-el-10.1.41.jar:/home/dhanush/.m2/repository/org/hibernate/validator/hibernate-validator/8.0.2.Final/hibernate-validator-8.0.2.Final.jar:/home/dhanush/.m2/repository/jakarta/validation/jakarta.validation-api/3.0.2/jakarta.validation-api-3.0.2.jar:/home/dhanush/.m2/repository/org/springframework/boot/spring-boot-starter-thymeleaf/3.5.0/spring-boot-starter-thymeleaf-3.5.0.jar:/home/dhanush/.m2/repository/org/thymeleaf/thymeleaf-spring6/3.1.3.RELEASE/thymeleaf-spring6-3.1.3.RELEASE.jar:/home/dhanush/.m2/repository/org/thymeleaf/thymeleaf/3.1.3.RELEASE/thymeleaf-3.1.3.RELEASE.jar:/home/dhanush/.m2/repository/org/attoparser/attoparser/2.0.7.RELEASE/attoparser-2.0.7.RELEASE.jar:/home/dhanush/.m2/repository/org/unbescape/unbescape/1.1.6.RELEASE/unbescape-1.1.6.RELEASE.jar:/home/dhanush/.m2/repository/org/springframework/boot/spring-boot-starter-test/3.5.0/spring-boot-starter-test-3.5.0.jar:/home/dhanush/.m2/repository/org/springframework/boot/spring-boot-test/3.5.0/spring-boot-test-3.5.0.jar:/home/dhanush/.m2/repository/org/springframework/boot/spring-boot-test-autoconfigure/3.5.0/spring-boot-test-autoconfigure-3.5.0.jar:/home/dhanush/.m2/repository/com/jayway/jsonpath/json-path/2.9.0/json-path-2.9.0.jar:/home/dhanush/.m2/repository/net/minidev/json-smart/2.5.2/json-smart-2.5.2.jar:/home/dhanush/.m2/repository/net/minidev/accessors-smart/2.5.2/accessors-smart-2.5.2.jar:/home/dhanush/.m2/repository/org/ow2/asm/asm/9.7.1/asm-9.7.1.jar:/home/dhanush/.m2/repository/org/assertj/assertj-core/3.27.3/assertj-core-3.27.3.jar:/home/dhanush/.m2/repository/org/awaitility/awaitility/4.3.0/awaitility-4.3.0.jar:/home/dhanush/.m2/repository/org/hamcrest/hamcrest/3.0/hamcrest-3.0.jar:/home/dhanush/.m2/repository/org/junit/jupiter/junit-jupiter/5.12.2/junit-jupiter-5.12.2.jar:/home/dhanush/.m2/repository/org/junit/jupiter/junit-jupiter-api/5.12.2/junit-jupiter-api-5.12.2.jar:/home/dhanush/.m2/repository/org/opentest4j/opentest4j/1.3.0/opentest4j-1.3.0.jar:/home/dhanush/.m2/repository/org/junit/platform/junit-platform-commons/1.12.2/junit-platform-commons-1.12.2.jar:/home/dhanush/.m2/repository/org/apiguardian/apiguardian-api/1.1.2/apiguardian-api-1.1.2.jar:/home/dhanush/.m2/repository/org/junit/jupiter/junit-jupiter-params/5.12.2/junit-jupiter-params-5.12.2.jar:/home/dhanush/.m2/repository/org/junit/jupiter/junit-jupiter-engine/5.12.2/junit-jupiter-engine-5.12.2.jar:/home/dhanush/.m2/repository/org/junit/platform/junit-platform-engine/1.12.2/junit-platform-engine-1.12.2.jar:/home/dhanush/.m2/repository/org/mockito/mockito-core/5.17.0/mockito-core-5.17.0.jar:/home/dhanush/.m2/repository/net/bytebuddy/byte-buddy-agent/1.17.5/byte-buddy-agent-1.17.5.jar:/home/dhanush/.m2/repository/org/objenesis/objenesis/3.3/objenesis-3.3.jar:/home/dhanush/.m2/repository/org/mockito/mockito-junit-jupiter/5.17.0/mockito-junit-jupiter-5.17.0.jar:/home/dhanush/.m2/repository/org/skyscreamer/jsonassert/1.5.3/jsonassert-1.5.3.jar:/home/dhanush/.m2/repository/com/vaadin/external/google/android-json/0.0.20131108.vaadin1/android-json-0.0.20131108.vaadin1.jar:/home/dhanush/.m2/repository/org/springframework/spring-core/6.2.7/spring-core-6.2.7.jar:/home/dhanush/.m2/repository/org/springframework/spring-jcl/6.2.7/spring-jcl-6.2.7.jar:/home/dhanush/.m2/repository/org/springframework/spring-test/6.2.7/spring-test-6.2.7.jar:/home/dhanush/.m2/repository/org/xmlunit/xmlunit-core/2.10.1/xmlunit-core-2.10.1.jar:/home/dhanush/.m2/repository/com/h2database/h2/2.3.232/h2-2.3.232.jar:/home/dhanush/.m2/repository/com/mysql/mysql-connector-j/9.2.0/mysql-connector-j-9.2.0.jar:/home/dhanush/.m2/repository/org/postgresql/postgresql/42.7.5/postgresql-42.7.5.jar:/home/dhanush/.m2/repository/org/checkerframework/checker-qual/3.48.3/checker-qual-3.48.3.jar:/home/dhanush/.m2/repository/javax/cache/cache-api/1.1.1/cache-api-1.1.1.jar:/home/dhanush/.m2/repository/com/github/ben-manes/caffeine/caffeine/3.2.0/caffeine-3.2.0.jar:/home/dhanush/.m2/repository/org/jspecify/jspecify/1.0.0/jspecify-1.0.0.jar:/home/dhanush/.m2/repository/com/google/errorprone/error_prone_annotations/2.36.0/error_prone_annotations-2.36.0.jar:/home/dhanush/.m2/repository/org/webjars/webjars-locator-lite/1.1.0/webjars-locator-lite-1.1.0.jar:/home/dhanush/.m2/repository/org/webjars/npm/bootstrap/5.3.6/bootstrap-5.3.6.jar:/home/dhanush/.m2/repository/org/webjars/npm/font-awesome/4.7.0/font-awesome-4.7.0.jar:/home/dhanush/.m2/repository/org/springframework/boot/spring-boot-devtools/3.5.0/spring-boot-devtools-3.5.0.jar:/home/dhanush/.m2/repository/org/springframework/boot/spring-boot/3.5.0/spring-boot-3.5.0.jar:/home/dhanush/.m2/repository/org/springframework/boot/spring-boot-autoconfigure/3.5.0/spring-boot-autoconfigure-3.5.0.jar:/home/dhanush/.m2/repository/org/springframework/boot/spring-boot-testcontainers/3.5.0/spring-boot-testcontainers-3.5.0.jar:/home/dhanush/.m2/repository/org/testcontainers/testcontainers/1.21.0/testcontainers-1.21.0.jar:/home/dhanush/.m2/repository/junit/junit/4.13.2/junit-4.13.2.jar:/home/dhanush/.m2/repository/org/hamcrest/hamcrest-core/3.0/hamcrest-core-3.0.jar:/home/dhanush/.m2/repository/org/apache/commons/commons-compress/1.24.0/commons-compress-1.24.0.jar:/home/dhanush/.m2/repository/org/rnorth/duct-tape/duct-tape/1.0.8/duct-tape-1.0.8.jar:/home/dhanush/.m2/repository/org/jetbrains/annotations/17.0.0/annotations-17.0.0.jar:/home/dhanush/.m2/repository/com/github/docker-java/docker-java-api/3.4.2/docker-java-api-3.4.2.jar:/home/dhanush/.m2/repository/com/github/docker-java/docker-java-transport-zerodep/3.4.2/docker-java-transport-zerodep-3.4.2.jar:/home/dhanush/.m2/repository/com/github/docker-java/docker-java-transport/3.4.2/docker-java-transport-3.4.2.jar:/home/dhanush/.m2/repository/net/java/dev/jna/jna/5.13.0/jna-5.13.0.jar:/home/dhanush/.m2/repository/org/springframework/boot/spring-boot-docker-compose/3.5.0/spring-boot-docker-compose-3.5.0.jar:/home/dhanush/.m2/repository/com/fasterxml/jackson/core/jackson-databind/2.19.0/jackson-databind-2.19.0.jar:/home/dhanush/.m2/repository/com/fasterxml/jackson/core/jackson-annotations/2.19.0/jackson-annotations-2.19.0.jar:/home/dhanush/.m2/repository/com/fasterxml/jackson/core/jackson-core/2.19.0/jackson-core-2.19.0.jar:/home/dhanush/.m2/repository/com/fasterxml/jackson/module/jackson-module-parameter-names/2.19.0/jackson-module-parameter-names-2.19.0.jar:/home/dhanush/.m2/repository/org/testcontainers/junit-jupiter/1.21.0/junit-jupiter-1.21.0.jar:/home/dhanush/.m2/repository/org/testcontainers/mysql/1.21.0/mysql-1.21.0.jar:/home/dhanush/.m2/repository/org/testcontainers/jdbc/1.21.0/jdbc-1.21.0.jar:/home/dhanush/.m2/repository/org/testcontainers/database-commons/1.21.0/database-commons-1.21.0.jar:/home/dhanush/.m2/repository/jakarta/xml/bind/jakarta.xml.bind-api/4.0.2/jakarta.xml.bind-api-4.0.2.jar:/home/dhanush/.m2/repository/jakarta/activation/jakarta.activation-api/2.1.3/jakarta.activation-api-2.1.3.jar:"/>
    <property name="git.branch" value="main"/>
    <property name="git.build.host" value="GDCIT-LAPT325"/>
    <property name="java.vm.vendor" value="Ubuntu"/>
    <property name="sun.arch.data.model" value="64"/>
    <property name="git.commit.id" value="30aab0ae764ad845b5eedd76028756835fec771f"/>
    <property name="java.vendor.url" value="https://ubuntu.com/"/>
    <property name="catalina.useNaming" value="false"/>
    <property name="user.timezone" value="Etc/UTC"/>
    <property name="org.jboss.logging.provider" value="slf4j"/>
    <property name="java.vm.specification.version" value="17"/>
    <property name="os.name" value="Linux"/>
    <property name="git.commit.author.time" value="2025-07-04T15:28:34Z"/>
    <property name="sun.java.launcher" value="SUN_STANDARD"/>
    <property name="git.build.user.name" value="Siraj Shaik"/>
    <property name="sun.boot.library.path" value="/usr/lib/jvm/java-17-openjdk-amd64/lib"/>
    <property name="sun.java.command" value="/home/dhanush/DevOps_Projects/Springboot_Project_Advance/spring-petclinic/target/surefire/surefirebooter-20250805062424243_3.jar /home/dhanush/DevOps_Projects/Springboot_Project_Advance/spring-petclinic/target/surefire 2025-08-05T06-24-18_453-jvmRun1 surefire-20250805062424243_1tmp surefire_0-20250805062424243_2tmp"/>
    <property name="jdk.debug" value="release"/>
    <property name="surefire.test.class.path" value="/home/dhanush/DevOps_Projects/Springboot_Project_Advance/spring-petclinic/target/test-classes:/home/dhanush/DevOps_Projects/Springboot_Project_Advance/spring-petclinic/target/classes:/home/dhanush/.m2/repository/org/springframework/boot/spring-boot-starter-actuator/3.5.0/spring-boot-starter-actuator-3.5.0.jar:/home/dhanush/.m2/repository/org/springframework/boot/spring-boot-starter/3.5.0/spring-boot-starter-3.5.0.jar:/home/dhanush/.m2/repository/org/springframework/boot/spring-boot-starter-logging/3.5.0/spring-boot-starter-logging-3.5.0.jar:/home/dhanush/.m2/repository/ch/qos/logback/logback-classic/1.5.18/logback-classic-1.5.18.jar:/home/dhanush/.m2/repository/ch/qos/logback/logback-core/1.5.18/logback-core-1.5.18.jar:/home/dhanush/.m2/repository/org/apache/logging/log4j/log4j-to-slf4j/2.24.3/log4j-to-slf4j-2.24.3.jar:/home/dhanush/.m2/repository/org/apache/logging/log4j/log4j-api/2.24.3/log4j-api-2.24.3.jar:/home/dhanush/.m2/repository/org/slf4j/jul-to-slf4j/2.0.17/jul-to-slf4j-2.0.17.jar:/home/dhanush/.m2/repository/jakarta/annotation/jakarta.annotation-api/2.1.1/jakarta.annotation-api-2.1.1.jar:/home/dhanush/.m2/repository/org/yaml/snakeyaml/2.4/snakeyaml-2.4.jar:/home/dhanush/.m2/repository/org/springframework/boot/spring-boot-actuator-autoconfigure/3.5.0/spring-boot-actuator-autoconfigure-3.5.0.jar:/home/dhanush/.m2/repository/org/springframework/boot/spring-boot-actuator/3.5.0/spring-boot-actuator-3.5.0.jar:/home/dhanush/.m2/repository/com/fasterxml/jackson/datatype/jackson-datatype-jsr310/2.19.0/jackson-datatype-jsr310-2.19.0.jar:/home/dhanush/.m2/repository/io/micrometer/micrometer-observation/1.15.0/micrometer-observation-1.15.0.jar:/home/dhanush/.m2/repository/io/micrometer/micrometer-commons/1.15.0/micrometer-commons-1.15.0.jar:/home/dhanush/.m2/repository/io/micrometer/micrometer-jakarta9/1.15.0/micrometer-jakarta9-1.15.0.jar:/home/dhanush/.m2/repository/io/micrometer/micrometer-core/1.15.0/micrometer-core-1.15.0.jar:/home/dhanush/.m2/repository/org/hdrhistogram/HdrHistogram/2.2.2/HdrHistogram-2.2.2.jar:/home/dhanush/.m2/repository/org/latencyutils/LatencyUtils/2.0.3/LatencyUtils-2.0.3.jar:/home/dhanush/.m2/repository/org/springframework/boot/spring-boot-starter-cache/3.5.0/spring-boot-starter-cache-3.5.0.jar:/home/dhanush/.m2/repository/org/springframework/spring-context-support/6.2.7/spring-context-support-6.2.7.jar:/home/dhanush/.m2/repository/org/springframework/spring-beans/6.2.7/spring-beans-6.2.7.jar:/home/dhanush/.m2/repository/org/springframework/spring-context/6.2.7/spring-context-6.2.7.jar:/home/dhanush/.m2/repository/org/springframework/boot/spring-boot-starter-data-jpa/3.5.0/spring-boot-starter-data-jpa-3.5.0.jar:/home/dhanush/.m2/repository/org/springframework/boot/spring-boot-starter-jdbc/3.5.0/spring-boot-starter-jdbc-3.5.0.jar:/home/dhanush/.m2/repository/com/zaxxer/HikariCP/6.3.0/HikariCP-6.3.0.jar:/home/dhanush/.m2/repository/org/springframework/spring-jdbc/6.2.7/spring-jdbc-6.2.7.jar:/home/dhanush/.m2/repository/org/hibernate/orm/hibernate-core/6.6.15.Final/hibernate-core-6.6.15.Final.jar:/home/dhanush/.m2/repository/jakarta/persistence/jakarta.persistence-api/3.1.0/jakarta.persistence-api-3.1.0.jar:/home/dhanush/.m2/repository/jakarta/transaction/jakarta.transaction-api/2.0.1/jakarta.transaction-api-2.0.1.jar:/home/dhanush/.m2/repository/org/jboss/logging/jboss-logging/3.6.1.Final/jboss-logging-3.6.1.Final.jar:/home/dhanush/.m2/repository/org/hibernate/common/hibernate-commons-annotations/7.0.3.Final/hibernate-commons-annotations-7.0.3.Final.jar:/home/dhanush/.m2/repository/io/smallrye/jandex/3.2.0/jandex-3.2.0.jar:/home/dhanush/.m2/repository/com/fasterxml/classmate/1.7.0/classmate-1.7.0.jar:/home/dhanush/.m2/repository/net/bytebuddy/byte-buddy/1.17.5/byte-buddy-1.17.5.jar:/home/dhanush/.m2/repository/org/glassfish/jaxb/jaxb-runtime/4.0.5/jaxb-runtime-4.0.5.jar:/home/dhanush/.m2/repository/org/glassfish/jaxb/jaxb-core/4.0.5/jaxb-core-4.0.5.jar:/home/dhanush/.m2/repository/org/eclipse/angus/angus-activation/2.0.2/angus-activation-2.0.2.jar:/home/dhanush/.m2/repository/org/glassfish/jaxb/txw2/4.0.5/txw2-4.0.5.jar:/home/dhanush/.m2/repository/com/sun/istack/istack-commons-runtime/4.1.2/istack-commons-runtime-4.1.2.jar:/home/dhanush/.m2/repository/jakarta/inject/jakarta.inject-api/2.0.1/jakarta.inject-api-2.0.1.jar:/home/dhanush/.m2/repository/org/antlr/antlr4-runtime/4.13.0/antlr4-runtime-4.13.0.jar:/home/dhanush/.m2/repository/org/springframework/data/spring-data-jpa/3.5.0/spring-data-jpa-3.5.0.jar:/home/dhanush/.m2/repository/org/springframework/data/spring-data-commons/3.5.0/spring-data-commons-3.5.0.jar:/home/dhanush/.m2/repository/org/springframework/spring-orm/6.2.7/spring-orm-6.2.7.jar:/home/dhanush/.m2/repository/org/springframework/spring-aop/6.2.7/spring-aop-6.2.7.jar:/home/dhanush/.m2/repository/org/springframework/spring-tx/6.2.7/spring-tx-6.2.7.jar:/home/dhanush/.m2/repository/org/slf4j/slf4j-api/2.0.17/slf4j-api-2.0.17.jar:/home/dhanush/.m2/repository/org/springframework/spring-aspects/6.2.7/spring-aspects-6.2.7.jar:/home/dhanush/.m2/repository/org/aspectj/aspectjweaver/1.9.24/aspectjweaver-1.9.24.jar:/home/dhanush/.m2/repository/org/springframework/boot/spring-boot-starter-web/3.5.0/spring-boot-starter-web-3.5.0.jar:/home/dhanush/.m2/repository/org/springframework/boot/spring-boot-starter-json/3.5.0/spring-boot-starter-json-3.5.0.jar:/home/dhanush/.m2/repository/com/fasterxml/jackson/datatype/jackson-datatype-jdk8/2.19.0/jackson-datatype-jdk8-2.19.0.jar:/home/dhanush/.m2/repository/org/springframework/boot/spring-boot-starter-tomcat/3.5.0/spring-boot-starter-tomcat-3.5.0.jar:/home/dhanush/.m2/repository/org/apache/tomcat/embed/tomcat-embed-core/10.1.41/tomcat-embed-core-10.1.41.jar:/home/dhanush/.m2/repository/org/apache/tomcat/embed/tomcat-embed-websocket/10.1.41/tomcat-embed-websocket-10.1.41.jar:/home/dhanush/.m2/repository/org/springframework/spring-web/6.2.7/spring-web-6.2.7.jar:/home/dhanush/.m2/repository/org/springframework/spring-webmvc/6.2.7/spring-webmvc-6.2.7.jar:/home/dhanush/.m2/repository/org/springframework/spring-expression/6.2.7/spring-expression-6.2.7.jar:/home/dhanush/.m2/repository/org/springframework/boot/spring-boot-starter-validation/3.5.0/spring-boot-starter-validation-3.5.0.jar:/home/dhanush/.m2/repository/org/apache/tomcat/embed/tomcat-embed-el/10.1.41/tomcat-embed-el-10.1.41.jar:/home/dhanush/.m2/repository/org/hibernate/validator/hibernate-validator/8.0.2.Final/hibernate-validator-8.0.2.Final.jar:/home/dhanush/.m2/repository/jakarta/validation/jakarta.validation-api/3.0.2/jakarta.validation-api-3.0.2.jar:/home/dhanush/.m2/repository/org/springframework/boot/spring-boot-starter-thymeleaf/3.5.0/spring-boot-starter-thymeleaf-3.5.0.jar:/home/dhanush/.m2/repository/org/thymeleaf/thymeleaf-spring6/3.1.3.RELEASE/thymeleaf-spring6-3.1.3.RELEASE.jar:/home/dhanush/.m2/repository/org/thymeleaf/thymeleaf/3.1.3.RELEASE/thymeleaf-3.1.3.RELEASE.jar:/home/dhanush/.m2/repository/org/attoparser/attoparser/2.0.7.RELEASE/attoparser-2.0.7.RELEASE.jar:/home/dhanush/.m2/repository/org/unbescape/unbescape/1.1.6.RELEASE/unbescape-1.1.6.RELEASE.jar:/home/dhanush/.m2/repository/org/springframework/boot/spring-boot-starter-test/3.5.0/spring-boot-starter-test-3.5.0.jar:/home/dhanush/.m2/repository/org/springframework/boot/spring-boot-test/3.5.0/spring-boot-test-3.5.0.jar:/home/dhanush/.m2/repository/org/springframework/boot/spring-boot-test-autoconfigure/3.5.0/spring-boot-test-autoconfigure-3.5.0.jar:/home/dhanush/.m2/repository/com/jayway/jsonpath/json-path/2.9.0/json-path-2.9.0.jar:/home/dhanush/.m2/repository/net/minidev/json-smart/2.5.2/json-smart-2.5.2.jar:/home/dhanush/.m2/repository/net/minidev/accessors-smart/2.5.2/accessors-smart-2.5.2.jar:/home/dhanush/.m2/repository/org/ow2/asm/asm/9.7.1/asm-9.7.1.jar:/home/dhanush/.m2/repository/org/assertj/assertj-core/3.27.3/assertj-core-3.27.3.jar:/home/dhanush/.m2/repository/org/awaitility/awaitility/4.3.0/awaitility-4.3.0.jar:/home/dhanush/.m2/repository/org/hamcrest/hamcrest/3.0/hamcrest-3.0.jar:/home/dhanush/.m2/repository/org/junit/jupiter/junit-jupiter/5.12.2/junit-jupiter-5.12.2.jar:/home/dhanush/.m2/repository/org/junit/jupiter/junit-jupiter-api/5.12.2/junit-jupiter-api-5.12.2.jar:/home/dhanush/.m2/repository/org/opentest4j/opentest4j/1.3.0/opentest4j-1.3.0.jar:/home/dhanush/.m2/repository/org/junit/platform/junit-platform-commons/1.12.2/junit-platform-commons-1.12.2.jar:/home/dhanush/.m2/repository/org/apiguardian/apiguardian-api/1.1.2/apiguardian-api-1.1.2.jar:/home/dhanush/.m2/repository/org/junit/jupiter/junit-jupiter-params/5.12.2/junit-jupiter-params-5.12.2.jar:/home/dhanush/.m2/repository/org/junit/jupiter/junit-jupiter-engine/5.12.2/junit-jupiter-engine-5.12.2.jar:/home/dhanush/.m2/repository/org/junit/platform/junit-platform-engine/1.12.2/junit-platform-engine-1.12.2.jar:/home/dhanush/.m2/repository/org/mockito/mockito-core/5.17.0/mockito-core-5.17.0.jar:/home/dhanush/.m2/repository/net/bytebuddy/byte-buddy-agent/1.17.5/byte-buddy-agent-1.17.5.jar:/home/dhanush/.m2/repository/org/objenesis/objenesis/3.3/objenesis-3.3.jar:/home/dhanush/.m2/repository/org/mockito/mockito-junit-jupiter/5.17.0/mockito-junit-jupiter-5.17.0.jar:/home/dhanush/.m2/repository/org/skyscreamer/jsonassert/1.5.3/jsonassert-1.5.3.jar:/home/dhanush/.m2/repository/com/vaadin/external/google/android-json/0.0.20131108.vaadin1/android-json-0.0.20131108.vaadin1.jar:/home/dhanush/.m2/repository/org/springframework/spring-core/6.2.7/spring-core-6.2.7.jar:/home/dhanush/.m2/repository/org/springframework/spring-jcl/6.2.7/spring-jcl-6.2.7.jar:/home/dhanush/.m2/repository/org/springframework/spring-test/6.2.7/spring-test-6.2.7.jar:/home/dhanush/.m2/repository/org/xmlunit/xmlunit-core/2.10.1/xmlunit-core-2.10.1.jar:/home/dhanush/.m2/repository/com/h2database/h2/2.3.232/h2-2.3.232.jar:/home/dhanush/.m2/repository/com/mysql/mysql-connector-j/9.2.0/mysql-connector-j-9.2.0.jar:/home/dhanush/.m2/repository/org/postgresql/postgresql/42.7.5/postgresql-42.7.5.jar:/home/dhanush/.m2/repository/org/checkerframework/checker-qual/3.48.3/checker-qual-3.48.3.jar:/home/dhanush/.m2/repository/javax/cache/cache-api/1.1.1/cache-api-1.1.1.jar:/home/dhanush/.m2/repository/com/github/ben-manes/caffeine/caffeine/3.2.0/caffeine-3.2.0.jar:/home/dhanush/.m2/repository/org/jspecify/jspecify/1.0.0/jspecify-1.0.0.jar:/home/dhanush/.m2/repository/com/google/errorprone/error_prone_annotations/2.36.0/error_prone_annotations-2.36.0.jar:/home/dhanush/.m2/repository/org/webjars/webjars-locator-lite/1.1.0/webjars-locator-lite-1.1.0.jar:/home/dhanush/.m2/repository/org/webjars/npm/bootstrap/5.3.6/bootstrap-5.3.6.jar:/home/dhanush/.m2/repository/org/webjars/npm/font-awesome/4.7.0/font-awesome-4.7.0.jar:/home/dhanush/.m2/repository/org/springframework/boot/spring-boot-devtools/3.5.0/spring-boot-devtools-3.5.0.jar:/home/dhanush/.m2/repository/org/springframework/boot/spring-boot/3.5.0/spring-boot-3.5.0.jar:/home/dhanush/.m2/repository/org/springframework/boot/spring-boot-autoconfigure/3.5.0/spring-boot-autoconfigure-3.5.0.jar:/home/dhanush/.m2/repository/org/springframework/boot/spring-boot-testcontainers/3.5.0/spring-boot-testcontainers-3.5.0.jar:/home/dhanush/.m2/repository/org/testcontainers/testcontainers/1.21.0/testcontainers-1.21.0.jar:/home/dhanush/.m2/repository/junit/junit/4.13.2/junit-4.13.2.jar:/home/dhanush/.m2/repository/org/hamcrest/hamcrest-core/3.0/hamcrest-core-3.0.jar:/home/dhanush/.m2/repository/org/apache/commons/commons-compress/1.24.0/commons-compress-1.24.0.jar:/home/dhanush/.m2/repository/org/rnorth/duct-tape/duct-tape/1.0.8/duct-tape-1.0.8.jar:/home/dhanush/.m2/repository/org/jetbrains/annotations/17.0.0/annotations-17.0.0.jar:/home/dhanush/.m2/repository/com/github/docker-java/docker-java-api/3.4.2/docker-java-api-3.4.2.jar:/home/dhanush/.m2/repository/com/github/docker-java/docker-java-transport-zerodep/3.4.2/docker-java-transport-zerodep-3.4.2.jar:/home/dhanush/.m2/repository/com/github/docker-java/docker-java-transport/3.4.2/docker-java-transport-3.4.2.jar:/home/dhanush/.m2/repository/net/java/dev/jna/jna/5.13.0/jna-5.13.0.jar:/home/dhanush/.m2/repository/org/springframework/boot/spring-boot-docker-compose/3.5.0/spring-boot-docker-compose-3.5.0.jar:/home/dhanush/.m2/repository/com/fasterxml/jackson/core/jackson-databind/2.19.0/jackson-databind-2.19.0.jar:/home/dhanush/.m2/repository/com/fasterxml/jackson/core/jackson-annotations/2.19.0/jackson-annotations-2.19.0.jar:/home/dhanush/.m2/repository/com/fasterxml/jackson/core/jackson-core/2.19.0/jackson-core-2.19.0.jar:/home/dhanush/.m2/repository/com/fasterxml/jackson/module/jackson-module-parameter-names/2.19.0/jackson-module-parameter-names-2.19.0.jar:/home/dhanush/.m2/repository/org/testcontainers/junit-jupiter/1.21.0/junit-jupiter-1.21.0.jar:/home/dhanush/.m2/repository/org/testcontainers/mysql/1.21.0/mysql-1.21.0.jar:/home/dhanush/.m2/repository/org/testcontainers/jdbc/1.21.0/jdbc-1.21.0.jar:/home/dhanush/.m2/repository/org/testcontainers/database-commons/1.21.0/database-commons-1.21.0.jar:/home/dhanush/.m2/repository/jakarta/xml/bind/jakarta.xml.bind-api/4.0.2/jakarta.xml.bind-api-4.0.2.jar:/home/dhanush/.m2/repository/jakarta/activation/jakarta.activation-api/2.1.3/jakarta.activation-api-2.1.3.jar:"/>
    <property name="sun.cpu.endian" value="little"/>
    <property name="user.home" value="/home/dhanush"/>
    <property name="user.language" value="en"/>
    <property name="git.closest.tag.commit.count" value=""/>
    <property name="java.specification.vendor" value="Oracle Corporation"/>
    <property name="java.version.date" value="2025-04-15"/>
    <property name="java.home" value="/usr/lib/jvm/java-17-openjdk-amd64"/>
    <property name="git.total.commit.count" value="985"/>
    <property name="file.separator" value="/"/>
    <property name="basedir" value="/home/dhanush/DevOps_Projects/Springboot_Project_Advance/spring-petclinic"/>
    <property name="java.vm.compressedOopsMode" value="32-bit"/>
    <property name="line.separator" value="&#10;"/>
    <property name="git.build.user.email" value="siraj_shaik@tecnics.com"/>
    <property name="git.commit.committer.time" value="2025-07-05T16:48:19Z"/>
    <property name="java.specification.name" value="Java Platform API Specification"/>
    <property name="java.vm.specification.vendor" value="Oracle Corporation"/>
    <property name="FILE_LOG_CHARSET" value="UTF-8"/>
    <property name="java.awt.headless" value="true"/>
    <property name="git.tag" value=""/>
    <property name="git.closest.tag.name" value=""/>
    <property name="git.local.branch.ahead" value="0"/>
    <property name="git.build.time" value="2024-11-28T14:37:52Z"/>
    <property name="surefire.real.class.path" value="/home/dhanush/DevOps_Projects/Springboot_Project_Advance/spring-petclinic/target/surefire/surefirebooter-20250805062424243_3.jar"/>
    <property name="git.commit.message.full" value="Maven and Gradle version upgrades&#10;&#10;details:&#10;* Gradle changes:&#10; ** redundant &apos;apply&apos; plugin declarations are removed&#10; ** java &apos;sourceCompatibility&apos; removed in favor of &apos;toolchain&apos;&#10;* Gradle version upgrade: 8.14 --&gt;&gt; 8.14.3&#10;* Maven version upgrade: 3.9.9 --&gt;&gt; 3.9.10&#10;&#10;related links:&#10; * https://docs.gradle.org/8.14.1/release-notes.html&#10; * https://docs.gradle.org/8.14.2/release-notes.html&#10; * https://docs.gradle.org/8.14.3/release-notes.html&#10; * https://maven.apache.org/docs/3.9.10/release-notes.html&#10; * https://committing-crimes.com/articles/2024-10-30-using-gradle-toolchains-properly&#10; * https://docs.gradle.org/8.14.3/userguide/building_java_projects.html#sec:java_cross_compilation&#10;&#10;Signed-off-by: dejan2609 &lt;dejan2609@gmail.com&gt;"/>
    <property name="junit.platform.listeners.uid.tracking.enabled" value="true"/>
    <property name="sun.management.compiler" value="HotSpot 64-Bit Tiered Compilers"/>
    <property name="junit.platform.listeners.uid.tracking.output.dir" value="/home/dhanush/DevOps_Projects/Springboot_Project_Advance/spring-petclinic/target/test-ids"/>
    <property name="java.runtime.version" value="17.0.15+6-Ubuntu-0ubuntu124.04"/>
    <property name="user.name" value="dhanush"/>
    <property name="path.separator" value=":"/>
    <property name="os.version" value="5.15.167.4-microsoft-standard-WSL2"/>
    <property name="java.runtime.name" value="OpenJDK Runtime Environment"/>
    <property name="file.encoding" value="UTF-8"/>
    <property name="jnidispatch.path" value="/home/dhanush/.cache/JNA/temp/jna12298858193315197253.tmp"/>
    <property name="git.commit.user.email" value="dejan2609@gmail.com"/>
    <property name="java.vm.name" value="OpenJDK 64-Bit Server VM"/>
    <property name="jna.platform.library.path" value="/usr/lib/x86_64-linux-gnu:/lib/x86_64-linux-gnu:/usr/lib64:/lib64:/usr/lib:/lib:/usr/lib/wsl/lib"/>
    <property name="git.local.branch.behind" value="0"/>
    <property name="git.dirty" value="false"/>
    <property name="localRepository" value="/home/dhanush/.m2/repository"/>
    <property name="jna.loaded" value="true"/>
    <property name="java.vendor.url.bug" value="https://bugs.launchpad.net/ubuntu/+source/openjdk-17"/>
    <property name="java.io.tmpdir" value="/tmp"/>
    <property name="catalina.home" value="/tmp/tomcat.0.3431464855960461702"/>
    <property name="com.zaxxer.hikari.pool_number" value="2"/>
    <property name="java.version" value="17.0.15"/>
    <property name="user.dir" value="/home/dhanush/DevOps_Projects/Springboot_Project_Advance/spring-petclinic"/>
    <property name="os.arch" value="amd64"/>
    <property name="git.commit.user.name" value="dejan2609"/>
    <property name="git.commit.id.abbrev" value="30aab0a"/>
    <property name="java.vm.specification.name" value="Java Virtual Machine Specification"/>
    <property name="PID" value="1824"/>
    <property name="git.commit.id.describe-short" value="30aab0a"/>
    <property name="CONSOLE_LOG_CHARSET" value="UTF-8"/>
    <property name="git.commit.id.describe" value="30aab0a"/>
    <property name="catalina.base" value="/tmp/tomcat.0.15311723151152614991"/>
    <property name="native.encoding" value="UTF-8"/>
    <property name="java.library.path" value="/usr/java/packages/lib:/usr/lib/x86_64-linux-gnu/jni:/lib/x86_64-linux-gnu:/usr/lib/x86_64-linux-gnu:/usr/lib/jni:/lib:/usr/lib"/>
    <property name="git.commit.message.short" value="Maven and Gradle version upgrades"/>
    <property name="java.vm.info" value="mixed mode, sharing"/>
    <property name="java.vendor" value="Ubuntu"/>
    <property name="java.vm.version" value="17.0.15+6-Ubuntu-0ubuntu124.04"/>
    <property name="java.specification.maintenance.version" value="1"/>
    <property name="sun.io.unicode.encoding" value="UnicodeLittle"/>
    <property name="java.class.version" value="61.0"/>
    <property name="git.commit.time" value="2025-07-05T16:48:19Z"/>
    <property name="git.remote.origin.url" value="https://github.com/spring-projects/spring-petclinic.git"/>
  </properties>
  <testcase name="testFindAll" classname="org.springframework.samples.petclinic.MySqlIntegrationTests" time="0.115">
    <system-out><![CDATA[2025-08-05T06:25:11.975Z  INFO 1824 --- [           main] org.testcontainers.DockerClientFactory   : Testcontainers version: 1.21.0
2025-08-05T06:25:14.093Z  INFO 1824 --- [           main] o.t.d.DockerClientProviderStrategy       : Found Docker environment with local Unix socket (unix:///var/run/docker.sock)
2025-08-05T06:25:14.103Z  INFO 1824 --- [           main] org.testcontainers.DockerClientFactory   : Docker host IP address is localhost
2025-08-05T06:25:14.148Z  INFO 1824 --- [           main] org.testcontainers.DockerClientFactory   : Connected to docker: 
  Server Version: 28.0.1
  API Version: 1.48
  Operating System: Ubuntu 24.04.1 LTS
  Total Memory: 7856 MB
2025-08-05T06:25:14.179Z  INFO 1824 --- [           main] org.testcontainers.images.PullPolicy     : Image pull policy will be performed by: DefaultPullPolicy()
2025-08-05T06:25:14.184Z  INFO 1824 --- [           main] o.t.utility.ImageNameSubstitutor         : Image name substitution will be performed by: DefaultImageNameSubstitutor (composite of 'ConfigurationFileImageNameSubstitutor' and 'PrefixingImageNameSubstitutor')
2025-08-05T06:25:14.320Z  INFO 1824 --- [           main] tc.testcontainers/ryuk:0.11.0            : Pulling docker image: testcontainers/ryuk:0.11.0. Please be patient; this may take some time but only needs to be done once.
2025-08-05T06:25:17.799Z  INFO 1824 --- [eam--1604021351] tc.testcontainers/ryuk:0.11.0            : Starting to pull image
2025-08-05T06:25:17.849Z  INFO 1824 --- [eam--1604021351] tc.testcontainers/ryuk:0.11.0            : Pulling image layers:  0 pending,  0 downloaded,  0 extracted, (0 bytes/0 bytes)
2025-08-05T06:25:22.932Z  INFO 1824 --- [eam--1604021351] tc.testcontainers/ryuk:0.11.0            : Pulling image layers:  2 pending,  1 downloaded,  0 extracted, (4 MB/? MB)
2025-08-05T06:25:23.198Z  INFO 1824 --- [eam--1604021351] tc.testcontainers/ryuk:0.11.0            : Pulling image layers:  2 pending,  1 downloaded,  1 extracted, (5 MB/? MB)
2025-08-05T06:25:23.538Z  INFO 1824 --- [eam--1604021351] tc.testcontainers/ryuk:0.11.0            : Pulling image layers:  2 pending,  1 downloaded,  2 extracted, (6 MB/? MB)
2025-08-05T06:25:25.559Z  INFO 1824 --- [eam--1604021351] tc.testcontainers/ryuk:0.11.0            : Pulling image layers:  1 pending,  2 downloaded,  2 extracted, (10 MB/? MB)
2025-08-05T06:25:25.674Z  INFO 1824 --- [eam--1604021351] tc.testcontainers/ryuk:0.11.0            : Pulling image layers:  1 pending,  2 downloaded,  3 extracted, (10 MB/? MB)
2025-08-05T06:25:25.705Z  INFO 1824 --- [eam--1604021351] tc.testcontainers/ryuk:0.11.0            : Pull complete. 3 layers, pulled in 7s (downloaded 10 MB at 1 MB/s)
2025-08-05T06:25:25.705Z  INFO 1824 --- [           main] tc.testcontainers/ryuk:0.11.0            : Image testcontainers/ryuk:0.11.0 pull took PT11.384568636S
2025-08-05T06:25:25.763Z  INFO 1824 --- [           main] tc.testcontainers/ryuk:0.11.0            : Creating container for image: testcontainers/ryuk:0.11.0
2025-08-05T06:25:26.020Z  INFO 1824 --- [           main] tc.testcontainers/ryuk:0.11.0            : Container testcontainers/ryuk:0.11.0 is starting: 05ca914be487ea983b1c54967832d37e3cc3ae032681086bebdae88cff1863e7
2025-08-05T06:25:26.869Z  INFO 1824 --- [           main] tc.testcontainers/ryuk:0.11.0            : Container testcontainers/ryuk:0.11.0 started in PT1.106272951S
2025-08-05T06:25:26.878Z  INFO 1824 --- [           main] o.t.utility.RyukResourceReaper           : Ryuk started - will monitor and terminate Testcontainers containers on JVM exit
2025-08-05T06:25:26.879Z  INFO 1824 --- [           main] org.testcontainers.DockerClientFactory   : Checking the system...
2025-08-05T06:25:26.880Z  INFO 1824 --- [           main] org.testcontainers.DockerClientFactory   : ✔︎ Docker server version should be at least 1.6.0
2025-08-05T06:25:26.889Z  INFO 1824 --- [           main] t.c.s.AnnotationConfigContextLoaderUtils : Could not detect default configuration classes for test class [org.springframework.samples.petclinic.MySqlIntegrationTests]: MySqlIntegrationTests does not declare any static, non-private, non-final, nested classes annotated with @Configuration.
2025-08-05T06:25:26.905Z  INFO 1824 --- [           main] tc.mysql:9.2                             : Pulling docker image: mysql:9.2. Please be patient; this may take some time but only needs to be done once.
2025-08-05T06:25:30.122Z  INFO 1824 --- [ream--788184880] tc.mysql:9.2                             : Starting to pull image
2025-08-05T06:25:30.124Z  INFO 1824 --- [ream--788184880] tc.mysql:9.2                             : Pulling image layers:  0 pending,  0 downloaded,  0 extracted, (0 bytes/0 bytes)
2025-08-05T06:25:32.562Z  INFO 1824 --- [ream--788184880] tc.mysql:9.2                             : Pulling image layers:  9 pending,  1 downloaded,  0 extracted, (10 KB/? MB)
2025-08-05T06:25:33.528Z  INFO 1824 --- [ream--788184880] tc.mysql:9.2                             : Pulling image layers:  8 pending,  2 downloaded,  0 extracted, (3 MB/? MB)
2025-08-05T06:25:35.322Z  INFO 1824 --- [ream--788184880] tc.mysql:9.2                             : Pulling image layers:  7 pending,  3 downloaded,  0 extracted, (7 MB/? MB)
2025-08-05T06:25:36.426Z  INFO 1824 --- [ream--788184880] tc.mysql:9.2                             : Pulling image layers:  6 pending,  4 downloaded,  0 extracted, (10 MB/? MB)
2025-08-05T06:25:37.369Z  INFO 1824 --- [ream--788184880] tc.mysql:9.2                             : Pulling image layers:  5 pending,  5 downloaded,  0 extracted, (12 MB/? MB)
2025-08-05T06:25:38.532Z  INFO 1824 --- [ream--788184880] tc.mysql:9.2                             : Pulling image layers:  4 pending,  6 downloaded,  0 extracted, (15 MB/? MB)
2025-08-05T06:26:24.078Z  INFO 1824 --- [ream--788184880] tc.mysql:9.2                             : Pulling image layers:  3 pending,  7 downloaded,  0 extracted, (143 MB/? MB)
2025-08-05T06:26:24.106Z  INFO 1824 --- [ream--788184880] tc.mysql:9.2                             : Pulling image layers:  2 pending,  8 downloaded,  0 extracted, (143 MB/? MB)
2025-08-05T06:26:25.375Z  INFO 1824 --- [ream--788184880] tc.mysql:9.2                             : Pulling image layers:  1 pending,  9 downloaded,  0 extracted, (144 MB/? MB)
2025-08-05T06:26:28.086Z  INFO 1824 --- [ream--788184880] tc.mysql:9.2                             : Pulling image layers:  1 pending,  9 downloaded,  1 extracted, (149 MB/? MB)
2025-08-05T06:26:28.130Z  INFO 1824 --- [ream--788184880] tc.mysql:9.2                             : Pulling image layers:  1 pending,  9 downloaded,  2 extracted, (149 MB/? MB)
2025-08-05T06:26:28.211Z  INFO 1824 --- [ream--788184880] tc.mysql:9.2                             : Pulling image layers:  1 pending,  9 downloaded,  3 extracted, (150 MB/? MB)
2025-08-05T06:26:28.896Z  INFO 1824 --- [ream--788184880] tc.mysql:9.2                             : Pulling image layers:  1 pending,  9 downloaded,  4 extracted, (152 MB/? MB)
2025-08-05T06:26:28.943Z  INFO 1824 --- [ream--788184880] tc.mysql:9.2                             : Pulling image layers:  1 pending,  9 downloaded,  5 extracted, (153 MB/? MB)
2025-08-05T06:26:28.980Z  INFO 1824 --- [ream--788184880] tc.mysql:9.2                             : Pulling image layers:  1 pending,  9 downloaded,  6 extracted, (153 MB/? MB)
2025-08-05T06:26:31.933Z  INFO 1824 --- [ream--788184880] tc.mysql:9.2                             : Pulling image layers:  1 pending,  9 downloaded,  7 extracted, (161 MB/? MB)
2025-08-05T06:26:31.969Z  INFO 1824 --- [ream--788184880] tc.mysql:9.2                             : Pulling image layers:  1 pending,  9 downloaded,  8 extracted, (161 MB/? MB)
2025-08-05T06:26:56.110Z  INFO 1824 --- [ream--788184880] tc.mysql:9.2                             : Pulling image layers:  0 pending, 10 downloaded,  8 extracted, (228 MB/229 MB)
2025-08-05T06:27:16.749Z  INFO 1824 --- [ream--788184880] tc.mysql:9.2                             : Pulling image layers:  0 pending, 10 downloaded,  9 extracted, (229 MB/229 MB)
2025-08-05T06:27:16.791Z  INFO 1824 --- [ream--788184880] tc.mysql:9.2                             : Pulling image layers:  0 pending, 10 downloaded, 10 extracted, (229 MB/229 MB)
2025-08-05T06:27:16.824Z  INFO 1824 --- [           main] tc.mysql:9.2                             : Image mysql:9.2 pull took PT1M49.918480426S
2025-08-05T06:27:16.824Z  INFO 1824 --- [ream--788184880] tc.mysql:9.2                             : Pull complete. 10 layers, pulled in 106s (downloaded 229 MB at 2 MB/s)
2025-08-05T06:27:16.878Z  INFO 1824 --- [           main] .b.t.c.SpringBootTestContextBootstrapper : Found @SpringBootConfiguration org.springframework.samples.petclinic.PetClinicApplication for test class org.springframework.samples.petclinic.MySqlIntegrationTests
2025-08-05T06:27:16.908Z  INFO 1824 --- [           main] tc.mysql:9.2                             : Creating container for image: mysql:9.2
2025-08-05T06:27:25.652Z  INFO 1824 --- [           main] tc.mysql:9.2                             : Container mysql:9.2 is starting: 2efa049a3b4c7691dadce21afc8e22535e0cfa428b79b9da537377e0641822b3
2025-08-05T06:27:25.943Z  INFO 1824 --- [           main] tc.mysql:9.2                             : Waiting for database connection to become available at jdbc:mysql://localhost:32769/test using query 'SELECT 1'
2025-08-05T06:27:46.155Z  INFO 1824 --- [           main] tc.mysql:9.2                             : Container mysql:9.2 started in PT29.247349905S
2025-08-05T06:27:46.156Z  INFO 1824 --- [           main] tc.mysql:9.2                             : Container is started (JDBC URL: jdbc:mysql://localhost:32769/test)
2025-08-05T06:27:46.168Z  INFO 1824 --- [           main] o.s.b.d.r.RestartApplicationListener     : Restart disabled due to context in which it is running


              |\      _,,,--,,_
             /,`.-'`'   ._  \-;;,_
  _______ __|,4-  ) )_   .;.(__`'-'__     ___ __    _ ___ _______
 |       | '---''(_/._)-'(_\_)   |   |   |   |  |  | |   |       |
 |    _  |    ___|_     _|       |   |   |   |   |_| |   |       | __ _ _
 |   |_| |   |___  |   | |       |   |   |   |       |   |       | \ \ \ \
 |    ___|    ___| |   | |      _|   |___|   |  _    |   |      _|  \ \ \ \
 |   |   |   |___  |   | |     |_|       |   | | |   |   |     |_    ) ) ) )
 |___|   |_______| |___| |_______|_______|___|_|  |__|___|_______|  / / / /
 ==================================================================/_/_/_/

:: Built with Spring Boot :: 3.5.0


2025-08-05T06:27:46.232Z  INFO 1824 --- [           main] o.s.s.petclinic.MySqlIntegrationTests    : Starting MySqlIntegrationTests using Java 17.0.15 with PID 1824 (started by dhanush in /home/dhanush/DevOps_Projects/Springboot_Project_Advance/spring-petclinic)
2025-08-05T06:27:46.233Z  INFO 1824 --- [           main] o.s.s.petclinic.MySqlIntegrationTests    : The following 1 profile is active: "mysql"
2025-08-05T06:27:47.020Z  INFO 1824 --- [           main] .s.d.r.c.RepositoryConfigurationDelegate : Bootstrapping Spring Data JPA repositories in DEFAULT mode.
2025-08-05T06:27:47.056Z  INFO 1824 --- [           main] .s.d.r.c.RepositoryConfigurationDelegate : Finished Spring Data repository scanning in 33 ms. Found 3 JPA repository interfaces.
2025-08-05T06:27:47.340Z  INFO 1824 --- [           main] o.s.b.w.embedded.tomcat.TomcatWebServer  : Tomcat initialized with port 0 (http)
2025-08-05T06:27:47.342Z  INFO 1824 --- [           main] o.apache.catalina.core.StandardService   : Starting service [Tomcat]
2025-08-05T06:27:47.345Z  INFO 1824 --- [           main] o.apache.catalina.core.StandardEngine    : Starting Servlet engine: [Apache Tomcat/10.1.41]
2025-08-05T06:27:47.388Z  INFO 1824 --- [           main] o.a.c.c.C.[Tomcat-1].[localhost].[/]     : Initializing Spring embedded WebApplicationContext
2025-08-05T06:27:47.388Z  INFO 1824 --- [           main] w.s.c.ServletWebServerApplicationContext : Root WebApplicationContext: initialization completed in 1146 ms
2025-08-05T06:27:47.614Z  INFO 1824 --- [           main] com.zaxxer.hikari.HikariDataSource       : HikariPool-2 - Starting...
2025-08-05T06:27:47.834Z  INFO 1824 --- [           main] com.zaxxer.hikari.pool.HikariPool        : HikariPool-2 - Added connection com.mysql.cj.jdbc.ConnectionImpl@334a6e1d
2025-08-05T06:27:47.835Z  INFO 1824 --- [           main] com.zaxxer.hikari.HikariDataSource       : HikariPool-2 - Start completed.
2025-08-05T06:27:49.029Z  INFO 1824 --- [           main] o.hibernate.jpa.internal.util.LogHelper  : HHH000204: Processing PersistenceUnitInfo [name: default]
2025-08-05T06:27:49.035Z  INFO 1824 --- [           main] o.h.c.internal.RegionFactoryInitiator    : HHH000026: Second-level cache disabled
2025-08-05T06:27:49.057Z  INFO 1824 --- [           main] o.s.o.j.p.SpringPersistenceUnitInfo      : No LoadTimeWeaver setup: ignoring JPA class transformer
2025-08-05T06:27:49.118Z  INFO 1824 --- [           main] org.hibernate.orm.connections.pooling    : HHH10001005: Database info:
	Database JDBC URL [Connecting through datasource 'HikariDataSource (HikariPool-2)']
	Database driver: undefined/unknown
	Database version: 9.2
	Autocommit mode: undefined/unknown
	Isolation level: undefined/unknown
	Minimum pool size: undefined/unknown
	Maximum pool size: undefined/unknown
2025-08-05T06:27:49.405Z  INFO 1824 --- [           main] o.h.e.t.j.p.i.JtaPlatformInitiator       : HHH000489: No JTA platform available (set 'hibernate.transaction.jta.platform' to enable JTA platform integration)
2025-08-05T06:27:49.406Z  INFO 1824 --- [           main] j.LocalContainerEntityManagerFactoryBean : Initialized JPA EntityManagerFactory for persistence unit 'default'
2025-08-05T06:27:49.430Z  INFO 1824 --- [           main] tc.mysql:9.2                             : Creating container for image: mysql:9.2
2025-08-05T06:27:49.655Z  INFO 1824 --- [           main] tc.mysql:9.2                             : Container mysql:9.2 is starting: 4a6077fa146dfa1909cc104fd065dd51cb2e9247e07a66757b12ac41dd7a7fdb
2025-08-05T06:27:50.035Z  INFO 1824 --- [           main] tc.mysql:9.2                             : Waiting for database connection to become available at jdbc:mysql://localhost:32770/test using query 'SELECT 1'
2025-08-05T06:28:11.922Z  INFO 1824 --- [           main] tc.mysql:9.2                             : Container mysql:9.2 started in PT22.492001302S
2025-08-05T06:28:11.925Z  INFO 1824 --- [           main] tc.mysql:9.2                             : Container is started (JDBC URL: jdbc:mysql://localhost:32770/test)
2025-08-05T06:28:12.848Z  INFO 1824 --- [           main] o.s.b.a.e.web.EndpointLinksResolver      : Exposing 13 endpoints beneath base path '/actuator'
2025-08-05T06:28:12.909Z  INFO 1824 --- [           main] o.s.b.w.embedded.tomcat.TomcatWebServer  : Tomcat started on port 44333 (http) with context path '/'
2025-08-05T06:28:12.921Z  INFO 1824 --- [           main] o.s.s.petclinic.MySqlIntegrationTests    : Started MySqlIntegrationTests in 26.754 seconds (process running for 228.61)
]]></system-out>
  </testcase>
  <testcase name="testOwnerDetails" classname="org.springframework.samples.petclinic.MySqlIntegrationTests" time="0.115">
    <system-out><![CDATA[2025-08-05T06:28:13.064Z  INFO 1824 --- [o-auto-2-exec-1] o.a.c.c.C.[Tomcat-1].[localhost].[/]     : Initializing Spring DispatcherServlet 'dispatcherServlet'
2025-08-05T06:28:13.064Z  INFO 1824 --- [o-auto-2-exec-1] o.s.web.servlet.DispatcherServlet        : Initializing Servlet 'dispatcherServlet'
2025-08-05T06:28:13.065Z  INFO 1824 --- [o-auto-2-exec-1] o.s.web.servlet.DispatcherServlet        : Completed initialization in 1 ms
]]></system-out>
  </testcase>
</testsuite>