<?xml version="1.0" encoding="UTF-8"?>
<testsuite xmlns:xsi="http://www.w3.org/2001/XMLSchema-instance" xsi:noNamespaceSchemaLocation="https://maven.apache.org/surefire/maven-surefire-plugin/xsd/surefire-test-report.xsd" version="3.0.2" name="org.springframework.samples.petclinic.PostgresIntegrationTests" time="80.851" tests="2" errors="0" skipped="0" failures="0">
  <properties>
    <property name="git.tags" value=""/>
    <property name="java.specification.version" value="17"/>
    <property name="sun.jnu.encoding" value="UTF-8"/>
    <property name="git.build.version" value="3.5.0-SNAPSHOT"/>
    <property name="java.class.path" value="/home/dhanush/DevOps_Projects/Springboot_Project_Advance/spring-petclinic/target/test-classes:/home/dhanush/DevOps_Projects/Springboot_Project_Advance/spring-petclinic/target/classes:/home/dhanush/.m2/repository/org/springframework/boot/spring-boot-starter-actuator/3.5.0/spring-boot-starter-actuator-3.5.0.jar:/home/dhanush/.m2/repository/org/springframework/boot/spring-boot-starter/3.5.0/spring-boot-starter-3.5.0.jar:/home/dhanush/.m2/repository/org/springframework/boot/spring-boot-starter-logging/3.5.0/spring-boot-starter-logging-3.5.0.jar:/home/dhanush/.m2/repository/ch/qos/logback/logback-classic/1.5.18/logback-classic-1.5.18.jar:/home/dhanush/.m2/repository/ch/qos/logback/logback-core/1.5.18/logback-core-1.5.18.jar:/home/dhanush/.m2/repository/org/apache/logging/log4j/log4j-to-slf4j/2.24.3/log4j-to-slf4j-2.24.3.jar:/home/dhanush/.m2/repository/org/apache/logging/log4j/log4j-api/2.24.3/log4j-api-2.24.3.jar:/home/dhanush/.m2/repository/org/slf4j/jul-to-slf4j/2.0.17/jul-to-slf4j-2.0.17.jar:/home/dhanush/.m2/repository/jakarta/annotation/jakarta.annotation-api/2.1.1/jakarta.annotation-api-2.1.1.jar:/home/dhanush/.m2/repository/org/yaml/snakeyaml/2.4/snakeyaml-2.4.jar:/home/dhanush/.m2/repository/org/springframework/boot/spring-boot-actuator-autoconfigure/3.5.0/spring-boot-actuator-autoconfigure-3.5.0.jar:/home/dhanush/.m2/repository/org/springframework/boot/spring-boot-actuator/3.5.0/spring-boot-actuator-3.5.0.jar:/home/dhanush/.m2/repository/com/fasterxml/jackson/datatype/jackson-datatype-jsr310/2.19.0/jackson-datatype-jsr310-2.19.0.jar:/home/dhanush/.m2/repository/io/micrometer/micrometer-observation/1.15.0/micrometer-observation-1.15.0.jar:/home/dhanush/.m2/repository/io/micrometer/micrometer-commons/1.15.0/micrometer-commons-1.15.0.jar:/home/dhanush/.m2/repository/io/micrometer/micrometer-jakarta9/1.15.0/micrometer-jakarta9-1.15.0.jar:/home/dhanush/.m2/repository/io/micrometer/micrometer-core/1.15.0/micrometer-core-1.15.0.jar:/home/dhanush/.m2/repository/org/hdrhistogram/HdrHistogram/2.2.2/HdrHistogram-2.2.2.jar:/home/dhanush/.m2/repository/org/latencyutils/LatencyUtils/2.0.3/LatencyUtils-2.0.3.jar:/home/dhanush/.m2/repository/org/springframework/boot/spring-boot-starter-cache/3.5.0/spring-boot-starter-cache-3.5.0.jar:/home/dhanush/.m2/repository/org/springframework/spring-context-support/6.2.7/spring-context-support-6.2.7.jar:/home/dhanush/.m2/repository/org/springframework/spring-beans/6.2.7/spring-beans-6.2.7.jar:/home/dhanush/.m2/repository/org/springframework/spring-context/6.2.7/spring-context-6.2.7.jar:/home/dhanush/.m2/repository/org/springframework/boot/spring-boot-starter-data-jpa/3.5.0/spring-boot-starter-data-jpa-3.5.0.jar:/home/dhanush/.m2/repository/org/springframework/boot/spring-boot-starter-jdbc/3.5.0/spring-boot-starter-jdbc-3.5.0.jar:/home/dhanush/.m2/repository/com/zaxxer/HikariCP/6.3.0/HikariCP-6.3.0.jar:/home/dhanush/.m2/repository/org/springframework/spring-jdbc/6.2.7/spring-jdbc-6.2.7.jar:/home/dhanush/.m2/repository/org/hibernate/orm/hibernate-core/6.6.15.Final/hibernate-core-6.6.15.Final.jar:/home/dhanush/.m2/repository/jakarta/persistence/jakarta.persistence-api/3.1.0/jakarta.persistence-api-3.1.0.jar:/home/dhanush/.m2/repository/jakarta/transaction/jakarta.transaction-api/2.0.1/jakarta.transaction-api-2.0.1.jar:/home/dhanush/.m2/repository/org/jboss/logging/jboss-logging/3.6.1.Final/jboss-logging-3.6.1.Final.jar:/home/dhanush/.m2/repository/org/hibernate/common/hibernate-commons-annotations/7.0.3.Final/hibernate-commons-annotations-7.0.3.Final.jar:/home/dhanush/.m2/repository/io/smallrye/jandex/3.2.0/jandex-3.2.0.jar:/home/dhanush/.m2/repository/com/fasterxml/classmate/1.7.0/classmate-1.7.0.jar:/home/dhanush/.m2/repository/net/bytebuddy/byte-buddy/1.17.5/byte-buddy-1.17.5.jar:/home/dhanush/.m2/repository/org/glassfish/jaxb/jaxb-runtime/4.0.5/jaxb-runtime-4.0.5.jar:/home/dhanush/.m2/repository/org/glassfish/jaxb/jaxb-core/4.0.5/jaxb-core-4.0.5.jar:/home/dhanush/.m2/repository/org/eclipse/angus/angus-activation/2.0.2/angus-activation-2.0.2.jar:/home/dhanush/.m2/repository/org/glassfish/jaxb/txw2/4.0.5/txw2-4.0.5.jar:/home/dhanush/.m2/repository/com/sun/istack/istack-commons-runtime/4.1.2/istack-commons-runtime-4.1.2.jar:/home/dhanush/.m2/repository/jakarta/inject/jakarta.inject-api/2.0.1/jakarta.inject-api-2.0.1.jar:/home/dhanush/.m2/repository/org/antlr/antlr4-runtime/4.13.0/antlr4-runtime-4.13.0.jar:/home/dhanush/.m2/repository/org/springframework/data/spring-data-jpa/3.5.0/spring-data-jpa-3.5.0.jar:/home/dhanush/.m2/repository/org/springframework/data/spring-data-commons/3.5.0/spring-data-commons-3.5.0.jar:/home/dhanush/.m2/repository/org/springframework/spring-orm/6.2.7/spring-orm-6.2.7.jar:/home/dhanush/.m2/repository/org/springframework/spring-aop/6.2.7/spring-aop-6.2.7.jar:/home/dhanush/.m2/repository/org/springframework/spring-tx/6.2.7/spring-tx-6.2.7.jar:/home/dhanush/.m2/repository/org/slf4j/slf4j-api/2.0.17/slf4j-api-2.0.17.jar:/home/dhanush/.m2/repository/org/springframework/spring-aspects/6.2.7/spring-aspects-6.2.7.jar:/home/dhanush/.m2/repository/org/aspectj/aspectjweaver/1.9.24/aspectjweaver-1.9.24.jar:/home/dhanush/.m2/repository/org/springframework/boot/spring-boot-starter-web/3.5.0/spring-boot-starter-web-3.5.0.jar:/home/dhanush/.m2/repository/org/springframework/boot/spring-boot-starter-json/3.5.0/spring-boot-starter-json-3.5.0.jar:/home/dhanush/.m2/repository/com/fasterxml/jackson/datatype/jackson-datatype-jdk8/2.19.0/jackson-datatype-jdk8-2.19.0.jar:/home/dhanush/.m2/repository/org/springframework/boot/spring-boot-starter-tomcat/3.5.0/spring-boot-starter-tomcat-3.5.0.jar:/home/dhanush/.m2/repository/org/apache/tomcat/embed/tomcat-embed-core/10.1.41/tomcat-embed-core-10.1.41.jar:/home/dhanush/.m2/repository/org/apache/tomcat/embed/tomcat-embed-websocket/10.1.41/tomcat-embed-websocket-10.1.41.jar:/home/dhanush/.m2/repository/org/springframework/spring-web/6.2.7/spring-web-6.2.7.jar:/home/dhanush/.m2/repository/org/springframework/spring-webmvc/6.2.7/spring-webmvc-6.2.7.jar:/home/dhanush/.m2/repository/org/springframework/spring-expression/6.2.7/spring-expression-6.2.7.jar:/home/dhanush/.m2/repository/org/springframework/boot/spring-boot-starter-validation/3.5.0/spring-boot-starter-validation-3.5.0.jar:/home/dhanush/.m2/repository/org/apache/tomcat/embed/tomcat-embed-el/10.1.41/tomcat-embed-el-10.1.41.jar:/home/dhanush/.m2/repository/org/hibernate/validator/hibernate-validator/8.0.2.Final/hibernate-validator-8.0.2.Final.jar:/home/dhanush/.m2/repository/jakarta/validation/jakarta.validation-api/3.0.2/jakarta.validation-api-3.0.2.jar:/home/dhanush/.m2/repository/org/springframework/boot/spring-boot-starter-thymeleaf/3.5.0/spring-boot-starter-thymeleaf-3.5.0.jar:/home/dhanush/.m2/repository/org/thymeleaf/thymeleaf-spring6/3.1.3.RELEASE/thymeleaf-spring6-3.1.3.RELEASE.jar:/home/dhanush/.m2/repository/org/thymeleaf/thymeleaf/3.1.3.RELEASE/thymeleaf-3.1.3.RELEASE.jar:/home/dhanush/.m2/repository/org/attoparser/attoparser/2.0.7.RELEASE/attoparser-2.0.7.RELEASE.jar:/home/dhanush/.m2/repository/org/unbescape/unbescape/1.1.6.RELEASE/unbescape-1.1.6.RELEASE.jar:/home/dhanush/.m2/repository/org/springframework/boot/spring-boot-starter-test/3.5.0/spring-boot-starter-test-3.5.0.jar:/home/dhanush/.m2/repository/org/springframework/boot/spring-boot-test/3.5.0/spring-boot-test-3.5.0.jar:/home/dhanush/.m2/repository/org/springframework/boot/spring-boot-test-autoconfigure/3.5.0/spring-boot-test-autoconfigure-3.5.0.jar:/home/dhanush/.m2/repository/com/jayway/jsonpath/json-path/2.9.0/json-path-2.9.0.jar:/home/dhanush/.m2/repository/net/minidev/json-smart/2.5.2/json-smart-2.5.2.jar:/home/dhanush/.m2/repository/net/minidev/accessors-smart/2.5.2/accessors-smart-2.5.2.jar:/home/dhanush/.m2/repository/org/ow2/asm/asm/9.7.1/asm-9.7.1.jar:/home/dhanush/.m2/repository/org/assertj/assertj-core/3.27.3/assertj-core-3.27.3.jar:/home/dhanush/.m2/repository/org/awaitility/awaitility/4.3.0/awaitility-4.3.0.jar:/home/dhanush/.m2/repository/org/hamcrest/hamcrest/3.0/hamcrest-3.0.jar:/home/dhanush/.m2/repository/org/junit/jupiter/junit-jupiter/5.12.2/junit-jupiter-5.12.2.jar:/home/dhanush/.m2/repository/org/junit/jupiter/junit-jupiter-api/5.12.2/junit-jupiter-api-5.12.2.jar:/home/dhanush/.m2/repository/org/opentest4j/opentest4j/1.3.0/opentest4j-1.3.0.jar:/home/dhanush/.m2/repository/org/junit/platform/junit-platform-commons/1.12.2/junit-platform-commons-1.12.2.jar:/home/dhanush/.m2/repository/org/apiguardian/apiguardian-api/1.1.2/apiguardian-api-1.1.2.jar:/home/dhanush/.m2/repository/org/junit/jupiter/junit-jupiter-params/5.12.2/junit-jupiter-params-5.12.2.jar:/home/dhanush/.m2/repository/org/junit/jupiter/junit-jupiter-engine/5.12.2/junit-jupiter-engine-5.12.2.jar:/home/dhanush/.m2/repository/org/junit/platform/junit-platform-engine/1.12.2/junit-platform-engine-1.12.2.jar:/home/dhanush/.m2/repository/org/mockito/mockito-core/5.17.0/mockito-core-5.17.0.jar:/home/dhanush/.m2/repository/net/bytebuddy/byte-buddy-agent/1.17.5/byte-buddy-agent-1.17.5.jar:/home/dhanush/.m2/repository/org/objenesis/objenesis/3.3/objenesis-3.3.jar:/home/dhanush/.m2/repository/org/mockito/mockito-junit-jupiter/5.17.0/mockito-junit-jupiter-5.17.0.jar:/home/dhanush/.m2/repository/org/skyscreamer/jsonassert/1.5.3/jsonassert-1.5.3.jar:/home/dhanush/.m2/repository/com/vaadin/external/google/android-json/0.0.20131108.vaadin1/android-json-0.0.20131108.vaadin1.jar:/home/dhanush/.m2/repository/org/springframework/spring-core/6.2.7/spring-core-6.2.7.jar:/home/dhanush/.m2/repository/org/springframework/spring-jcl/6.2.7/spring-jcl-6.2.7.jar:/home/dhanush/.m2/repository/org/springframework/spring-test/6.2.7/spring-test-6.2.7.jar:/home/dhanush/.m2/repository/org/xmlunit/xmlunit-core/2.10.1/xmlunit-core-2.10.1.jar:/home/dhanush/.m2/repository/com/h2database/h2/2.3.232/h2-2.3.232.jar:/home/dhanush/.m2/repository/com/mysql/mysql-connector-j/9.2.0/mysql-connector-j-9.2.0.jar:/home/dhanush/.m2/repository/org/postgresql/postgresql/42.7.5/postgresql-42.7.5.jar:/home/dhanush/.m2/repository/org/checkerframework/checker-qual/3.48.3/checker-qual-3.48.3.jar:/home/dhanush/.m2/repository/javax/cache/cache-api/1.1.1/cache-api-1.1.1.jar:/home/dhanush/.m2/repository/com/github/ben-manes/caffeine/caffeine/3.2.0/caffeine-3.2.0.jar:/home/dhanush/.m2/repository/org/jspecify/jspecify/1.0.0/jspecify-1.0.0.jar:/home/dhanush/.m2/repository/com/google/errorprone/error_prone_annotations/2.36.0/error_prone_annotations-2.36.0.jar:/home/dhanush/.m2/repository/org/webjars/webjars-locator-lite/1.1.0/webjars-locator-lite-1.1.0.jar:/home/dhanush/.m2/repository/org/webjars/npm/bootstrap/5.3.6/bootstrap-5.3.6.jar:/home/dhanush/.m2/repository/org/webjars/npm/font-awesome/4.7.0/font-awesome-4.7.0.jar:/home/dhanush/.m2/repository/org/springframework/boot/spring-boot-devtools/3.5.0/spring-boot-devtools-3.5.0.jar:/home/dhanush/.m2/repository/org/springframework/boot/spring-boot/3.5.0/spring-boot-3.5.0.jar:/home/dhanush/.m2/repository/org/springframework/boot/spring-boot-autoconfigure/3.5.0/spring-boot-autoconfigure-3.5.0.jar:/home/dhanush/.m2/repository/org/springframework/boot/spring-boot-testcontainers/3.5.0/spring-boot-testcontainers-3.5.0.jar:/home/dhanush/.m2/repository/org/testcontainers/testcontainers/1.21.0/testcontainers-1.21.0.jar:/home/dhanush/.m2/repository/junit/junit/4.13.2/junit-4.13.2.jar:/home/dhanush/.m2/repository/org/hamcrest/hamcrest-core/3.0/hamcrest-core-3.0.jar:/home/dhanush/.m2/repository/org/apache/commons/commons-compress/1.24.0/commons-compress-1.24.0.jar:/home/dhanush/.m2/repository/org/rnorth/duct-tape/duct-tape/1.0.8/duct-tape-1.0.8.jar:/home/dhanush/.m2/repository/org/jetbrains/annotations/17.0.0/annotations-17.0.0.jar:/home/dhanush/.m2/repository/com/github/docker-java/docker-java-api/3.4.2/docker-java-api-3.4.2.jar:/home/dhanush/.m2/repository/com/github/docker-java/docker-java-transport-zerodep/3.4.2/docker-java-transport-zerodep-3.4.2.jar:/home/dhanush/.m2/repository/com/github/docker-java/docker-java-transport/3.4.2/docker-java-transport-3.4.2.jar:/home/dhanush/.m2/repository/net/java/dev/jna/jna/5.13.0/jna-5.13.0.jar:/home/dhanush/.m2/repository/org/springframework/boot/spring-boot-docker-compose/3.5.0/spring-boot-docker-compose-3.5.0.jar:/home/dhanush/.m2/repository/com/fasterxml/jackson/core/jackson-databind/2.19.0/jackson-databind-2.19.0.jar:/home/dhanush/.m2/repository/com/fasterxml/jackson/core/jackson-annotations/2.19.0/jackson-annotations-2.19.0.jar:/home/dhanush/.m2/repository/com/fasterxml/jackson/core/jackson-core/2.19.0/jackson-core-2.19.0.jar:/home/dhanush/.m2/repository/com/fasterxml/jackson/module/jackson-module-parameter-names/2.19.0/jackson-module-parameter-names-2.19.0.jar:/home/dhanush/.m2/repository/org/testcontainers/junit-jupiter/1.21.0/junit-jupiter-1.21.0.jar:/home/dhanush/.m2/repository/org/testcontainers/mysql/1.21.0/mysql-1.21.0.jar:/home/dhanush/.m2/repository/org/testcontainers/jdbc/1.21.0/jdbc-1.21.0.jar:/home/dhanush/.m2/repository/org/testcontainers/database-commons/1.21.0/database-commons-1.21.0.jar:/home/dhanush/.m2/repository/jakarta/xml/bind/jakarta.xml.bind-api/4.0.2/jakarta.xml.bind-api-4.0.2.jar:/home/dhanush/.m2/repository/jakarta/activation/jakarta.activation-api/2.1.3/jakarta.activation-api-2.1.3.jar:"/>
    <property name="git.branch" value="main"/>
    <property name="git.build.host" value="GDCIT-LAPT325"/>
    <property name="java.vm.vendor" value="Ubuntu"/>
    <property name="sun.arch.data.model" value="64"/>
    <property name="git.commit.id" value="30aab0ae764ad845b5eedd76028756835fec771f"/>
    <property name="java.vendor.url" value="https://ubuntu.com/"/>
    <property name="catalina.useNaming" value="false"/>
    <property name="user.timezone" value="Etc/UTC"/>
    <property name="org.jboss.logging.provider" value="slf4j"/>
    <property name="java.vm.specification.version" value="17"/>
    <property name="os.name" value="Linux"/>
    <property name="git.commit.author.time" value="2025-07-04T15:28:34Z"/>
    <property name="sun.java.launcher" value="SUN_STANDARD"/>
    <property name="git.build.user.name" value="Siraj Shaik"/>
    <property name="sun.boot.library.path" value="/usr/lib/jvm/java-17-openjdk-amd64/lib"/>
    <property name="sun.java.command" value="/home/dhanush/DevOps_Projects/Springboot_Project_Advance/spring-petclinic/target/surefire/surefirebooter-20250805062424243_3.jar /home/dhanush/DevOps_Projects/Springboot_Project_Advance/spring-petclinic/target/surefire 2025-08-05T06-24-18_453-jvmRun1 surefire-20250805062424243_1tmp surefire_0-20250805062424243_2tmp"/>
    <property name="jdk.debug" value="release"/>
    <property name="surefire.test.class.path" value="/home/dhanush/DevOps_Projects/Springboot_Project_Advance/spring-petclinic/target/test-classes:/home/dhanush/DevOps_Projects/Springboot_Project_Advance/spring-petclinic/target/classes:/home/dhanush/.m2/repository/org/springframework/boot/spring-boot-starter-actuator/3.5.0/spring-boot-starter-actuator-3.5.0.jar:/home/dhanush/.m2/repository/org/springframework/boot/spring-boot-starter/3.5.0/spring-boot-starter-3.5.0.jar:/home/dhanush/.m2/repository/org/springframework/boot/spring-boot-starter-logging/3.5.0/spring-boot-starter-logging-3.5.0.jar:/home/dhanush/.m2/repository/ch/qos/logback/logback-classic/1.5.18/logback-classic-1.5.18.jar:/home/dhanush/.m2/repository/ch/qos/logback/logback-core/1.5.18/logback-core-1.5.18.jar:/home/dhanush/.m2/repository/org/apache/logging/log4j/log4j-to-slf4j/2.24.3/log4j-to-slf4j-2.24.3.jar:/home/dhanush/.m2/repository/org/apache/logging/log4j/log4j-api/2.24.3/log4j-api-2.24.3.jar:/home/dhanush/.m2/repository/org/slf4j/jul-to-slf4j/2.0.17/jul-to-slf4j-2.0.17.jar:/home/dhanush/.m2/repository/jakarta/annotation/jakarta.annotation-api/2.1.1/jakarta.annotation-api-2.1.1.jar:/home/dhanush/.m2/repository/org/yaml/snakeyaml/2.4/snakeyaml-2.4.jar:/home/dhanush/.m2/repository/org/springframework/boot/spring-boot-actuator-autoconfigure/3.5.0/spring-boot-actuator-autoconfigure-3.5.0.jar:/home/dhanush/.m2/repository/org/springframework/boot/spring-boot-actuator/3.5.0/spring-boot-actuator-3.5.0.jar:/home/dhanush/.m2/repository/com/fasterxml/jackson/datatype/jackson-datatype-jsr310/2.19.0/jackson-datatype-jsr310-2.19.0.jar:/home/dhanush/.m2/repository/io/micrometer/micrometer-observation/1.15.0/micrometer-observation-1.15.0.jar:/home/dhanush/.m2/repository/io/micrometer/micrometer-commons/1.15.0/micrometer-commons-1.15.0.jar:/home/dhanush/.m2/repository/io/micrometer/micrometer-jakarta9/1.15.0/micrometer-jakarta9-1.15.0.jar:/home/dhanush/.m2/repository/io/micrometer/micrometer-core/1.15.0/micrometer-core-1.15.0.jar:/home/dhanush/.m2/repository/org/hdrhistogram/HdrHistogram/2.2.2/HdrHistogram-2.2.2.jar:/home/dhanush/.m2/repository/org/latencyutils/LatencyUtils/2.0.3/LatencyUtils-2.0.3.jar:/home/dhanush/.m2/repository/org/springframework/boot/spring-boot-starter-cache/3.5.0/spring-boot-starter-cache-3.5.0.jar:/home/dhanush/.m2/repository/org/springframework/spring-context-support/6.2.7/spring-context-support-6.2.7.jar:/home/dhanush/.m2/repository/org/springframework/spring-beans/6.2.7/spring-beans-6.2.7.jar:/home/dhanush/.m2/repository/org/springframework/spring-context/6.2.7/spring-context-6.2.7.jar:/home/dhanush/.m2/repository/org/springframework/boot/spring-boot-starter-data-jpa/3.5.0/spring-boot-starter-data-jpa-3.5.0.jar:/home/dhanush/.m2/repository/org/springframework/boot/spring-boot-starter-jdbc/3.5.0/spring-boot-starter-jdbc-3.5.0.jar:/home/dhanush/.m2/repository/com/zaxxer/HikariCP/6.3.0/HikariCP-6.3.0.jar:/home/dhanush/.m2/repository/org/springframework/spring-jdbc/6.2.7/spring-jdbc-6.2.7.jar:/home/dhanush/.m2/repository/org/hibernate/orm/hibernate-core/6.6.15.Final/hibernate-core-6.6.15.Final.jar:/home/dhanush/.m2/repository/jakarta/persistence/jakarta.persistence-api/3.1.0/jakarta.persistence-api-3.1.0.jar:/home/dhanush/.m2/repository/jakarta/transaction/jakarta.transaction-api/2.0.1/jakarta.transaction-api-2.0.1.jar:/home/dhanush/.m2/repository/org/jboss/logging/jboss-logging/3.6.1.Final/jboss-logging-3.6.1.Final.jar:/home/dhanush/.m2/repository/org/hibernate/common/hibernate-commons-annotations/7.0.3.Final/hibernate-commons-annotations-7.0.3.Final.jar:/home/dhanush/.m2/repository/io/smallrye/jandex/3.2.0/jandex-3.2.0.jar:/home/dhanush/.m2/repository/com/fasterxml/classmate/1.7.0/classmate-1.7.0.jar:/home/dhanush/.m2/repository/net/bytebuddy/byte-buddy/1.17.5/byte-buddy-1.17.5.jar:/home/dhanush/.m2/repository/org/glassfish/jaxb/jaxb-runtime/4.0.5/jaxb-runtime-4.0.5.jar:/home/dhanush/.m2/repository/org/glassfish/jaxb/jaxb-core/4.0.5/jaxb-core-4.0.5.jar:/home/dhanush/.m2/repository/org/eclipse/angus/angus-activation/2.0.2/angus-activation-2.0.2.jar:/home/dhanush/.m2/repository/org/glassfish/jaxb/txw2/4.0.5/txw2-4.0.5.jar:/home/dhanush/.m2/repository/com/sun/istack/istack-commons-runtime/4.1.2/istack-commons-runtime-4.1.2.jar:/home/dhanush/.m2/repository/jakarta/inject/jakarta.inject-api/2.0.1/jakarta.inject-api-2.0.1.jar:/home/dhanush/.m2/repository/org/antlr/antlr4-runtime/4.13.0/antlr4-runtime-4.13.0.jar:/home/dhanush/.m2/repository/org/springframework/data/spring-data-jpa/3.5.0/spring-data-jpa-3.5.0.jar:/home/dhanush/.m2/repository/org/springframework/data/spring-data-commons/3.5.0/spring-data-commons-3.5.0.jar:/home/dhanush/.m2/repository/org/springframework/spring-orm/6.2.7/spring-orm-6.2.7.jar:/home/dhanush/.m2/repository/org/springframework/spring-aop/6.2.7/spring-aop-6.2.7.jar:/home/dhanush/.m2/repository/org/springframework/spring-tx/6.2.7/spring-tx-6.2.7.jar:/home/dhanush/.m2/repository/org/slf4j/slf4j-api/2.0.17/slf4j-api-2.0.17.jar:/home/dhanush/.m2/repository/org/springframework/spring-aspects/6.2.7/spring-aspects-6.2.7.jar:/home/dhanush/.m2/repository/org/aspectj/aspectjweaver/1.9.24/aspectjweaver-1.9.24.jar:/home/dhanush/.m2/repository/org/springframework/boot/spring-boot-starter-web/3.5.0/spring-boot-starter-web-3.5.0.jar:/home/dhanush/.m2/repository/org/springframework/boot/spring-boot-starter-json/3.5.0/spring-boot-starter-json-3.5.0.jar:/home/dhanush/.m2/repository/com/fasterxml/jackson/datatype/jackson-datatype-jdk8/2.19.0/jackson-datatype-jdk8-2.19.0.jar:/home/dhanush/.m2/repository/org/springframework/boot/spring-boot-starter-tomcat/3.5.0/spring-boot-starter-tomcat-3.5.0.jar:/home/dhanush/.m2/repository/org/apache/tomcat/embed/tomcat-embed-core/10.1.41/tomcat-embed-core-10.1.41.jar:/home/dhanush/.m2/repository/org/apache/tomcat/embed/tomcat-embed-websocket/10.1.41/tomcat-embed-websocket-10.1.41.jar:/home/dhanush/.m2/repository/org/springframework/spring-web/6.2.7/spring-web-6.2.7.jar:/home/dhanush/.m2/repository/org/springframework/spring-webmvc/6.2.7/spring-webmvc-6.2.7.jar:/home/dhanush/.m2/repository/org/springframework/spring-expression/6.2.7/spring-expression-6.2.7.jar:/home/dhanush/.m2/repository/org/springframework/boot/spring-boot-starter-validation/3.5.0/spring-boot-starter-validation-3.5.0.jar:/home/dhanush/.m2/repository/org/apache/tomcat/embed/tomcat-embed-el/10.1.41/tomcat-embed-el-10.1.41.jar:/home/dhanush/.m2/repository/org/hibernate/validator/hibernate-validator/8.0.2.Final/hibernate-validator-8.0.2.Final.jar:/home/dhanush/.m2/repository/jakarta/validation/jakarta.validation-api/3.0.2/jakarta.validation-api-3.0.2.jar:/home/dhanush/.m2/repository/org/springframework/boot/spring-boot-starter-thymeleaf/3.5.0/spring-boot-starter-thymeleaf-3.5.0.jar:/home/dhanush/.m2/repository/org/thymeleaf/thymeleaf-spring6/3.1.3.RELEASE/thymeleaf-spring6-3.1.3.RELEASE.jar:/home/dhanush/.m2/repository/org/thymeleaf/thymeleaf/3.1.3.RELEASE/thymeleaf-3.1.3.RELEASE.jar:/home/dhanush/.m2/repository/org/attoparser/attoparser/2.0.7.RELEASE/attoparser-2.0.7.RELEASE.jar:/home/dhanush/.m2/repository/org/unbescape/unbescape/1.1.6.RELEASE/unbescape-1.1.6.RELEASE.jar:/home/dhanush/.m2/repository/org/springframework/boot/spring-boot-starter-test/3.5.0/spring-boot-starter-test-3.5.0.jar:/home/dhanush/.m2/repository/org/springframework/boot/spring-boot-test/3.5.0/spring-boot-test-3.5.0.jar:/home/dhanush/.m2/repository/org/springframework/boot/spring-boot-test-autoconfigure/3.5.0/spring-boot-test-autoconfigure-3.5.0.jar:/home/dhanush/.m2/repository/com/jayway/jsonpath/json-path/2.9.0/json-path-2.9.0.jar:/home/dhanush/.m2/repository/net/minidev/json-smart/2.5.2/json-smart-2.5.2.jar:/home/dhanush/.m2/repository/net/minidev/accessors-smart/2.5.2/accessors-smart-2.5.2.jar:/home/dhanush/.m2/repository/org/ow2/asm/asm/9.7.1/asm-9.7.1.jar:/home/dhanush/.m2/repository/org/assertj/assertj-core/3.27.3/assertj-core-3.27.3.jar:/home/dhanush/.m2/repository/org/awaitility/awaitility/4.3.0/awaitility-4.3.0.jar:/home/dhanush/.m2/repository/org/hamcrest/hamcrest/3.0/hamcrest-3.0.jar:/home/dhanush/.m2/repository/org/junit/jupiter/junit-jupiter/5.12.2/junit-jupiter-5.12.2.jar:/home/dhanush/.m2/repository/org/junit/jupiter/junit-jupiter-api/5.12.2/junit-jupiter-api-5.12.2.jar:/home/dhanush/.m2/repository/org/opentest4j/opentest4j/1.3.0/opentest4j-1.3.0.jar:/home/dhanush/.m2/repository/org/junit/platform/junit-platform-commons/1.12.2/junit-platform-commons-1.12.2.jar:/home/dhanush/.m2/repository/org/apiguardian/apiguardian-api/1.1.2/apiguardian-api-1.1.2.jar:/home/dhanush/.m2/repository/org/junit/jupiter/junit-jupiter-params/5.12.2/junit-jupiter-params-5.12.2.jar:/home/dhanush/.m2/repository/org/junit/jupiter/junit-jupiter-engine/5.12.2/junit-jupiter-engine-5.12.2.jar:/home/dhanush/.m2/repository/org/junit/platform/junit-platform-engine/1.12.2/junit-platform-engine-1.12.2.jar:/home/dhanush/.m2/repository/org/mockito/mockito-core/5.17.0/mockito-core-5.17.0.jar:/home/dhanush/.m2/repository/net/bytebuddy/byte-buddy-agent/1.17.5/byte-buddy-agent-1.17.5.jar:/home/dhanush/.m2/repository/org/objenesis/objenesis/3.3/objenesis-3.3.jar:/home/dhanush/.m2/repository/org/mockito/mockito-junit-jupiter/5.17.0/mockito-junit-jupiter-5.17.0.jar:/home/dhanush/.m2/repository/org/skyscreamer/jsonassert/1.5.3/jsonassert-1.5.3.jar:/home/dhanush/.m2/repository/com/vaadin/external/google/android-json/0.0.20131108.vaadin1/android-json-0.0.20131108.vaadin1.jar:/home/dhanush/.m2/repository/org/springframework/spring-core/6.2.7/spring-core-6.2.7.jar:/home/dhanush/.m2/repository/org/springframework/spring-jcl/6.2.7/spring-jcl-6.2.7.jar:/home/dhanush/.m2/repository/org/springframework/spring-test/6.2.7/spring-test-6.2.7.jar:/home/dhanush/.m2/repository/org/xmlunit/xmlunit-core/2.10.1/xmlunit-core-2.10.1.jar:/home/dhanush/.m2/repository/com/h2database/h2/2.3.232/h2-2.3.232.jar:/home/dhanush/.m2/repository/com/mysql/mysql-connector-j/9.2.0/mysql-connector-j-9.2.0.jar:/home/dhanush/.m2/repository/org/postgresql/postgresql/42.7.5/postgresql-42.7.5.jar:/home/dhanush/.m2/repository/org/checkerframework/checker-qual/3.48.3/checker-qual-3.48.3.jar:/home/dhanush/.m2/repository/javax/cache/cache-api/1.1.1/cache-api-1.1.1.jar:/home/dhanush/.m2/repository/com/github/ben-manes/caffeine/caffeine/3.2.0/caffeine-3.2.0.jar:/home/dhanush/.m2/repository/org/jspecify/jspecify/1.0.0/jspecify-1.0.0.jar:/home/dhanush/.m2/repository/com/google/errorprone/error_prone_annotations/2.36.0/error_prone_annotations-2.36.0.jar:/home/dhanush/.m2/repository/org/webjars/webjars-locator-lite/1.1.0/webjars-locator-lite-1.1.0.jar:/home/dhanush/.m2/repository/org/webjars/npm/bootstrap/5.3.6/bootstrap-5.3.6.jar:/home/dhanush/.m2/repository/org/webjars/npm/font-awesome/4.7.0/font-awesome-4.7.0.jar:/home/dhanush/.m2/repository/org/springframework/boot/spring-boot-devtools/3.5.0/spring-boot-devtools-3.5.0.jar:/home/dhanush/.m2/repository/org/springframework/boot/spring-boot/3.5.0/spring-boot-3.5.0.jar:/home/dhanush/.m2/repository/org/springframework/boot/spring-boot-autoconfigure/3.5.0/spring-boot-autoconfigure-3.5.0.jar:/home/dhanush/.m2/repository/org/springframework/boot/spring-boot-testcontainers/3.5.0/spring-boot-testcontainers-3.5.0.jar:/home/dhanush/.m2/repository/org/testcontainers/testcontainers/1.21.0/testcontainers-1.21.0.jar:/home/dhanush/.m2/repository/junit/junit/4.13.2/junit-4.13.2.jar:/home/dhanush/.m2/repository/org/hamcrest/hamcrest-core/3.0/hamcrest-core-3.0.jar:/home/dhanush/.m2/repository/org/apache/commons/commons-compress/1.24.0/commons-compress-1.24.0.jar:/home/dhanush/.m2/repository/org/rnorth/duct-tape/duct-tape/1.0.8/duct-tape-1.0.8.jar:/home/dhanush/.m2/repository/org/jetbrains/annotations/17.0.0/annotations-17.0.0.jar:/home/dhanush/.m2/repository/com/github/docker-java/docker-java-api/3.4.2/docker-java-api-3.4.2.jar:/home/dhanush/.m2/repository/com/github/docker-java/docker-java-transport-zerodep/3.4.2/docker-java-transport-zerodep-3.4.2.jar:/home/dhanush/.m2/repository/com/github/docker-java/docker-java-transport/3.4.2/docker-java-transport-3.4.2.jar:/home/dhanush/.m2/repository/net/java/dev/jna/jna/5.13.0/jna-5.13.0.jar:/home/dhanush/.m2/repository/org/springframework/boot/spring-boot-docker-compose/3.5.0/spring-boot-docker-compose-3.5.0.jar:/home/dhanush/.m2/repository/com/fasterxml/jackson/core/jackson-databind/2.19.0/jackson-databind-2.19.0.jar:/home/dhanush/.m2/repository/com/fasterxml/jackson/core/jackson-annotations/2.19.0/jackson-annotations-2.19.0.jar:/home/dhanush/.m2/repository/com/fasterxml/jackson/core/jackson-core/2.19.0/jackson-core-2.19.0.jar:/home/dhanush/.m2/repository/com/fasterxml/jackson/module/jackson-module-parameter-names/2.19.0/jackson-module-parameter-names-2.19.0.jar:/home/dhanush/.m2/repository/org/testcontainers/junit-jupiter/1.21.0/junit-jupiter-1.21.0.jar:/home/dhanush/.m2/repository/org/testcontainers/mysql/1.21.0/mysql-1.21.0.jar:/home/dhanush/.m2/repository/org/testcontainers/jdbc/1.21.0/jdbc-1.21.0.jar:/home/dhanush/.m2/repository/org/testcontainers/database-commons/1.21.0/database-commons-1.21.0.jar:/home/dhanush/.m2/repository/jakarta/xml/bind/jakarta.xml.bind-api/4.0.2/jakarta.xml.bind-api-4.0.2.jar:/home/dhanush/.m2/repository/jakarta/activation/jakarta.activation-api/2.1.3/jakarta.activation-api-2.1.3.jar:"/>
    <property name="sun.cpu.endian" value="little"/>
    <property name="user.home" value="/home/dhanush"/>
    <property name="user.language" value="en"/>
    <property name="git.closest.tag.commit.count" value=""/>
    <property name="java.specification.vendor" value="Oracle Corporation"/>
    <property name="java.version.date" value="2025-04-15"/>
    <property name="java.home" value="/usr/lib/jvm/java-17-openjdk-amd64"/>
    <property name="git.total.commit.count" value="985"/>
    <property name="file.separator" value="/"/>
    <property name="basedir" value="/home/dhanush/DevOps_Projects/Springboot_Project_Advance/spring-petclinic"/>
    <property name="java.vm.compressedOopsMode" value="32-bit"/>
    <property name="line.separator" value="&#10;"/>
    <property name="git.build.user.email" value="siraj_shaik@tecnics.com"/>
    <property name="git.commit.committer.time" value="2025-07-05T16:48:19Z"/>
    <property name="java.specification.name" value="Java Platform API Specification"/>
    <property name="java.vm.specification.vendor" value="Oracle Corporation"/>
    <property name="FILE_LOG_CHARSET" value="UTF-8"/>
    <property name="java.awt.headless" value="true"/>
    <property name="git.tag" value=""/>
    <property name="git.closest.tag.name" value=""/>
    <property name="git.local.branch.ahead" value="0"/>
    <property name="git.build.time" value="2024-11-28T14:37:52Z"/>
    <property name="surefire.real.class.path" value="/home/dhanush/DevOps_Projects/Springboot_Project_Advance/spring-petclinic/target/surefire/surefirebooter-20250805062424243_3.jar"/>
    <property name="git.commit.message.full" value="Maven and Gradle version upgrades&#10;&#10;details:&#10;* Gradle changes:&#10; ** redundant &apos;apply&apos; plugin declarations are removed&#10; ** java &apos;sourceCompatibility&apos; removed in favor of &apos;toolchain&apos;&#10;* Gradle version upgrade: 8.14 --&gt;&gt; 8.14.3&#10;* Maven version upgrade: 3.9.9 --&gt;&gt; 3.9.10&#10;&#10;related links:&#10; * https://docs.gradle.org/8.14.1/release-notes.html&#10; * https://docs.gradle.org/8.14.2/release-notes.html&#10; * https://docs.gradle.org/8.14.3/release-notes.html&#10; * https://maven.apache.org/docs/3.9.10/release-notes.html&#10; * https://committing-crimes.com/articles/2024-10-30-using-gradle-toolchains-properly&#10; * https://docs.gradle.org/8.14.3/userguide/building_java_projects.html#sec:java_cross_compilation&#10;&#10;Signed-off-by: dejan2609 &lt;dejan2609@gmail.com&gt;"/>
    <property name="junit.platform.listeners.uid.tracking.enabled" value="true"/>
    <property name="sun.management.compiler" value="HotSpot 64-Bit Tiered Compilers"/>
    <property name="junit.platform.listeners.uid.tracking.output.dir" value="/home/dhanush/DevOps_Projects/Springboot_Project_Advance/spring-petclinic/target/test-ids"/>
    <property name="java.runtime.version" value="17.0.15+6-Ubuntu-0ubuntu124.04"/>
    <property name="user.name" value="dhanush"/>
    <property name="path.separator" value=":"/>
    <property name="os.version" value="5.15.167.4-microsoft-standard-WSL2"/>
    <property name="java.runtime.name" value="OpenJDK Runtime Environment"/>
    <property name="file.encoding" value="UTF-8"/>
    <property name="jnidispatch.path" value="/home/dhanush/.cache/JNA/temp/jna12298858193315197253.tmp"/>
    <property name="git.commit.user.email" value="dejan2609@gmail.com"/>
    <property name="java.vm.name" value="OpenJDK 64-Bit Server VM"/>
    <property name="jna.platform.library.path" value="/usr/lib/x86_64-linux-gnu:/lib/x86_64-linux-gnu:/usr/lib64:/lib64:/usr/lib:/lib:/usr/lib/wsl/lib"/>
    <property name="git.local.branch.behind" value="0"/>
    <property name="git.dirty" value="false"/>
    <property name="localRepository" value="/home/dhanush/.m2/repository"/>
    <property name="jna.loaded" value="true"/>
    <property name="java.vendor.url.bug" value="https://bugs.launchpad.net/ubuntu/+source/openjdk-17"/>
    <property name="java.io.tmpdir" value="/tmp"/>
    <property name="catalina.home" value="/tmp/tomcat.0.3431464855960461702"/>
    <property name="com.zaxxer.hikari.pool_number" value="3"/>
    <property name="java.version" value="17.0.15"/>
    <property name="user.dir" value="/home/dhanush/DevOps_Projects/Springboot_Project_Advance/spring-petclinic"/>
    <property name="os.arch" value="amd64"/>
    <property name="git.commit.user.name" value="dejan2609"/>
    <property name="git.commit.id.abbrev" value="30aab0a"/>
    <property name="java.vm.specification.name" value="Java Virtual Machine Specification"/>
    <property name="PID" value="1824"/>
    <property name="git.commit.id.describe-short" value="30aab0a"/>
    <property name="CONSOLE_LOG_CHARSET" value="UTF-8"/>
    <property name="git.commit.id.describe" value="30aab0a"/>
    <property name="catalina.base" value="/tmp/tomcat.0.15314044197077878957"/>
    <property name="native.encoding" value="UTF-8"/>
    <property name="java.library.path" value="/usr/java/packages/lib:/usr/lib/x86_64-linux-gnu/jni:/lib/x86_64-linux-gnu:/usr/lib/x86_64-linux-gnu:/usr/lib/jni:/lib:/usr/lib"/>
    <property name="git.commit.message.short" value="Maven and Gradle version upgrades"/>
    <property name="java.vm.info" value="mixed mode, sharing"/>
    <property name="java.vendor" value="Ubuntu"/>
    <property name="java.vm.version" value="17.0.15+6-Ubuntu-0ubuntu124.04"/>
    <property name="java.specification.maintenance.version" value="1"/>
    <property name="sun.io.unicode.encoding" value="UnicodeLittle"/>
    <property name="java.class.version" value="61.0"/>
    <property name="git.commit.time" value="2025-07-05T16:48:19Z"/>
    <property name="git.remote.origin.url" value="https://github.com/spring-projects/spring-petclinic.git"/>
  </properties>
  <testcase name="testFindAll" classname="org.springframework.samples.petclinic.PostgresIntegrationTests" time="0.07">
    <system-out><![CDATA[2025-08-05T06:28:15.074Z  INFO 1824 --- [           main] t.c.s.AnnotationConfigContextLoaderUtils : Could not detect default configuration classes for test class [org.springframework.samples.petclinic.PostgresIntegrationTests]: PostgresIntegrationTests does not declare any static, non-private, non-final, nested classes annotated with @Configuration.
2025-08-05T06:28:15.084Z  INFO 1824 --- [           main] .b.t.c.SpringBootTestContextBootstrapper : Found @SpringBootConfiguration org.springframework.samples.petclinic.PetClinicApplication for test class org.springframework.samples.petclinic.PostgresIntegrationTests
2025-08-05T06:28:15.100Z  INFO 1824 --- [           main] o.s.b.d.r.RestartApplicationListener     : Restart disabled due to context in which it is running


              |\      _,,,--,,_
             /,`.-'`'   ._  \-;;,_
  _______ __|,4-  ) )_   .;.(__`'-'__     ___ __    _ ___ _______
 |       | '---''(_/._)-'(_\_)   |   |   |   |  |  | |   |       |
 |    _  |    ___|_     _|       |   |   |   |   |_| |   |       | __ _ _
 |   |_| |   |___  |   | |       |   |   |   |       |   |       | \ \ \ \
 |    ___|    ___| |   | |      _|   |___|   |  _    |   |      _|  \ \ \ \
 |   |   |   |___  |   | |     |_|       |   | | |   |   |     |_    ) ) ) )
 |___|   |_______| |___| |_______|_______|___|_|  |__|___|_______|  / / / /
 ==================================================================/_/_/_/

:: Built with Spring Boot :: 3.5.0


2025-08-05T06:28:15.155Z  INFO 1824 --- [           main] o.s.s.p.PostgresIntegrationTests         : Starting PostgresIntegrationTests using Java 17.0.15 with PID 1824 (started by dhanush in /home/dhanush/DevOps_Projects/Springboot_Project_Advance/spring-petclinic)
2025-08-05T06:28:15.155Z  INFO 1824 --- [           main] o.s.s.p.PostgresIntegrationTests         : The following 1 profile is active: "postgres"
2025-08-05T06:28:15.171Z  INFO 1824 --- [           main] .s.b.d.c.l.DockerComposeLifecycleManager : Using Docker Compose file /home/dhanush/DevOps_Projects/Springboot_Project_Advance/spring-petclinic/docker-compose.yml
2025-08-05T06:28:21.308Z  INFO 1824 --- [utReader-stderr] o.s.boot.docker.compose.core.DockerCli   :  postgres Pulling 
2025-08-05T06:28:25.295Z  INFO 1824 --- [utReader-stderr] o.s.boot.docker.compose.core.DockerCli   :  59e22667830b Pulling fs layer 
2025-08-05T06:28:25.296Z  INFO 1824 --- [utReader-stderr] o.s.boot.docker.compose.core.DockerCli   :  c2922dd5c76b Pulling fs layer 
2025-08-05T06:28:25.296Z  INFO 1824 --- [utReader-stderr] o.s.boot.docker.compose.core.DockerCli   :  28b0f0abf5b3 Pulling fs layer 
2025-08-05T06:28:25.296Z  INFO 1824 --- [utReader-stderr] o.s.boot.docker.compose.core.DockerCli   :  a623957f847d Pulling fs layer 
2025-08-05T06:28:25.296Z  INFO 1824 --- [utReader-stderr] o.s.boot.docker.compose.core.DockerCli   :  bfabbcdba989 Pulling fs layer 
2025-08-05T06:28:25.296Z  INFO 1824 --- [utReader-stderr] o.s.boot.docker.compose.core.DockerCli   :  0e5bba37029a Pulling fs layer 
2025-08-05T06:28:25.296Z  INFO 1824 --- [utReader-stderr] o.s.boot.docker.compose.core.DockerCli   :  1ed9ff0b5160 Pulling fs layer 
2025-08-05T06:28:25.297Z  INFO 1824 --- [utReader-stderr] o.s.boot.docker.compose.core.DockerCli   :  06b2fd76987c Pulling fs layer 
2025-08-05T06:28:25.297Z  INFO 1824 --- [utReader-stderr] o.s.boot.docker.compose.core.DockerCli   :  9e482b60495e Pulling fs layer 
2025-08-05T06:28:25.297Z  INFO 1824 --- [utReader-stderr] o.s.boot.docker.compose.core.DockerCli   :  4a43c57a903d Pulling fs layer 
2025-08-05T06:28:25.297Z  INFO 1824 --- [utReader-stderr] o.s.boot.docker.compose.core.DockerCli   :  dcce1c0b58a8 Pulling fs layer 
2025-08-05T06:28:25.297Z  INFO 1824 --- [utReader-stderr] o.s.boot.docker.compose.core.DockerCli   :  38072b29d55e Pulling fs layer 
2025-08-05T06:28:25.297Z  INFO 1824 --- [utReader-stderr] o.s.boot.docker.compose.core.DockerCli   :  d98e5494f240 Pulling fs layer 
2025-08-05T06:28:25.297Z  INFO 1824 --- [utReader-stderr] o.s.boot.docker.compose.core.DockerCli   :  017403a0b5e1 Pulling fs layer 
2025-08-05T06:28:25.297Z  INFO 1824 --- [utReader-stderr] o.s.boot.docker.compose.core.DockerCli   :  dcce1c0b58a8 Waiting 
2025-08-05T06:28:25.298Z  INFO 1824 --- [utReader-stderr] o.s.boot.docker.compose.core.DockerCli   :  0e5bba37029a Waiting 
2025-08-05T06:28:25.298Z  INFO 1824 --- [utReader-stderr] o.s.boot.docker.compose.core.DockerCli   :  38072b29d55e Waiting 
2025-08-05T06:28:25.298Z  INFO 1824 --- [utReader-stderr] o.s.boot.docker.compose.core.DockerCli   :  d98e5494f240 Waiting 
2025-08-05T06:28:25.298Z  INFO 1824 --- [utReader-stderr] o.s.boot.docker.compose.core.DockerCli   :  017403a0b5e1 Waiting 
2025-08-05T06:28:25.298Z  INFO 1824 --- [utReader-stderr] o.s.boot.docker.compose.core.DockerCli   :  a623957f847d Waiting 
2025-08-05T06:28:25.298Z  INFO 1824 --- [utReader-stderr] o.s.boot.docker.compose.core.DockerCli   :  1ed9ff0b5160 Waiting 
2025-08-05T06:28:25.298Z  INFO 1824 --- [utReader-stderr] o.s.boot.docker.compose.core.DockerCli   :  bfabbcdba989 Waiting 
2025-08-05T06:28:25.298Z  INFO 1824 --- [utReader-stderr] o.s.boot.docker.compose.core.DockerCli   :  4a43c57a903d Waiting 
2025-08-05T06:28:25.298Z  INFO 1824 --- [utReader-stderr] o.s.boot.docker.compose.core.DockerCli   :  9e482b60495e Waiting 
2025-08-05T06:28:26.416Z  INFO 1824 --- [utReader-stderr] o.s.boot.docker.compose.core.DockerCli   :  28b0f0abf5b3 Downloading [>                                                  ]  46.46kB/4.534MB
2025-08-05T06:28:26.436Z  INFO 1824 --- [utReader-stderr] o.s.boot.docker.compose.core.DockerCli   :  c2922dd5c76b Downloading [============================================>      ]  1.049kB/1.167kB
2025-08-05T06:28:26.436Z  INFO 1824 --- [utReader-stderr] o.s.boot.docker.compose.core.DockerCli   :  c2922dd5c76b Downloading [==================================================>]  1.167kB/1.167kB
2025-08-05T06:28:26.436Z  INFO 1824 --- [utReader-stderr] o.s.boot.docker.compose.core.DockerCli   :  c2922dd5c76b Verifying Checksum 
2025-08-05T06:28:26.437Z  INFO 1824 --- [utReader-stderr] o.s.boot.docker.compose.core.DockerCli   :  c2922dd5c76b Download complete 
2025-08-05T06:28:26.534Z  INFO 1824 --- [utReader-stderr] o.s.boot.docker.compose.core.DockerCli   :  28b0f0abf5b3 Downloading [========>                                          ]  757.8kB/4.534MB
2025-08-05T06:28:26.635Z  INFO 1824 --- [utReader-stderr] o.s.boot.docker.compose.core.DockerCli   :  28b0f0abf5b3 Downloading [=============>                                     ]  1.253MB/4.534MB
2025-08-05T06:28:26.738Z  INFO 1824 --- [utReader-stderr] o.s.boot.docker.compose.core.DockerCli   :  28b0f0abf5b3 Downloading [=================>                                 ]  1.548MB/4.534MB
2025-08-05T06:28:26.897Z  INFO 1824 --- [utReader-stderr] o.s.boot.docker.compose.core.DockerCli   :  28b0f0abf5b3 Downloading [==================>                                ]  1.647MB/4.534MB
2025-08-05T06:28:26.966Z  INFO 1824 --- [utReader-stderr] o.s.boot.docker.compose.core.DockerCli   :  59e22667830b Downloading [>                                                  ]  282.6kB/28.23MB
2025-08-05T06:28:27.003Z  INFO 1824 --- [utReader-stderr] o.s.boot.docker.compose.core.DockerCli   :  28b0f0abf5b3 Downloading [===================>                               ]  1.745MB/4.534MB
2025-08-05T06:28:27.153Z  INFO 1824 --- [utReader-stderr] o.s.boot.docker.compose.core.DockerCli   :  28b0f0abf5b3 Downloading [=====================>                             ]  1.942MB/4.534MB
2025-08-05T06:28:27.432Z  INFO 1824 --- [utReader-stderr] o.s.boot.docker.compose.core.DockerCli   :  59e22667830b Downloading [=>                                                 ]  565.2kB/28.23MB
2025-08-05T06:28:27.447Z  INFO 1824 --- [utReader-stderr] o.s.boot.docker.compose.core.DockerCli   :  28b0f0abf5b3 Downloading [========================>                          ]  2.191MB/4.534MB
2025-08-05T06:28:27.533Z  INFO 1824 --- [utReader-stderr] o.s.boot.docker.compose.core.DockerCli   :  a623957f847d Downloading [>                                                  ]  15.06kB/1.447MB
2025-08-05T06:28:27.557Z  INFO 1824 --- [utReader-stderr] o.s.boot.docker.compose.core.DockerCli   :  28b0f0abf5b3 Downloading [=========================>                         ]  2.339MB/4.534MB
2025-08-05T06:28:27.640Z  INFO 1824 --- [utReader-stderr] o.s.boot.docker.compose.core.DockerCli   :  a623957f847d Downloading [===>                                               ]    111kB/1.447MB
2025-08-05T06:28:27.710Z  INFO 1824 --- [utReader-stderr] o.s.boot.docker.compose.core.DockerCli   :  28b0f0abf5b3 Downloading [====================================>              ]  3.289MB/4.534MB
2025-08-05T06:28:27.742Z  INFO 1824 --- [utReader-stderr] o.s.boot.docker.compose.core.DockerCli   :  a623957f847d Downloading [========>                                          ]  233.5kB/1.447MB
2025-08-05T06:28:27.897Z  INFO 1824 --- [utReader-stderr] o.s.boot.docker.compose.core.DockerCli   :  a623957f847d Downloading [===========>                                       ]  323.6kB/1.447MB
2025-08-05T06:28:27.944Z  INFO 1824 --- [utReader-stderr] o.s.boot.docker.compose.core.DockerCli   :  28b0f0abf5b3 Downloading [=====================================>             ]  3.387MB/4.534MB
2025-08-05T06:28:28.019Z  INFO 1824 --- [utReader-stderr] o.s.boot.docker.compose.core.DockerCli   :  a623957f847d Downloading [==============>                                    ]  430.1kB/1.447MB
2025-08-05T06:28:28.130Z  INFO 1824 --- [utReader-stderr] o.s.boot.docker.compose.core.DockerCli   :  59e22667830b Downloading [=>                                                 ]    852kB/28.23MB
2025-08-05T06:28:28.133Z  INFO 1824 --- [utReader-stderr] o.s.boot.docker.compose.core.DockerCli   :  a623957f847d Downloading [====================>                              ]  606.2kB/1.447MB
2025-08-05T06:28:28.218Z  INFO 1824 --- [utReader-stderr] o.s.boot.docker.compose.core.DockerCli   :  28b0f0abf5b3 Downloading [======================================>            ]  3.535MB/4.534MB
2025-08-05T06:28:28.334Z  INFO 1824 --- [utReader-stderr] o.s.boot.docker.compose.core.DockerCli   :  28b0f0abf5b3 Downloading [==========================================>        ]  3.891MB/4.534MB
2025-08-05T06:28:28.443Z  INFO 1824 --- [utReader-stderr] o.s.boot.docker.compose.core.DockerCli   :  28b0f0abf5b3 Downloading [==============================================>    ]  4.186MB/4.534MB
2025-08-05T06:28:28.451Z  INFO 1824 --- [utReader-stderr] o.s.boot.docker.compose.core.DockerCli   :  a623957f847d Downloading [=============================>                     ]  843.8kB/1.447MB
2025-08-05T06:28:28.513Z  INFO 1824 --- [utReader-stderr] o.s.boot.docker.compose.core.DockerCli   :  28b0f0abf5b3 Verifying Checksum 
2025-08-05T06:28:28.513Z  INFO 1824 --- [utReader-stderr] o.s.boot.docker.compose.core.DockerCli   :  28b0f0abf5b3 Download complete 
2025-08-05T06:28:28.571Z  INFO 1824 --- [utReader-stderr] o.s.boot.docker.compose.core.DockerCli   :  a623957f847d Downloading [==================================>                ]  1.008MB/1.447MB
2025-08-05T06:28:28.589Z  INFO 1824 --- [utReader-stderr] o.s.boot.docker.compose.core.DockerCli   :  59e22667830b Downloading [==>                                                ]  1.147MB/28.23MB
2025-08-05T06:28:28.612Z  INFO 1824 --- [utReader-stderr] o.s.boot.docker.compose.core.DockerCli   :  a623957f847d Verifying Checksum 
2025-08-05T06:28:28.612Z  INFO 1824 --- [utReader-stderr] o.s.boot.docker.compose.core.DockerCli   :  a623957f847d Download complete 
2025-08-05T06:28:28.868Z  INFO 1824 --- [utReader-stderr] o.s.boot.docker.compose.core.DockerCli   :  59e22667830b Downloading [==>                                                ]  1.438MB/28.23MB
2025-08-05T06:28:29.043Z  INFO 1824 --- [utReader-stderr] o.s.boot.docker.compose.core.DockerCli   :  59e22667830b Downloading [===>                                               ]  1.733MB/28.23MB
2025-08-05T06:28:29.183Z  INFO 1824 --- [utReader-stderr] o.s.boot.docker.compose.core.DockerCli   :  59e22667830b Downloading [===>                                               ]  2.015MB/28.23MB
2025-08-05T06:28:29.366Z  INFO 1824 --- [utReader-stderr] o.s.boot.docker.compose.core.DockerCli   :  59e22667830b Downloading [====>                                              ]  2.601MB/28.23MB
2025-08-05T06:28:29.470Z  INFO 1824 --- [utReader-stderr] o.s.boot.docker.compose.core.DockerCli   :  59e22667830b Downloading [=====>                                             ]  2.896MB/28.23MB
2025-08-05T06:28:29.594Z  INFO 1824 --- [utReader-stderr] o.s.boot.docker.compose.core.DockerCli   :  59e22667830b Downloading [======>                                            ]  3.486MB/28.23MB
2025-08-05T06:28:29.707Z  INFO 1824 --- [utReader-stderr] o.s.boot.docker.compose.core.DockerCli   :  bfabbcdba989 Downloading [>                                                  ]  82.45kB/8.066MB
2025-08-05T06:28:29.712Z  INFO 1824 --- [utReader-stderr] o.s.boot.docker.compose.core.DockerCli   :  59e22667830b Downloading [=======>                                           ]  4.076MB/28.23MB
2025-08-05T06:28:29.845Z  INFO 1824 --- [utReader-stderr] o.s.boot.docker.compose.core.DockerCli   :  0e5bba37029a Downloading [>                                                  ]     12kB/1.196MB
2025-08-05T06:28:29.880Z  INFO 1824 --- [utReader-stderr] o.s.boot.docker.compose.core.DockerCli   :  59e22667830b Downloading [=======>                                           ]  4.362MB/28.23MB
2025-08-05T06:28:29.898Z  INFO 1824 --- [utReader-stderr] o.s.boot.docker.compose.core.DockerCli   :  bfabbcdba989 Downloading [==>                                                ]  327.7kB/8.066MB
2025-08-05T06:28:29.969Z  INFO 1824 --- [utReader-stderr] o.s.boot.docker.compose.core.DockerCli   :  0e5bba37029a Downloading [==>                                                ]  64.08kB/1.196MB
2025-08-05T06:28:30.140Z  INFO 1824 --- [utReader-stderr] o.s.boot.docker.compose.core.DockerCli   :  0e5bba37029a Downloading [===========>                                       ]  266.2kB/1.196MB
2025-08-05T06:28:30.168Z  INFO 1824 --- [utReader-stderr] o.s.boot.docker.compose.core.DockerCli   :  59e22667830b Downloading [========>                                          ]  4.645MB/28.23MB
2025-08-05T06:28:30.287Z  INFO 1824 --- [utReader-stderr] o.s.boot.docker.compose.core.DockerCli   :  0e5bba37029a Downloading [================>                                  ]  405.5kB/1.196MB
2025-08-05T06:28:30.386Z  INFO 1824 --- [utReader-stderr] o.s.boot.docker.compose.core.DockerCli   :  bfabbcdba989 Downloading [==>                                                ]  413.7kB/8.066MB
2025-08-05T06:28:30.477Z  INFO 1824 --- [utReader-stderr] o.s.boot.docker.compose.core.DockerCli   :  0e5bba37029a Downloading [=======================>                           ]    553kB/1.196MB
2025-08-05T06:28:30.577Z  INFO 1824 --- [utReader-stderr] o.s.boot.docker.compose.core.DockerCli   :  0e5bba37029a Downloading [===========================>                       ]  655.4kB/1.196MB
2025-08-05T06:28:30.583Z  INFO 1824 --- [utReader-stderr] o.s.boot.docker.compose.core.DockerCli   :  59e22667830b Downloading [========>                                          ]  4.927MB/28.23MB
2025-08-05T06:28:30.684Z  INFO 1824 --- [utReader-stderr] o.s.boot.docker.compose.core.DockerCli   :  0e5bba37029a Downloading [==================================>                ]  835.6kB/1.196MB
2025-08-05T06:28:30.748Z  INFO 1824 --- [utReader-stderr] o.s.boot.docker.compose.core.DockerCli   :  bfabbcdba989 Downloading [===>                                               ]  495.6kB/8.066MB
2025-08-05T06:28:30.797Z  INFO 1824 --- [utReader-stderr] o.s.boot.docker.compose.core.DockerCli   :  0e5bba37029a Downloading [==============================================>    ]  1.114MB/1.196MB
2025-08-05T06:28:30.863Z  INFO 1824 --- [utReader-stderr] o.s.boot.docker.compose.core.DockerCli   :  0e5bba37029a Verifying Checksum 
2025-08-05T06:28:30.863Z  INFO 1824 --- [utReader-stderr] o.s.boot.docker.compose.core.DockerCli   :  0e5bba37029a Download complete 
2025-08-05T06:28:30.881Z  INFO 1824 --- [utReader-stderr] o.s.boot.docker.compose.core.DockerCli   :  bfabbcdba989 Downloading [====>                                              ]  745.5kB/8.066MB
2025-08-05T06:28:30.886Z  INFO 1824 --- [utReader-stderr] o.s.boot.docker.compose.core.DockerCli   :  59e22667830b Downloading [=========>                                         ]  5.222MB/28.23MB
2025-08-05T06:28:31.146Z  INFO 1824 --- [utReader-stderr] o.s.boot.docker.compose.core.DockerCli   :  bfabbcdba989 Downloading [======>                                            ]  1.073MB/8.066MB
2025-08-05T06:28:31.283Z  INFO 1824 --- [utReader-stderr] o.s.boot.docker.compose.core.DockerCli   :  bfabbcdba989 Downloading [==========>                                        ]  1.647MB/8.066MB
2025-08-05T06:28:31.285Z  INFO 1824 --- [utReader-stderr] o.s.boot.docker.compose.core.DockerCli   :  59e22667830b Downloading [=========>                                         ]  5.517MB/28.23MB
2025-08-05T06:28:31.414Z  INFO 1824 --- [utReader-stderr] o.s.boot.docker.compose.core.DockerCli   :  bfabbcdba989 Downloading [============>                                      ]  1.974MB/8.066MB
2025-08-05T06:28:31.565Z  INFO 1824 --- [utReader-stderr] o.s.boot.docker.compose.core.DockerCli   :  59e22667830b Downloading [===========>                                       ]  6.398MB/28.23MB
2025-08-05T06:28:31.567Z  INFO 1824 --- [utReader-stderr] o.s.boot.docker.compose.core.DockerCli   :  bfabbcdba989 Downloading [=============>                                     ]  2.142MB/8.066MB
2025-08-05T06:28:31.688Z  INFO 1824 --- [utReader-stderr] o.s.boot.docker.compose.core.DockerCli   :  bfabbcdba989 Downloading [==============>                                    ]  2.306MB/8.066MB
2025-08-05T06:28:31.993Z  INFO 1824 --- [utReader-stderr] o.s.boot.docker.compose.core.DockerCli   :  bfabbcdba989 Downloading [===============>                                   ]   2.47MB/8.066MB
2025-08-05T06:28:32.096Z  INFO 1824 --- [utReader-stderr] o.s.boot.docker.compose.core.DockerCli   :  59e22667830b Downloading [===========>                                       ]  6.693MB/28.23MB
2025-08-05T06:28:32.196Z  INFO 1824 --- [utReader-stderr] o.s.boot.docker.compose.core.DockerCli   :  bfabbcdba989 Downloading [=================>                                 ]  2.798MB/8.066MB
2025-08-05T06:28:32.246Z  INFO 1824 --- [utReader-stderr] o.s.boot.docker.compose.core.DockerCli   :  59e22667830b Downloading [============>                                      ]  6.988MB/28.23MB
2025-08-05T06:28:32.298Z  INFO 1824 --- [utReader-stderr] o.s.boot.docker.compose.core.DockerCli   :  bfabbcdba989 Downloading [==================>                                ]  3.043MB/8.066MB
2025-08-05T06:28:32.378Z  INFO 1824 --- [utReader-stderr] o.s.boot.docker.compose.core.DockerCli   :  1ed9ff0b5160 Downloading [==================================================>]     116B/116B
2025-08-05T06:28:32.379Z  INFO 1824 --- [utReader-stderr] o.s.boot.docker.compose.core.DockerCli   :  1ed9ff0b5160 Verifying Checksum 
2025-08-05T06:28:32.379Z  INFO 1824 --- [utReader-stderr] o.s.boot.docker.compose.core.DockerCli   :  1ed9ff0b5160 Download complete 
2025-08-05T06:28:32.426Z  INFO 1824 --- [utReader-stderr] o.s.boot.docker.compose.core.DockerCli   :  bfabbcdba989 Downloading [=====================>                             ]  3.453MB/8.066MB
2025-08-05T06:28:32.885Z  INFO 1824 --- [utReader-stderr] o.s.boot.docker.compose.core.DockerCli   :  59e22667830b Downloading [============>                                      ]   7.27MB/28.23MB
2025-08-05T06:28:33.001Z  INFO 1824 --- [utReader-stderr] o.s.boot.docker.compose.core.DockerCli   :  bfabbcdba989 Downloading [========================>                          ]  3.944MB/8.066MB
2025-08-05T06:28:33.061Z  INFO 1824 --- [utReader-stderr] o.s.boot.docker.compose.core.DockerCli   :  59e22667830b Downloading [=============>                                     ]  7.565MB/28.23MB
2025-08-05T06:28:33.103Z  INFO 1824 --- [utReader-stderr] o.s.boot.docker.compose.core.DockerCli   :  bfabbcdba989 Downloading [===============================>                   ]  5.116MB/8.066MB
2025-08-05T06:28:33.220Z  INFO 1824 --- [utReader-stderr] o.s.boot.docker.compose.core.DockerCli   :  bfabbcdba989 Downloading [=================================>                 ]  5.362MB/8.066MB
2025-08-05T06:28:33.231Z  INFO 1824 --- [utReader-stderr] o.s.boot.docker.compose.core.DockerCli   :  59e22667830b Downloading [=============>                                     ]   7.86MB/28.23MB
2025-08-05T06:28:33.412Z  INFO 1824 --- [utReader-stderr] o.s.boot.docker.compose.core.DockerCli   :  bfabbcdba989 Downloading [===================================>               ]  5.689MB/8.066MB
2025-08-05T06:28:33.528Z  INFO 1824 --- [utReader-stderr] o.s.boot.docker.compose.core.DockerCli   :  bfabbcdba989 Downloading [=====================================>             ]  6.021MB/8.066MB
2025-08-05T06:28:33.532Z  INFO 1824 --- [utReader-stderr] o.s.boot.docker.compose.core.DockerCli   :  59e22667830b Downloading [==============>                                    ]  8.143MB/28.23MB
2025-08-05T06:28:33.577Z  INFO 1824 --- [utReader-stderr] o.s.boot.docker.compose.core.DockerCli   :  06b2fd76987c Downloading [=====================>                             ]  1.369kB/3.144kB
2025-08-05T06:28:33.581Z  INFO 1824 --- [utReader-stderr] o.s.boot.docker.compose.core.DockerCli   :  06b2fd76987c Downloading [==================================================>]  3.144kB/3.144kB
2025-08-05T06:28:33.581Z  INFO 1824 --- [utReader-stderr] o.s.boot.docker.compose.core.DockerCli   :  06b2fd76987c Download complete 
2025-08-05T06:28:33.640Z  INFO 1824 --- [utReader-stderr] o.s.boot.docker.compose.core.DockerCli   :  bfabbcdba989 Downloading [======================================>            ]  6.275MB/8.066MB
2025-08-05T06:28:33.805Z  INFO 1824 --- [utReader-stderr] o.s.boot.docker.compose.core.DockerCli   :  bfabbcdba989 Downloading [=======================================>           ]  6.357MB/8.066MB
2025-08-05T06:28:33.850Z  INFO 1824 --- [utReader-stderr] o.s.boot.docker.compose.core.DockerCli   :  59e22667830b Downloading [==============>                                    ]  8.434MB/28.23MB
2025-08-05T06:28:33.919Z  INFO 1824 --- [utReader-stderr] o.s.boot.docker.compose.core.DockerCli   :  bfabbcdba989 Downloading [========================================>          ]  6.603MB/8.066MB
2025-08-05T06:28:33.993Z  INFO 1824 --- [utReader-stderr] o.s.boot.docker.compose.core.DockerCli   :  59e22667830b Downloading [===============>                                   ]  8.716MB/28.23MB
2025-08-05T06:28:34.036Z  INFO 1824 --- [utReader-stderr] o.s.boot.docker.compose.core.DockerCli   :  bfabbcdba989 Downloading [=========================================>         ]  6.771MB/8.066MB
2025-08-05T06:28:34.139Z  INFO 1824 --- [utReader-stderr] o.s.boot.docker.compose.core.DockerCli   :  bfabbcdba989 Downloading [==========================================>        ]  6.935MB/8.066MB
2025-08-05T06:28:34.164Z  INFO 1824 --- [utReader-stderr] o.s.boot.docker.compose.core.DockerCli   :  59e22667830b Downloading [===============>                                   ]  9.011MB/28.23MB
2025-08-05T06:28:34.247Z  INFO 1824 --- [utReader-stderr] o.s.boot.docker.compose.core.DockerCli   :  bfabbcdba989 Downloading [============================================>      ]  7.098MB/8.066MB
2025-08-05T06:28:34.361Z  INFO 1824 --- [utReader-stderr] o.s.boot.docker.compose.core.DockerCli   :  bfabbcdba989 Downloading [=============================================>     ]  7.262MB/8.066MB
2025-08-05T06:28:34.465Z  INFO 1824 --- [utReader-stderr] o.s.boot.docker.compose.core.DockerCli   :  59e22667830b Downloading [================>                                  ]  9.306MB/28.23MB
2025-08-05T06:28:34.563Z  INFO 1824 --- [utReader-stderr] o.s.boot.docker.compose.core.DockerCli   :  bfabbcdba989 Downloading [===============================================>   ]  7.598MB/8.066MB
2025-08-05T06:28:34.646Z  INFO 1824 --- [utReader-stderr] o.s.boot.docker.compose.core.DockerCli   :  59e22667830b Downloading [=================>                                 ]  9.601MB/28.23MB
2025-08-05T06:28:34.683Z  INFO 1824 --- [utReader-stderr] o.s.boot.docker.compose.core.DockerCli   :  bfabbcdba989 Downloading [================================================>  ]  7.856MB/8.066MB
2025-08-05T06:28:34.685Z  INFO 1824 --- [utReader-stderr] o.s.boot.docker.compose.core.DockerCli   :  bfabbcdba989 Verifying Checksum 
2025-08-05T06:28:34.686Z  INFO 1824 --- [utReader-stderr] o.s.boot.docker.compose.core.DockerCli   :  bfabbcdba989 Download complete 
2025-08-05T06:28:34.825Z  INFO 1824 --- [utReader-stderr] o.s.boot.docker.compose.core.DockerCli   :  59e22667830b Downloading [=================>                                 ]  9.892MB/28.23MB
2025-08-05T06:28:35.008Z  INFO 1824 --- [utReader-stderr] o.s.boot.docker.compose.core.DockerCli   :  59e22667830b Downloading [==================>                                ]  10.18MB/28.23MB
2025-08-05T06:28:35.205Z  INFO 1824 --- [utReader-stderr] o.s.boot.docker.compose.core.DockerCli   :  9e482b60495e Downloading [>                                                  ]  532.5kB/112.8MB
2025-08-05T06:28:35.210Z  INFO 1824 --- [utReader-stderr] o.s.boot.docker.compose.core.DockerCli   :  59e22667830b Downloading [==================>                                ]  10.47MB/28.23MB
2025-08-05T06:28:35.609Z  INFO 1824 --- [utReader-stderr] o.s.boot.docker.compose.core.DockerCli   :  9e482b60495e Downloading [>                                                  ]  1.073MB/112.8MB
2025-08-05T06:28:35.695Z  INFO 1824 --- [utReader-stderr] o.s.boot.docker.compose.core.DockerCli   :  4a43c57a903d Downloading [=====>                                             ]  1.048kB/10.23kB
2025-08-05T06:28:35.703Z  INFO 1824 --- [utReader-stderr] o.s.boot.docker.compose.core.DockerCli   :  4a43c57a903d Downloading [==================================================>]  10.23kB/10.23kB
2025-08-05T06:28:35.703Z  INFO 1824 --- [utReader-stderr] o.s.boot.docker.compose.core.DockerCli   :  4a43c57a903d Download complete 
2025-08-05T06:28:35.733Z  INFO 1824 --- [utReader-stderr] o.s.boot.docker.compose.core.DockerCli   :  59e22667830b Downloading [===================>                               ]  10.77MB/28.23MB
2025-08-05T06:28:35.929Z  INFO 1824 --- [utReader-stderr] o.s.boot.docker.compose.core.DockerCli   :  9e482b60495e Downloading [>                                                  ]  1.614MB/112.8MB
2025-08-05T06:28:35.959Z  INFO 1824 --- [utReader-stderr] o.s.boot.docker.compose.core.DockerCli   :  59e22667830b Downloading [===================>                               ]  11.06MB/28.23MB
2025-08-05T06:28:36.099Z  INFO 1824 --- [utReader-stderr] o.s.boot.docker.compose.core.DockerCli   :  9e482b60495e Downloading [>                                                  ]  2.142MB/112.8MB
2025-08-05T06:28:36.327Z  INFO 1824 --- [utReader-stderr] o.s.boot.docker.compose.core.DockerCli   :  59e22667830b Downloading [====================>                              ]  11.35MB/28.23MB
2025-08-05T06:28:36.393Z  INFO 1824 --- [utReader-stderr] o.s.boot.docker.compose.core.DockerCli   :  9e482b60495e Downloading [=>                                                 ]  3.224MB/112.8MB
2025-08-05T06:28:36.816Z  INFO 1824 --- [utReader-stderr] o.s.boot.docker.compose.core.DockerCli   :  dcce1c0b58a8 Downloading [==================================================>]     129B/129B
2025-08-05T06:28:36.817Z  INFO 1824 --- [utReader-stderr] o.s.boot.docker.compose.core.DockerCli   :  dcce1c0b58a8 Verifying Checksum 
2025-08-05T06:28:36.817Z  INFO 1824 --- [utReader-stderr] o.s.boot.docker.compose.core.DockerCli   :  dcce1c0b58a8 Download complete 
2025-08-05T06:28:36.972Z  INFO 1824 --- [utReader-stderr] o.s.boot.docker.compose.core.DockerCli   :  9e482b60495e Downloading [=>                                                 ]  3.764MB/112.8MB
2025-08-05T06:28:37.258Z  INFO 1824 --- [utReader-stderr] o.s.boot.docker.compose.core.DockerCli   :  9e482b60495e Downloading [=>                                                 ]  4.301MB/112.8MB
2025-08-05T06:28:37.286Z  INFO 1824 --- [utReader-stderr] o.s.boot.docker.compose.core.DockerCli   :  59e22667830b Downloading [====================>                              ]  11.64MB/28.23MB
2025-08-05T06:28:37.535Z  INFO 1824 --- [utReader-stderr] o.s.boot.docker.compose.core.DockerCli   :  9e482b60495e Downloading [==>                                                ]  5.382MB/112.8MB
2025-08-05T06:28:37.561Z  INFO 1824 --- [utReader-stderr] o.s.boot.docker.compose.core.DockerCli   :  59e22667830b Downloading [=====================>                             ]  12.22MB/28.23MB
2025-08-05T06:28:37.820Z  INFO 1824 --- [utReader-stderr] o.s.boot.docker.compose.core.DockerCli   :  59e22667830b Downloading [======================>                            ]  12.51MB/28.23MB
2025-08-05T06:28:37.948Z  INFO 1824 --- [utReader-stderr] o.s.boot.docker.compose.core.DockerCli   :  59e22667830b Downloading [======================>                            ]   12.8MB/28.23MB
2025-08-05T06:28:38.083Z  INFO 1824 --- [utReader-stderr] o.s.boot.docker.compose.core.DockerCli   :  9e482b60495e Downloading [==>                                                ]  5.923MB/112.8MB
2025-08-05T06:28:38.148Z  INFO 1824 --- [utReader-stderr] o.s.boot.docker.compose.core.DockerCli   :  59e22667830b Downloading [=======================>                           ]   13.1MB/28.23MB
2025-08-05T06:28:38.242Z  INFO 1824 --- [utReader-stderr] o.s.boot.docker.compose.core.DockerCli   :  38072b29d55e Downloading [==================================================>]     167B/167B
2025-08-05T06:28:38.242Z  INFO 1824 --- [utReader-stderr] o.s.boot.docker.compose.core.DockerCli   :  38072b29d55e Download complete 
2025-08-05T06:28:38.330Z  INFO 1824 --- [utReader-stderr] o.s.boot.docker.compose.core.DockerCli   :  59e22667830b Downloading [=======================>                           ]  13.39MB/28.23MB
2025-08-05T06:28:38.531Z  INFO 1824 --- [utReader-stderr] o.s.boot.docker.compose.core.DockerCli   :  59e22667830b Downloading [========================>                          ]  13.68MB/28.23MB
2025-08-05T06:28:38.736Z  INFO 1824 --- [utReader-stderr] o.s.boot.docker.compose.core.DockerCli   :  59e22667830b Downloading [========================>                          ]  13.98MB/28.23MB
2025-08-05T06:28:38.895Z  INFO 1824 --- [utReader-stderr] o.s.boot.docker.compose.core.DockerCli   :  9e482b60495e Downloading [==>                                                ]  6.459MB/112.8MB
2025-08-05T06:28:38.936Z  INFO 1824 --- [utReader-stderr] o.s.boot.docker.compose.core.DockerCli   :  59e22667830b Downloading [=========================>                         ]  14.27MB/28.23MB
2025-08-05T06:28:39.283Z  INFO 1824 --- [utReader-stderr] o.s.boot.docker.compose.core.DockerCli   :  59e22667830b Downloading [=========================>                         ]  14.57MB/28.23MB
2025-08-05T06:28:39.320Z  INFO 1824 --- [utReader-stderr] o.s.boot.docker.compose.core.DockerCli   :  d98e5494f240 Downloading [========>                                          ]  1.049kB/5.926kB
2025-08-05T06:28:39.321Z  INFO 1824 --- [utReader-stderr] o.s.boot.docker.compose.core.DockerCli   :  d98e5494f240 Downloading [==================================================>]  5.926kB/5.926kB
2025-08-05T06:28:39.321Z  INFO 1824 --- [utReader-stderr] o.s.boot.docker.compose.core.DockerCli   :  d98e5494f240 Verifying Checksum 
2025-08-05T06:28:39.321Z  INFO 1824 --- [utReader-stderr] o.s.boot.docker.compose.core.DockerCli   :  d98e5494f240 Download complete 
2025-08-05T06:28:39.350Z  INFO 1824 --- [utReader-stderr] o.s.boot.docker.compose.core.DockerCli   :  9e482b60495e Downloading [===>                                               ]  8.077MB/112.8MB
2025-08-05T06:28:39.421Z  INFO 1824 --- [utReader-stderr] o.s.boot.docker.compose.core.DockerCli   :  59e22667830b Downloading [==========================>                        ]  14.86MB/28.23MB
2025-08-05T06:28:39.523Z  INFO 1824 --- [utReader-stderr] o.s.boot.docker.compose.core.DockerCli   :  9e482b60495e Downloading [===>                                               ]  8.606MB/112.8MB
2025-08-05T06:28:39.606Z  INFO 1824 --- [utReader-stderr] o.s.boot.docker.compose.core.DockerCli   :  59e22667830b Downloading [==========================>                        ]  15.16MB/28.23MB
2025-08-05T06:28:39.905Z  INFO 1824 --- [utReader-stderr] o.s.boot.docker.compose.core.DockerCli   :  9e482b60495e Downloading [====>                                              ]  9.146MB/112.8MB
2025-08-05T06:28:39.907Z  INFO 1824 --- [utReader-stderr] o.s.boot.docker.compose.core.DockerCli   :  59e22667830b Downloading [===========================>                       ]  15.45MB/28.23MB
2025-08-05T06:28:40.189Z  INFO 1824 --- [utReader-stderr] o.s.boot.docker.compose.core.DockerCli   :  9e482b60495e Downloading [====>                                              ]  9.687MB/112.8MB
2025-08-05T06:28:40.494Z  INFO 1824 --- [utReader-stderr] o.s.boot.docker.compose.core.DockerCli   :  59e22667830b Downloading [===========================>                       ]  15.75MB/28.23MB
2025-08-05T06:28:40.494Z  INFO 1824 --- [utReader-stderr] o.s.boot.docker.compose.core.DockerCli   :  9e482b60495e Downloading [====>                                              ]  10.22MB/112.8MB
2025-08-05T06:28:40.553Z  INFO 1824 --- [utReader-stderr] o.s.boot.docker.compose.core.DockerCli   :  017403a0b5e1 Downloading [==================================================>]     185B/185B
2025-08-05T06:28:40.553Z  INFO 1824 --- [utReader-stderr] o.s.boot.docker.compose.core.DockerCli   :  017403a0b5e1 Download complete 
2025-08-05T06:28:40.798Z  INFO 1824 --- [utReader-stderr] o.s.boot.docker.compose.core.DockerCli   :  9e482b60495e Downloading [====>                                              ]  10.75MB/112.8MB
2025-08-05T06:28:41.266Z  INFO 1824 --- [utReader-stderr] o.s.boot.docker.compose.core.DockerCli   :  59e22667830b Downloading [============================>                      ]  16.04MB/28.23MB
2025-08-05T06:28:41.274Z  INFO 1824 --- [utReader-stderr] o.s.boot.docker.compose.core.DockerCli   :  9e482b60495e Downloading [=====>                                             ]  11.29MB/112.8MB
2025-08-05T06:28:41.573Z  INFO 1824 --- [utReader-stderr] o.s.boot.docker.compose.core.DockerCli   :  59e22667830b Downloading [============================>                      ]  16.34MB/28.23MB
2025-08-05T06:28:41.943Z  INFO 1824 --- [utReader-stderr] o.s.boot.docker.compose.core.DockerCli   :  9e482b60495e Downloading [=====>                                             ]  12.37MB/112.8MB
2025-08-05T06:28:42.146Z  INFO 1824 --- [utReader-stderr] o.s.boot.docker.compose.core.DockerCli   :  9e482b60495e Downloading [=====>                                             ]   12.9MB/112.8MB
2025-08-05T06:28:42.166Z  INFO 1824 --- [utReader-stderr] o.s.boot.docker.compose.core.DockerCli   :  59e22667830b Downloading [=============================>                     ]  16.92MB/28.23MB
2025-08-05T06:28:42.335Z  INFO 1824 --- [utReader-stderr] o.s.boot.docker.compose.core.DockerCli   :  9e482b60495e Downloading [=====>                                             ]  13.43MB/112.8MB
2025-08-05T06:28:42.348Z  INFO 1824 --- [utReader-stderr] o.s.boot.docker.compose.core.DockerCli   :  59e22667830b Downloading [==============================>                    ]   17.5MB/28.23MB
2025-08-05T06:28:42.799Z  INFO 1824 --- [utReader-stderr] o.s.boot.docker.compose.core.DockerCli   :  9e482b60495e Downloading [======>                                            ]  13.98MB/112.8MB
2025-08-05T06:28:42.992Z  INFO 1824 --- [utReader-stderr] o.s.boot.docker.compose.core.DockerCli   :  9e482b60495e Downloading [======>                                            ]  14.51MB/112.8MB
2025-08-05T06:28:43.186Z  INFO 1824 --- [utReader-stderr] o.s.boot.docker.compose.core.DockerCli   :  9e482b60495e Downloading [======>                                            ]  15.58MB/112.8MB
2025-08-05T06:28:43.202Z  INFO 1824 --- [utReader-stderr] o.s.boot.docker.compose.core.DockerCli   :  59e22667830b Downloading [================================>                  ]  18.08MB/28.23MB
2025-08-05T06:28:43.323Z  INFO 1824 --- [utReader-stderr] o.s.boot.docker.compose.core.DockerCli   :  59e22667830b Downloading [================================>                  ]  18.38MB/28.23MB
2025-08-05T06:28:43.576Z  INFO 1824 --- [utReader-stderr] o.s.boot.docker.compose.core.DockerCli   :  9e482b60495e Downloading [=======>                                           ]  16.12MB/112.8MB
2025-08-05T06:28:43.605Z  INFO 1824 --- [utReader-stderr] o.s.boot.docker.compose.core.DockerCli   :  59e22667830b Downloading [=================================>                 ]  18.97MB/28.23MB
2025-08-05T06:28:43.929Z  INFO 1824 --- [utReader-stderr] o.s.boot.docker.compose.core.DockerCli   :  9e482b60495e Downloading [=======>                                           ]  16.66MB/112.8MB
2025-08-05T06:28:44.142Z  INFO 1824 --- [utReader-stderr] o.s.boot.docker.compose.core.DockerCli   :  59e22667830b Downloading [===================================>               ]  19.84MB/28.23MB
2025-08-05T06:28:44.269Z  INFO 1824 --- [utReader-stderr] o.s.boot.docker.compose.core.DockerCli   :  59e22667830b Downloading [===================================>               ]  20.14MB/28.23MB
2025-08-05T06:28:44.387Z  INFO 1824 --- [utReader-stderr] o.s.boot.docker.compose.core.DockerCli   :  9e482b60495e Downloading [=======>                                           ]   17.2MB/112.8MB
2025-08-05T06:28:44.477Z  INFO 1824 --- [utReader-stderr] o.s.boot.docker.compose.core.DockerCli   :  59e22667830b Downloading [====================================>              ]  20.43MB/28.23MB
2025-08-05T06:28:44.631Z  INFO 1824 --- [utReader-stderr] o.s.boot.docker.compose.core.DockerCli   :  9e482b60495e Downloading [=======>                                           ]  17.74MB/112.8MB
2025-08-05T06:28:44.644Z  INFO 1824 --- [utReader-stderr] o.s.boot.docker.compose.core.DockerCli   :  59e22667830b Downloading [====================================>              ]  20.72MB/28.23MB
2025-08-05T06:28:44.869Z  INFO 1824 --- [utReader-stderr] o.s.boot.docker.compose.core.DockerCli   :  59e22667830b Downloading [=====================================>             ]  21.01MB/28.23MB
2025-08-05T06:28:44.875Z  INFO 1824 --- [utReader-stderr] o.s.boot.docker.compose.core.DockerCli   :  9e482b60495e Downloading [========>                                          ]  18.28MB/112.8MB
2025-08-05T06:28:45.045Z  INFO 1824 --- [utReader-stderr] o.s.boot.docker.compose.core.DockerCli   :  59e22667830b Downloading [=====================================>             ]  21.31MB/28.23MB
2025-08-05T06:28:45.078Z  INFO 1824 --- [utReader-stderr] o.s.boot.docker.compose.core.DockerCli   :  9e482b60495e Downloading [========>                                          ]  18.82MB/112.8MB
2025-08-05T06:28:45.632Z  INFO 1824 --- [utReader-stderr] o.s.boot.docker.compose.core.DockerCli   :  9e482b60495e Downloading [========>                                          ]  19.35MB/112.8MB
2025-08-05T06:28:45.837Z  INFO 1824 --- [utReader-stderr] o.s.boot.docker.compose.core.DockerCli   :  9e482b60495e Downloading [========>                                          ]  19.89MB/112.8MB
2025-08-05T06:28:45.923Z  INFO 1824 --- [utReader-stderr] o.s.boot.docker.compose.core.DockerCli   :  59e22667830b Downloading [======================================>            ]  21.59MB/28.23MB
2025-08-05T06:28:46.182Z  INFO 1824 --- [utReader-stderr] o.s.boot.docker.compose.core.DockerCli   :  59e22667830b Downloading [=======================================>           ]  22.18MB/28.23MB
2025-08-05T06:28:46.250Z  INFO 1824 --- [utReader-stderr] o.s.boot.docker.compose.core.DockerCli   :  9e482b60495e Downloading [=========>                                         ]  20.43MB/112.8MB
2025-08-05T06:28:46.462Z  INFO 1824 --- [utReader-stderr] o.s.boot.docker.compose.core.DockerCli   :  9e482b60495e Downloading [=========>                                         ]  20.97MB/112.8MB
2025-08-05T06:28:46.723Z  INFO 1824 --- [utReader-stderr] o.s.boot.docker.compose.core.DockerCli   :  9e482b60495e Downloading [=========>                                         ]  21.51MB/112.8MB
2025-08-05T06:28:46.911Z  INFO 1824 --- [utReader-stderr] o.s.boot.docker.compose.core.DockerCli   :  9e482b60495e Downloading [=========>                                         ]  22.04MB/112.8MB
2025-08-05T06:28:47.064Z  INFO 1824 --- [utReader-stderr] o.s.boot.docker.compose.core.DockerCli   :  9e482b60495e Downloading [==========>                                        ]   23.1MB/112.8MB
2025-08-05T06:28:47.340Z  INFO 1824 --- [utReader-stderr] o.s.boot.docker.compose.core.DockerCli   :  9e482b60495e Downloading [==========>                                        ]  23.63MB/112.8MB
2025-08-05T06:28:47.549Z  INFO 1824 --- [utReader-stderr] o.s.boot.docker.compose.core.DockerCli   :  9e482b60495e Downloading [==========>                                        ]  24.16MB/112.8MB
2025-08-05T06:28:47.674Z  INFO 1824 --- [utReader-stderr] o.s.boot.docker.compose.core.DockerCli   :  59e22667830b Downloading [=======================================>           ]  22.47MB/28.23MB
2025-08-05T06:28:47.773Z  INFO 1824 --- [utReader-stderr] o.s.boot.docker.compose.core.DockerCli   :  9e482b60495e Downloading [==========>                                        ]  24.69MB/112.8MB
2025-08-05T06:28:48.217Z  INFO 1824 --- [utReader-stderr] o.s.boot.docker.compose.core.DockerCli   :  9e482b60495e Downloading [===========>                                       ]  25.24MB/112.8MB
2025-08-05T06:28:48.256Z  INFO 1824 --- [utReader-stderr] o.s.boot.docker.compose.core.DockerCli   :  59e22667830b Downloading [=========================================>         ]  23.63MB/28.23MB
2025-08-05T06:28:48.518Z  INFO 1824 --- [utReader-stderr] o.s.boot.docker.compose.core.DockerCli   :  9e482b60495e Downloading [===========>                                       ]  25.78MB/112.8MB
2025-08-05T06:28:48.706Z  INFO 1824 --- [utReader-stderr] o.s.boot.docker.compose.core.DockerCli   :  59e22667830b Downloading [==========================================>        ]  23.92MB/28.23MB
2025-08-05T06:28:48.796Z  INFO 1824 --- [utReader-stderr] o.s.boot.docker.compose.core.DockerCli   :  9e482b60495e Downloading [===========>                                       ]  26.86MB/112.8MB
2025-08-05T06:28:49.141Z  INFO 1824 --- [utReader-stderr] o.s.boot.docker.compose.core.DockerCli   :  9e482b60495e Downloading [============>                                      ]   27.4MB/112.8MB
2025-08-05T06:28:49.168Z  INFO 1824 --- [utReader-stderr] o.s.boot.docker.compose.core.DockerCli   :  59e22667830b Downloading [==========================================>        ]  24.22MB/28.23MB
2025-08-05T06:28:49.301Z  INFO 1824 --- [utReader-stderr] o.s.boot.docker.compose.core.DockerCli   :  9e482b60495e Downloading [============>                                      ]  27.93MB/112.8MB
2025-08-05T06:28:49.419Z  INFO 1824 --- [utReader-stderr] o.s.boot.docker.compose.core.DockerCli   :  9e482b60495e Downloading [============>                                      ]  28.47MB/112.8MB
2025-08-05T06:28:49.653Z  INFO 1824 --- [utReader-stderr] o.s.boot.docker.compose.core.DockerCli   :  9e482b60495e Downloading [============>                                      ]  29.01MB/112.8MB
2025-08-05T06:28:49.870Z  INFO 1824 --- [utReader-stderr] o.s.boot.docker.compose.core.DockerCli   :  59e22667830b Downloading [===========================================>       ]  24.51MB/28.23MB
2025-08-05T06:28:49.910Z  INFO 1824 --- [utReader-stderr] o.s.boot.docker.compose.core.DockerCli   :  9e482b60495e Downloading [=============>                                     ]  29.55MB/112.8MB
2025-08-05T06:28:50.220Z  INFO 1824 --- [utReader-stderr] o.s.boot.docker.compose.core.DockerCli   :  9e482b60495e Downloading [=============>                                     ]  30.09MB/112.8MB
2025-08-05T06:28:50.615Z  INFO 1824 --- [utReader-stderr] o.s.boot.docker.compose.core.DockerCli   :  9e482b60495e Downloading [=============>                                     ]  30.63MB/112.8MB
2025-08-05T06:28:50.672Z  INFO 1824 --- [utReader-stderr] o.s.boot.docker.compose.core.DockerCli   :  59e22667830b Downloading [===========================================>       ]  24.81MB/28.23MB
2025-08-05T06:28:50.838Z  INFO 1824 --- [utReader-stderr] o.s.boot.docker.compose.core.DockerCli   :  9e482b60495e Downloading [=============>                                     ]  31.17MB/112.8MB
2025-08-05T06:28:51.066Z  INFO 1824 --- [utReader-stderr] o.s.boot.docker.compose.core.DockerCli   :  59e22667830b Downloading [============================================>      ]   25.1MB/28.23MB
2025-08-05T06:28:51.261Z  INFO 1824 --- [utReader-stderr] o.s.boot.docker.compose.core.DockerCli   :  9e482b60495e Downloading [==============>                                    ]  32.24MB/112.8MB
2025-08-05T06:28:51.281Z  INFO 1824 --- [utReader-stderr] o.s.boot.docker.compose.core.DockerCli   :  59e22667830b Downloading [============================================>      ]  25.39MB/28.23MB
2025-08-05T06:28:51.465Z  INFO 1824 --- [utReader-stderr] o.s.boot.docker.compose.core.DockerCli   :  9e482b60495e Downloading [==============>                                    ]  32.78MB/112.8MB
2025-08-05T06:28:51.570Z  INFO 1824 --- [utReader-stderr] o.s.boot.docker.compose.core.DockerCli   :  59e22667830b Downloading [=============================================>     ]  25.68MB/28.23MB
2025-08-05T06:28:51.802Z  INFO 1824 --- [utReader-stderr] o.s.boot.docker.compose.core.DockerCli   :  9e482b60495e Downloading [==============>                                    ]  33.31MB/112.8MB
2025-08-05T06:28:51.910Z  INFO 1824 --- [utReader-stderr] o.s.boot.docker.compose.core.DockerCli   :  9e482b60495e Downloading [===============>                                   ]  33.85MB/112.8MB
2025-08-05T06:28:51.934Z  INFO 1824 --- [utReader-stderr] o.s.boot.docker.compose.core.DockerCli   :  59e22667830b Downloading [==============================================>    ]  25.97MB/28.23MB
2025-08-05T06:28:52.212Z  INFO 1824 --- [utReader-stderr] o.s.boot.docker.compose.core.DockerCli   :  9e482b60495e Downloading [===============>                                   ]  34.38MB/112.8MB
2025-08-05T06:28:52.308Z  INFO 1824 --- [utReader-stderr] o.s.boot.docker.compose.core.DockerCli   :  59e22667830b Downloading [==============================================>    ]  26.27MB/28.23MB
2025-08-05T06:28:52.635Z  INFO 1824 --- [utReader-stderr] o.s.boot.docker.compose.core.DockerCli   :  9e482b60495e Downloading [===============>                                   ]  34.91MB/112.8MB
2025-08-05T06:28:52.642Z  INFO 1824 --- [utReader-stderr] o.s.boot.docker.compose.core.DockerCli   :  59e22667830b Downloading [===============================================>   ]  26.55MB/28.23MB
2025-08-05T06:28:52.767Z  INFO 1824 --- [utReader-stderr] o.s.boot.docker.compose.core.DockerCli   :  59e22667830b Downloading [===============================================>   ]  26.85MB/28.23MB
2025-08-05T06:28:53.016Z  INFO 1824 --- [utReader-stderr] o.s.boot.docker.compose.core.DockerCli   :  59e22667830b Downloading [================================================>  ]  27.14MB/28.23MB
2025-08-05T06:28:53.097Z  INFO 1824 --- [utReader-stderr] o.s.boot.docker.compose.core.DockerCli   :  9e482b60495e Downloading [===============>                                   ]  35.98MB/112.8MB
2025-08-05T06:28:53.303Z  INFO 1824 --- [utReader-stderr] o.s.boot.docker.compose.core.DockerCli   :  59e22667830b Downloading [=================================================> ]  27.73MB/28.23MB
2025-08-05T06:28:53.551Z  INFO 1824 --- [utReader-stderr] o.s.boot.docker.compose.core.DockerCli   :  59e22667830b Downloading [=================================================> ]  28.03MB/28.23MB
2025-08-05T06:28:53.563Z  INFO 1824 --- [utReader-stderr] o.s.boot.docker.compose.core.DockerCli   :  9e482b60495e Downloading [================>                                  ]  36.52MB/112.8MB
2025-08-05T06:28:53.586Z  INFO 1824 --- [utReader-stderr] o.s.boot.docker.compose.core.DockerCli   :  59e22667830b Verifying Checksum 
2025-08-05T06:28:53.586Z  INFO 1824 --- [utReader-stderr] o.s.boot.docker.compose.core.DockerCli   :  59e22667830b Download complete 
2025-08-05T06:28:53.677Z  INFO 1824 --- [utReader-stderr] o.s.boot.docker.compose.core.DockerCli   :  59e22667830b Extracting [>                                                  ]  294.9kB/28.23MB
2025-08-05T06:28:53.789Z  INFO 1824 --- [utReader-stderr] o.s.boot.docker.compose.core.DockerCli   :  59e22667830b Extracting [===>                                               ]  2.064MB/28.23MB
2025-08-05T06:28:53.903Z  INFO 1824 --- [utReader-stderr] o.s.boot.docker.compose.core.DockerCli   :  59e22667830b Extracting [=======>                                           ]  4.129MB/28.23MB
2025-08-05T06:28:54.022Z  INFO 1824 --- [utReader-stderr] o.s.boot.docker.compose.core.DockerCli   :  59e22667830b Extracting [===========>                                       ]  6.488MB/28.23MB
2025-08-05T06:28:54.128Z  INFO 1824 --- [utReader-stderr] o.s.boot.docker.compose.core.DockerCli   :  59e22667830b Extracting [==============>                                    ]  8.258MB/28.23MB
2025-08-05T06:28:54.216Z  INFO 1824 --- [utReader-stderr] o.s.boot.docker.compose.core.DockerCli   :  9e482b60495e Downloading [================>                                  ]  37.06MB/112.8MB
2025-08-05T06:28:54.258Z  INFO 1824 --- [utReader-stderr] o.s.boot.docker.compose.core.DockerCli   :  59e22667830b Extracting [================>                                  ]  9.142MB/28.23MB
2025-08-05T06:28:54.399Z  INFO 1824 --- [utReader-stderr] o.s.boot.docker.compose.core.DockerCli   :  59e22667830b Extracting [=================>                                 ]  10.03MB/28.23MB
2025-08-05T06:28:54.540Z  INFO 1824 --- [utReader-stderr] o.s.boot.docker.compose.core.DockerCli   :  59e22667830b Extracting [===================>                               ]  11.21MB/28.23MB
2025-08-05T06:28:54.570Z  INFO 1824 --- [utReader-stderr] o.s.boot.docker.compose.core.DockerCli   :  9e482b60495e Downloading [=================>                                 ]  38.67MB/112.8MB
2025-08-05T06:28:54.649Z  INFO 1824 --- [utReader-stderr] o.s.boot.docker.compose.core.DockerCli   :  59e22667830b Extracting [========================>                          ]  13.86MB/28.23MB
2025-08-05T06:28:54.754Z  INFO 1824 --- [utReader-stderr] o.s.boot.docker.compose.core.DockerCli   :  59e22667830b Extracting [=============================>                     ]  16.52MB/28.23MB
2025-08-05T06:28:54.858Z  INFO 1824 --- [utReader-stderr] o.s.boot.docker.compose.core.DockerCli   :  59e22667830b Extracting [==================================>                ]  19.46MB/28.23MB
2025-08-05T06:28:54.930Z  INFO 1824 --- [utReader-stderr] o.s.boot.docker.compose.core.DockerCli   :  9e482b60495e Downloading [=================>                                 ]  39.73MB/112.8MB
2025-08-05T06:28:54.969Z  INFO 1824 --- [utReader-stderr] o.s.boot.docker.compose.core.DockerCli   :  59e22667830b Extracting [======================================>            ]  21.53MB/28.23MB
2025-08-05T06:28:55.098Z  INFO 1824 --- [utReader-stderr] o.s.boot.docker.compose.core.DockerCli   :  59e22667830b Extracting [=========================================>         ]   23.3MB/28.23MB
2025-08-05T06:28:55.157Z  INFO 1824 --- [utReader-stderr] o.s.boot.docker.compose.core.DockerCli   :  9e482b60495e Downloading [=================>                                 ]  40.27MB/112.8MB
2025-08-05T06:28:55.323Z  INFO 1824 --- [utReader-stderr] o.s.boot.docker.compose.core.DockerCli   :  9e482b60495e Downloading [==================>                                ]   40.8MB/112.8MB
2025-08-05T06:28:55.486Z  INFO 1824 --- [utReader-stderr] o.s.boot.docker.compose.core.DockerCli   :  9e482b60495e Downloading [==================>                                ]  41.34MB/112.8MB
2025-08-05T06:28:55.601Z  INFO 1824 --- [utReader-stderr] o.s.boot.docker.compose.core.DockerCli   :  59e22667830b Extracting [==========================================>        ]  23.89MB/28.23MB
2025-08-05T06:28:55.650Z  INFO 1824 --- [utReader-stderr] o.s.boot.docker.compose.core.DockerCli   :  9e482b60495e Downloading [==================>                                ]  41.88MB/112.8MB
2025-08-05T06:28:55.724Z  INFO 1824 --- [utReader-stderr] o.s.boot.docker.compose.core.DockerCli   :  59e22667830b Extracting [============================================>      ]  25.07MB/28.23MB
2025-08-05T06:28:55.880Z  INFO 1824 --- [utReader-stderr] o.s.boot.docker.compose.core.DockerCli   :  9e482b60495e Downloading [==================>                                ]  42.42MB/112.8MB
2025-08-05T06:28:56.019Z  INFO 1824 --- [utReader-stderr] o.s.boot.docker.compose.core.DockerCli   :  59e22667830b Extracting [===============================================>   ]  26.84MB/28.23MB
2025-08-05T06:28:56.034Z  INFO 1824 --- [utReader-stderr] o.s.boot.docker.compose.core.DockerCli   :  9e482b60495e Downloading [===================>                               ]  42.96MB/112.8MB
2025-08-05T06:28:56.208Z  INFO 1824 --- [utReader-stderr] o.s.boot.docker.compose.core.DockerCli   :  9e482b60495e Downloading [===================>                               ]  43.49MB/112.8MB
2025-08-05T06:28:56.245Z  INFO 1824 --- [utReader-stderr] o.s.boot.docker.compose.core.DockerCli   :  59e22667830b Extracting [================================================>  ]  27.13MB/28.23MB
2025-08-05T06:28:56.348Z  INFO 1824 --- [utReader-stderr] o.s.boot.docker.compose.core.DockerCli   :  9e482b60495e Downloading [===================>                               ]  44.02MB/112.8MB
2025-08-05T06:28:56.550Z  INFO 1824 --- [utReader-stderr] o.s.boot.docker.compose.core.DockerCli   :  9e482b60495e Downloading [===================>                               ]  44.56MB/112.8MB
2025-08-05T06:28:56.844Z  INFO 1824 --- [utReader-stderr] o.s.boot.docker.compose.core.DockerCli   :  9e482b60495e Downloading [====================>                              ]  45.63MB/112.8MB
2025-08-05T06:28:56.946Z  INFO 1824 --- [utReader-stderr] o.s.boot.docker.compose.core.DockerCli   :  59e22667830b Extracting [================================================>  ]  27.43MB/28.23MB
2025-08-05T06:28:57.118Z  INFO 1824 --- [utReader-stderr] o.s.boot.docker.compose.core.DockerCli   :  59e22667830b Extracting [=================================================> ]  28.02MB/28.23MB
2025-08-05T06:28:57.197Z  INFO 1824 --- [utReader-stderr] o.s.boot.docker.compose.core.DockerCli   :  9e482b60495e Downloading [====================>                              ]  46.16MB/112.8MB
2025-08-05T06:28:57.318Z  INFO 1824 --- [utReader-stderr] o.s.boot.docker.compose.core.DockerCli   :  59e22667830b Extracting [==================================================>]  28.23MB/28.23MB
2025-08-05T06:28:57.397Z  INFO 1824 --- [utReader-stderr] o.s.boot.docker.compose.core.DockerCli   :  9e482b60495e Downloading [====================>                              ]   46.7MB/112.8MB
2025-08-05T06:28:57.421Z  INFO 1824 --- [utReader-stderr] o.s.boot.docker.compose.core.DockerCli   :  59e22667830b Pull complete 
2025-08-05T06:28:57.427Z  INFO 1824 --- [utReader-stderr] o.s.boot.docker.compose.core.DockerCli   :  c2922dd5c76b Extracting [==================================================>]  1.167kB/1.167kB
2025-08-05T06:28:57.428Z  INFO 1824 --- [utReader-stderr] o.s.boot.docker.compose.core.DockerCli   :  c2922dd5c76b Extracting [==================================================>]  1.167kB/1.167kB
2025-08-05T06:28:57.465Z  INFO 1824 --- [utReader-stderr] o.s.boot.docker.compose.core.DockerCli   :  c2922dd5c76b Pull complete 
2025-08-05T06:28:57.475Z  INFO 1824 --- [utReader-stderr] o.s.boot.docker.compose.core.DockerCli   :  28b0f0abf5b3 Extracting [>                                                  ]  65.54kB/4.534MB
2025-08-05T06:28:57.499Z  INFO 1824 --- [utReader-stderr] o.s.boot.docker.compose.core.DockerCli   :  9e482b60495e Downloading [====================>                              ]  47.24MB/112.8MB
2025-08-05T06:28:57.575Z  INFO 1824 --- [utReader-stderr] o.s.boot.docker.compose.core.DockerCli   :  28b0f0abf5b3 Extracting [============================>                      ]  2.621MB/4.534MB
2025-08-05T06:28:57.680Z  INFO 1824 --- [utReader-stderr] o.s.boot.docker.compose.core.DockerCli   :  28b0f0abf5b3 Extracting [=================================================> ]  4.522MB/4.534MB
2025-08-05T06:28:57.693Z  INFO 1824 --- [utReader-stderr] o.s.boot.docker.compose.core.DockerCli   :  9e482b60495e Downloading [=====================>                             ]  47.78MB/112.8MB
2025-08-05T06:28:57.716Z  INFO 1824 --- [utReader-stderr] o.s.boot.docker.compose.core.DockerCli   :  28b0f0abf5b3 Extracting [==================================================>]  4.534MB/4.534MB
2025-08-05T06:28:57.847Z  INFO 1824 --- [utReader-stderr] o.s.boot.docker.compose.core.DockerCli   :  28b0f0abf5b3 Pull complete 
2025-08-05T06:28:57.854Z  INFO 1824 --- [utReader-stderr] o.s.boot.docker.compose.core.DockerCli   :  a623957f847d Extracting [=>                                                 ]  32.77kB/1.447MB
2025-08-05T06:28:57.903Z  INFO 1824 --- [utReader-stderr] o.s.boot.docker.compose.core.DockerCli   :  9e482b60495e Downloading [=====================>                             ]  48.32MB/112.8MB
2025-08-05T06:28:57.939Z  INFO 1824 --- [utReader-stderr] o.s.boot.docker.compose.core.DockerCli   :  a623957f847d Extracting [==================================================>]  1.447MB/1.447MB
2025-08-05T06:28:57.985Z  INFO 1824 --- [utReader-stderr] o.s.boot.docker.compose.core.DockerCli   :  a623957f847d Pull complete 
2025-08-05T06:28:57.993Z  INFO 1824 --- [utReader-stderr] o.s.boot.docker.compose.core.DockerCli   :  bfabbcdba989 Extracting [>                                                  ]   98.3kB/8.066MB
2025-08-05T06:28:58.100Z  INFO 1824 --- [utReader-stderr] o.s.boot.docker.compose.core.DockerCli   :  bfabbcdba989 Extracting [=========>                                         ]  1.475MB/8.066MB
2025-08-05T06:28:58.115Z  INFO 1824 --- [utReader-stderr] o.s.boot.docker.compose.core.DockerCli   :  9e482b60495e Downloading [=====================>                             ]   49.4MB/112.8MB
2025-08-05T06:28:58.220Z  INFO 1824 --- [utReader-stderr] o.s.boot.docker.compose.core.DockerCli   :  bfabbcdba989 Extracting [==================>                                ]  3.047MB/8.066MB
2025-08-05T06:28:58.326Z  INFO 1824 --- [utReader-stderr] o.s.boot.docker.compose.core.DockerCli   :  bfabbcdba989 Extracting [=======================>                           ]  3.834MB/8.066MB
2025-08-05T06:28:58.433Z  INFO 1824 --- [utReader-stderr] o.s.boot.docker.compose.core.DockerCli   :  bfabbcdba989 Extracting [============================>                      ]  4.522MB/8.066MB
2025-08-05T06:28:58.434Z  INFO 1824 --- [utReader-stderr] o.s.boot.docker.compose.core.DockerCli   :  9e482b60495e Downloading [======================>                            ]  49.94MB/112.8MB
2025-08-05T06:28:58.565Z  INFO 1824 --- [utReader-stderr] o.s.boot.docker.compose.core.DockerCli   :  bfabbcdba989 Extracting [=============================>                     ]  4.817MB/8.066MB
2025-08-05T06:28:58.616Z  INFO 1824 --- [utReader-stderr] o.s.boot.docker.compose.core.DockerCli   :  9e482b60495e Downloading [======================>                            ]  50.48MB/112.8MB
2025-08-05T06:28:58.668Z  INFO 1824 --- [utReader-stderr] o.s.boot.docker.compose.core.DockerCli   :  bfabbcdba989 Extracting [===================================>               ]    5.8MB/8.066MB
2025-08-05T06:28:58.769Z  INFO 1824 --- [utReader-stderr] o.s.boot.docker.compose.core.DockerCli   :  bfabbcdba989 Extracting [=====================================>             ]  6.095MB/8.066MB
2025-08-05T06:28:58.875Z  INFO 1824 --- [utReader-stderr] o.s.boot.docker.compose.core.DockerCli   :  bfabbcdba989 Extracting [===========================================>       ]  7.078MB/8.066MB
2025-08-05T06:28:58.953Z  INFO 1824 --- [utReader-stderr] o.s.boot.docker.compose.core.DockerCli   :  bfabbcdba989 Extracting [==================================================>]  8.066MB/8.066MB
2025-08-05T06:28:59.013Z  INFO 1824 --- [utReader-stderr] o.s.boot.docker.compose.core.DockerCli   :  bfabbcdba989 Pull complete 
2025-08-05T06:28:59.019Z  INFO 1824 --- [utReader-stderr] o.s.boot.docker.compose.core.DockerCli   :  0e5bba37029a Extracting [=>                                                 ]  32.77kB/1.196MB
2025-08-05T06:28:59.062Z  INFO 1824 --- [utReader-stderr] o.s.boot.docker.compose.core.DockerCli   :  9e482b60495e Downloading [======================>                            ]  51.55MB/112.8MB
2025-08-05T06:28:59.102Z  INFO 1824 --- [utReader-stderr] o.s.boot.docker.compose.core.DockerCli   :  0e5bba37029a Extracting [==================================================>]  1.196MB/1.196MB
2025-08-05T06:28:59.114Z  INFO 1824 --- [utReader-stderr] o.s.boot.docker.compose.core.DockerCli   :  0e5bba37029a Extracting [==================================================>]  1.196MB/1.196MB
2025-08-05T06:28:59.193Z  INFO 1824 --- [utReader-stderr] o.s.boot.docker.compose.core.DockerCli   :  0e5bba37029a Pull complete 
2025-08-05T06:28:59.200Z  INFO 1824 --- [utReader-stderr] o.s.boot.docker.compose.core.DockerCli   :  1ed9ff0b5160 Extracting [==================================================>]     116B/116B
2025-08-05T06:28:59.201Z  INFO 1824 --- [utReader-stderr] o.s.boot.docker.compose.core.DockerCli   :  1ed9ff0b5160 Extracting [==================================================>]     116B/116B
2025-08-05T06:28:59.233Z  INFO 1824 --- [utReader-stderr] o.s.boot.docker.compose.core.DockerCli   :  1ed9ff0b5160 Pull complete 
2025-08-05T06:28:59.239Z  INFO 1824 --- [utReader-stderr] o.s.boot.docker.compose.core.DockerCli   :  06b2fd76987c Extracting [==================================================>]  3.144kB/3.144kB
2025-08-05T06:28:59.239Z  INFO 1824 --- [utReader-stderr] o.s.boot.docker.compose.core.DockerCli   :  06b2fd76987c Extracting [==================================================>]  3.144kB/3.144kB
2025-08-05T06:28:59.269Z  INFO 1824 --- [utReader-stderr] o.s.boot.docker.compose.core.DockerCli   :  06b2fd76987c Pull complete 
2025-08-05T06:28:59.344Z  INFO 1824 --- [utReader-stderr] o.s.boot.docker.compose.core.DockerCli   :  9e482b60495e Downloading [=======================>                           ]  52.63MB/112.8MB
2025-08-05T06:28:59.643Z  INFO 1824 --- [utReader-stderr] o.s.boot.docker.compose.core.DockerCli   :  9e482b60495e Downloading [=======================>                           ]  53.16MB/112.8MB
2025-08-05T06:28:59.775Z  INFO 1824 --- [utReader-stderr] o.s.boot.docker.compose.core.DockerCli   :  9e482b60495e Downloading [=======================>                           ]   53.7MB/112.8MB
2025-08-05T06:28:59.995Z  INFO 1824 --- [utReader-stderr] o.s.boot.docker.compose.core.DockerCli   :  9e482b60495e Downloading [========================>                          ]  54.24MB/112.8MB
2025-08-05T06:29:00.295Z  INFO 1824 --- [utReader-stderr] o.s.boot.docker.compose.core.DockerCli   :  9e482b60495e Downloading [========================>                          ]  54.78MB/112.8MB
2025-08-05T06:29:00.523Z  INFO 1824 --- [utReader-stderr] o.s.boot.docker.compose.core.DockerCli   :  9e482b60495e Downloading [========================>                          ]  55.86MB/112.8MB
2025-08-05T06:29:00.714Z  INFO 1824 --- [utReader-stderr] o.s.boot.docker.compose.core.DockerCli   :  9e482b60495e Downloading [========================>                          ]  56.39MB/112.8MB
2025-08-05T06:29:00.938Z  INFO 1824 --- [utReader-stderr] o.s.boot.docker.compose.core.DockerCli   :  9e482b60495e Downloading [=========================>                         ]  56.93MB/112.8MB
2025-08-05T06:29:01.137Z  INFO 1824 --- [utReader-stderr] o.s.boot.docker.compose.core.DockerCli   :  9e482b60495e Downloading [=========================>                         ]  57.47MB/112.8MB
2025-08-05T06:29:01.572Z  INFO 1824 --- [utReader-stderr] o.s.boot.docker.compose.core.DockerCli   :  9e482b60495e Downloading [=========================>                         ]     58MB/112.8MB
2025-08-05T06:29:01.805Z  INFO 1824 --- [utReader-stderr] o.s.boot.docker.compose.core.DockerCli   :  9e482b60495e Downloading [==========================>                        ]  59.61MB/112.8MB
2025-08-05T06:29:01.982Z  INFO 1824 --- [utReader-stderr] o.s.boot.docker.compose.core.DockerCli   :  9e482b60495e Downloading [==========================>                        ]  60.14MB/112.8MB
2025-08-05T06:29:02.198Z  INFO 1824 --- [utReader-stderr] o.s.boot.docker.compose.core.DockerCli   :  9e482b60495e Downloading [===========================>                       ]  61.21MB/112.8MB
2025-08-05T06:29:02.529Z  INFO 1824 --- [utReader-stderr] o.s.boot.docker.compose.core.DockerCli   :  9e482b60495e Downloading [===========================>                       ]  61.74MB/112.8MB
2025-08-05T06:29:02.847Z  INFO 1824 --- [utReader-stderr] o.s.boot.docker.compose.core.DockerCli   :  9e482b60495e Downloading [===========================>                       ]  62.81MB/112.8MB
2025-08-05T06:29:03.306Z  INFO 1824 --- [utReader-stderr] o.s.boot.docker.compose.core.DockerCli   :  9e482b60495e Downloading [============================>                      ]  63.34MB/112.8MB
2025-08-05T06:29:03.536Z  INFO 1824 --- [utReader-stderr] o.s.boot.docker.compose.core.DockerCli   :  9e482b60495e Downloading [============================>                      ]  64.41MB/112.8MB
2025-08-05T06:29:03.689Z  INFO 1824 --- [utReader-stderr] o.s.boot.docker.compose.core.DockerCli   :  9e482b60495e Downloading [============================>                      ]  64.95MB/112.8MB
2025-08-05T06:29:04.110Z  INFO 1824 --- [utReader-stderr] o.s.boot.docker.compose.core.DockerCli   :  9e482b60495e Downloading [=============================>                     ]  65.49MB/112.8MB
2025-08-05T06:29:04.286Z  INFO 1824 --- [utReader-stderr] o.s.boot.docker.compose.core.DockerCli   :  9e482b60495e Downloading [=============================>                     ]  66.57MB/112.8MB
2025-08-05T06:29:04.485Z  INFO 1824 --- [utReader-stderr] o.s.boot.docker.compose.core.DockerCli   :  9e482b60495e Downloading [=============================>                     ]   67.1MB/112.8MB
2025-08-05T06:29:04.647Z  INFO 1824 --- [utReader-stderr] o.s.boot.docker.compose.core.DockerCli   :  9e482b60495e Downloading [=============================>                     ]  67.65MB/112.8MB
2025-08-05T06:29:04.796Z  INFO 1824 --- [utReader-stderr] o.s.boot.docker.compose.core.DockerCli   :  9e482b60495e Downloading [==============================>                    ]  68.19MB/112.8MB
2025-08-05T06:29:04.966Z  INFO 1824 --- [utReader-stderr] o.s.boot.docker.compose.core.DockerCli   :  9e482b60495e Downloading [==============================>                    ]  68.71MB/112.8MB
2025-08-05T06:29:05.376Z  INFO 1824 --- [utReader-stderr] o.s.boot.docker.compose.core.DockerCli   :  9e482b60495e Downloading [==============================>                    ]  69.25MB/112.8MB
2025-08-05T06:29:05.593Z  INFO 1824 --- [utReader-stderr] o.s.boot.docker.compose.core.DockerCli   :  9e482b60495e Downloading [===============================>                   ]  70.33MB/112.8MB
2025-08-05T06:29:05.714Z  INFO 1824 --- [utReader-stderr] o.s.boot.docker.compose.core.DockerCli   :  9e482b60495e Downloading [===============================>                   ]  70.86MB/112.8MB
2025-08-05T06:29:05.891Z  INFO 1824 --- [utReader-stderr] o.s.boot.docker.compose.core.DockerCli   :  9e482b60495e Downloading [===============================>                   ]  71.39MB/112.8MB
2025-08-05T06:29:06.134Z  INFO 1824 --- [utReader-stderr] o.s.boot.docker.compose.core.DockerCli   :  9e482b60495e Downloading [===============================>                   ]  71.92MB/112.8MB
2025-08-05T06:29:06.407Z  INFO 1824 --- [utReader-stderr] o.s.boot.docker.compose.core.DockerCli   :  9e482b60495e Downloading [================================>                  ]  72.46MB/112.8MB
2025-08-05T06:29:06.968Z  INFO 1824 --- [utReader-stderr] o.s.boot.docker.compose.core.DockerCli   :  9e482b60495e Downloading [================================>                  ]     73MB/112.8MB
2025-08-05T06:29:07.240Z  INFO 1824 --- [utReader-stderr] o.s.boot.docker.compose.core.DockerCli   :  9e482b60495e Downloading [================================>                  ]  74.08MB/112.8MB
2025-08-05T06:29:07.349Z  INFO 1824 --- [utReader-stderr] o.s.boot.docker.compose.core.DockerCli   :  9e482b60495e Downloading [=================================>                 ]  75.69MB/112.8MB
2025-08-05T06:29:07.541Z  INFO 1824 --- [utReader-stderr] o.s.boot.docker.compose.core.DockerCli   :  9e482b60495e Downloading [=================================>                 ]  76.23MB/112.8MB
2025-08-05T06:29:07.778Z  INFO 1824 --- [utReader-stderr] o.s.boot.docker.compose.core.DockerCli   :  9e482b60495e Downloading [==================================>                ]  76.75MB/112.8MB
2025-08-05T06:29:07.961Z  INFO 1824 --- [utReader-stderr] o.s.boot.docker.compose.core.DockerCli   :  9e482b60495e Downloading [==================================>                ]  77.29MB/112.8MB
2025-08-05T06:29:08.217Z  INFO 1824 --- [utReader-stderr] o.s.boot.docker.compose.core.DockerCli   :  9e482b60495e Downloading [==================================>                ]  77.83MB/112.8MB
2025-08-05T06:29:08.346Z  INFO 1824 --- [utReader-stderr] o.s.boot.docker.compose.core.DockerCli   :  9e482b60495e Downloading [==================================>                ]  78.37MB/112.8MB
2025-08-05T06:29:08.898Z  INFO 1824 --- [utReader-stderr] o.s.boot.docker.compose.core.DockerCli   :  9e482b60495e Downloading [==================================>                ]   78.9MB/112.8MB
2025-08-05T06:29:09.113Z  INFO 1824 --- [utReader-stderr] o.s.boot.docker.compose.core.DockerCli   :  9e482b60495e Downloading [===================================>               ]  80.51MB/112.8MB
2025-08-05T06:29:09.309Z  INFO 1824 --- [utReader-stderr] o.s.boot.docker.compose.core.DockerCli   :  9e482b60495e Downloading [===================================>               ]  81.04MB/112.8MB
2025-08-05T06:29:09.621Z  INFO 1824 --- [utReader-stderr] o.s.boot.docker.compose.core.DockerCli   :  9e482b60495e Downloading [====================================>              ]  82.12MB/112.8MB
2025-08-05T06:29:09.852Z  INFO 1824 --- [utReader-stderr] o.s.boot.docker.compose.core.DockerCli   :  9e482b60495e Downloading [====================================>              ]   83.2MB/112.8MB
2025-08-05T06:29:10.044Z  INFO 1824 --- [utReader-stderr] o.s.boot.docker.compose.core.DockerCli   :  9e482b60495e Downloading [=====================================>             ]  83.73MB/112.8MB
2025-08-05T06:29:10.233Z  INFO 1824 --- [utReader-stderr] o.s.boot.docker.compose.core.DockerCli   :  9e482b60495e Downloading [=====================================>             ]  84.27MB/112.8MB
2025-08-05T06:29:10.410Z  INFO 1824 --- [utReader-stderr] o.s.boot.docker.compose.core.DockerCli   :  9e482b60495e Downloading [=====================================>             ]   84.8MB/112.8MB
2025-08-05T06:29:10.793Z  INFO 1824 --- [utReader-stderr] o.s.boot.docker.compose.core.DockerCli   :  9e482b60495e Downloading [=====================================>             ]  85.34MB/112.8MB
2025-08-05T06:29:11.194Z  INFO 1824 --- [utReader-stderr] o.s.boot.docker.compose.core.DockerCli   :  9e482b60495e Downloading [======================================>            ]  86.41MB/112.8MB
2025-08-05T06:29:11.390Z  INFO 1824 --- [utReader-stderr] o.s.boot.docker.compose.core.DockerCli   :  9e482b60495e Downloading [======================================>            ]  86.95MB/112.8MB
2025-08-05T06:29:11.584Z  INFO 1824 --- [utReader-stderr] o.s.boot.docker.compose.core.DockerCli   :  9e482b60495e Downloading [=======================================>           ]  88.04MB/112.8MB
2025-08-05T06:29:11.902Z  INFO 1824 --- [utReader-stderr] o.s.boot.docker.compose.core.DockerCli   :  9e482b60495e Downloading [=======================================>           ]  89.11MB/112.8MB
2025-08-05T06:29:12.057Z  INFO 1824 --- [utReader-stderr] o.s.boot.docker.compose.core.DockerCli   :  9e482b60495e Downloading [=======================================>           ]  89.65MB/112.8MB
2025-08-05T06:29:12.270Z  INFO 1824 --- [utReader-stderr] o.s.boot.docker.compose.core.DockerCli   :  9e482b60495e Downloading [=======================================>           ]  90.19MB/112.8MB
2025-08-05T06:29:12.515Z  INFO 1824 --- [utReader-stderr] o.s.boot.docker.compose.core.DockerCli   :  9e482b60495e Downloading [========================================>          ]  90.72MB/112.8MB
2025-08-05T06:29:12.710Z  INFO 1824 --- [utReader-stderr] o.s.boot.docker.compose.core.DockerCli   :  9e482b60495e Downloading [========================================>          ]  91.26MB/112.8MB
2025-08-05T06:29:13.216Z  INFO 1824 --- [utReader-stderr] o.s.boot.docker.compose.core.DockerCli   :  9e482b60495e Downloading [========================================>          ]   91.8MB/112.8MB
2025-08-05T06:29:13.413Z  INFO 1824 --- [utReader-stderr] o.s.boot.docker.compose.core.DockerCli   :  9e482b60495e Downloading [========================================>          ]  92.34MB/112.8MB
2025-08-05T06:29:13.614Z  INFO 1824 --- [utReader-stderr] o.s.boot.docker.compose.core.DockerCli   :  9e482b60495e Downloading [=========================================>         ]  92.88MB/112.8MB
2025-08-05T06:29:13.721Z  INFO 1824 --- [utReader-stderr] o.s.boot.docker.compose.core.DockerCli   :  9e482b60495e Downloading [=========================================>         ]  93.41MB/112.8MB
2025-08-05T06:29:13.914Z  INFO 1824 --- [utReader-stderr] o.s.boot.docker.compose.core.DockerCli   :  9e482b60495e Downloading [=========================================>         ]  93.95MB/112.8MB
2025-08-05T06:29:14.260Z  INFO 1824 --- [utReader-stderr] o.s.boot.docker.compose.core.DockerCli   :  9e482b60495e Downloading [=========================================>         ]  94.48MB/112.8MB
2025-08-05T06:29:14.417Z  INFO 1824 --- [utReader-stderr] o.s.boot.docker.compose.core.DockerCli   :  9e482b60495e Downloading [==========================================>        ]  95.02MB/112.8MB
2025-08-05T06:29:14.769Z  INFO 1824 --- [utReader-stderr] o.s.boot.docker.compose.core.DockerCli   :  9e482b60495e Downloading [==========================================>        ]  96.63MB/112.8MB
2025-08-05T06:29:15.055Z  INFO 1824 --- [utReader-stderr] o.s.boot.docker.compose.core.DockerCli   :  9e482b60495e Downloading [===========================================>       ]   97.7MB/112.8MB
2025-08-05T06:29:15.274Z  INFO 1824 --- [utReader-stderr] o.s.boot.docker.compose.core.DockerCli   :  9e482b60495e Downloading [===========================================>       ]  98.24MB/112.8MB
2025-08-05T06:29:15.513Z  INFO 1824 --- [utReader-stderr] o.s.boot.docker.compose.core.DockerCli   :  9e482b60495e Downloading [===========================================>       ]  98.78MB/112.8MB
2025-08-05T06:29:15.854Z  INFO 1824 --- [utReader-stderr] o.s.boot.docker.compose.core.DockerCli   :  9e482b60495e Downloading [============================================>      ]  99.32MB/112.8MB
2025-08-05T06:29:16.046Z  INFO 1824 --- [utReader-stderr] o.s.boot.docker.compose.core.DockerCli   :  9e482b60495e Downloading [============================================>      ]  99.85MB/112.8MB
2025-08-05T06:29:16.552Z  INFO 1824 --- [utReader-stderr] o.s.boot.docker.compose.core.DockerCli   :  9e482b60495e Downloading [=============================================>     ]    102MB/112.8MB
2025-08-05T06:29:16.809Z  INFO 1824 --- [utReader-stderr] o.s.boot.docker.compose.core.DockerCli   :  9e482b60495e Downloading [=============================================>     ]  103.6MB/112.8MB
2025-08-05T06:29:16.954Z  INFO 1824 --- [utReader-stderr] o.s.boot.docker.compose.core.DockerCli   :  9e482b60495e Downloading [==============================================>    ]  104.2MB/112.8MB
2025-08-05T06:29:17.321Z  INFO 1824 --- [utReader-stderr] o.s.boot.docker.compose.core.DockerCli   :  9e482b60495e Downloading [==============================================>    ]  104.7MB/112.8MB
2025-08-05T06:29:17.720Z  INFO 1824 --- [utReader-stderr] o.s.boot.docker.compose.core.DockerCli   :  9e482b60495e Downloading [==============================================>    ]  105.2MB/112.8MB
2025-08-05T06:29:17.880Z  INFO 1824 --- [utReader-stderr] o.s.boot.docker.compose.core.DockerCli   :  9e482b60495e Downloading [==============================================>    ]  105.8MB/112.8MB
2025-08-05T06:29:18.125Z  INFO 1824 --- [utReader-stderr] o.s.boot.docker.compose.core.DockerCli   :  9e482b60495e Downloading [===============================================>   ]  106.3MB/112.8MB
2025-08-05T06:29:18.496Z  INFO 1824 --- [utReader-stderr] o.s.boot.docker.compose.core.DockerCli   :  9e482b60495e Downloading [===============================================>   ]  106.8MB/112.8MB
2025-08-05T06:29:18.936Z  INFO 1824 --- [utReader-stderr] o.s.boot.docker.compose.core.DockerCli   :  9e482b60495e Downloading [===============================================>   ]  107.9MB/112.8MB
2025-08-05T06:29:19.185Z  INFO 1824 --- [utReader-stderr] o.s.boot.docker.compose.core.DockerCli   :  9e482b60495e Downloading [=================================================> ]  110.6MB/112.8MB
2025-08-05T06:29:19.362Z  INFO 1824 --- [utReader-stderr] o.s.boot.docker.compose.core.DockerCli   :  9e482b60495e Downloading [=================================================> ]  111.1MB/112.8MB
2025-08-05T06:29:19.556Z  INFO 1824 --- [utReader-stderr] o.s.boot.docker.compose.core.DockerCli   :  9e482b60495e Downloading [=================================================> ]  111.7MB/112.8MB
2025-08-05T06:29:19.778Z  INFO 1824 --- [utReader-stderr] o.s.boot.docker.compose.core.DockerCli   :  9e482b60495e Downloading [=================================================> ]  112.2MB/112.8MB
2025-08-05T06:29:19.940Z  INFO 1824 --- [utReader-stderr] o.s.boot.docker.compose.core.DockerCli   :  9e482b60495e Downloading [=================================================> ]  112.8MB/112.8MB
2025-08-05T06:29:19.972Z  INFO 1824 --- [utReader-stderr] o.s.boot.docker.compose.core.DockerCli   :  9e482b60495e Verifying Checksum 
2025-08-05T06:29:19.972Z  INFO 1824 --- [utReader-stderr] o.s.boot.docker.compose.core.DockerCli   :  9e482b60495e Download complete 
2025-08-05T06:29:20.136Z  INFO 1824 --- [utReader-stderr] o.s.boot.docker.compose.core.DockerCli   :  9e482b60495e Extracting [>                                                  ]  557.1kB/112.8MB
2025-08-05T06:29:20.244Z  INFO 1824 --- [utReader-stderr] o.s.boot.docker.compose.core.DockerCli   :  9e482b60495e Extracting [>                                                  ]  2.228MB/112.8MB
2025-08-05T06:29:20.346Z  INFO 1824 --- [utReader-stderr] o.s.boot.docker.compose.core.DockerCli   :  9e482b60495e Extracting [==>                                                ]  5.571MB/112.8MB
2025-08-05T06:29:20.492Z  INFO 1824 --- [utReader-stderr] o.s.boot.docker.compose.core.DockerCli   :  9e482b60495e Extracting [===>                                               ]  7.799MB/112.8MB
2025-08-05T06:29:20.646Z  INFO 1824 --- [utReader-stderr] o.s.boot.docker.compose.core.DockerCli   :  9e482b60495e Extracting [===>                                               ]  8.913MB/112.8MB
2025-08-05T06:29:20.791Z  INFO 1824 --- [utReader-stderr] o.s.boot.docker.compose.core.DockerCli   :  9e482b60495e Extracting [====>                                              ]  10.03MB/112.8MB
2025-08-05T06:29:20.918Z  INFO 1824 --- [utReader-stderr] o.s.boot.docker.compose.core.DockerCli   :  9e482b60495e Extracting [=====>                                             ]   11.7MB/112.8MB
2025-08-05T06:29:21.025Z  INFO 1824 --- [utReader-stderr] o.s.boot.docker.compose.core.DockerCli   :  9e482b60495e Extracting [=====>                                             ]  12.81MB/112.8MB
2025-08-05T06:29:21.145Z  INFO 1824 --- [utReader-stderr] o.s.boot.docker.compose.core.DockerCli   :  9e482b60495e Extracting [======>                                            ]  14.48MB/112.8MB
2025-08-05T06:29:21.290Z  INFO 1824 --- [utReader-stderr] o.s.boot.docker.compose.core.DockerCli   :  9e482b60495e Extracting [=======>                                           ]  16.15MB/112.8MB
2025-08-05T06:29:21.396Z  INFO 1824 --- [utReader-stderr] o.s.boot.docker.compose.core.DockerCli   :  9e482b60495e Extracting [=======>                                           ]  17.83MB/112.8MB
2025-08-05T06:29:21.498Z  INFO 1824 --- [utReader-stderr] o.s.boot.docker.compose.core.DockerCli   :  9e482b60495e Extracting [========>                                          ]  20.05MB/112.8MB
2025-08-05T06:29:21.609Z  INFO 1824 --- [utReader-stderr] o.s.boot.docker.compose.core.DockerCli   :  9e482b60495e Extracting [=========>                                         ]  21.17MB/112.8MB
2025-08-05T06:29:21.714Z  INFO 1824 --- [utReader-stderr] o.s.boot.docker.compose.core.DockerCli   :  9e482b60495e Extracting [==========>                                        ]  22.84MB/112.8MB
2025-08-05T06:29:21.835Z  INFO 1824 --- [utReader-stderr] o.s.boot.docker.compose.core.DockerCli   :  9e482b60495e Extracting [==========>                                        ]  24.51MB/112.8MB
2025-08-05T06:29:21.937Z  INFO 1824 --- [utReader-stderr] o.s.boot.docker.compose.core.DockerCli   :  9e482b60495e Extracting [===========>                                       ]  26.18MB/112.8MB
2025-08-05T06:29:22.051Z  INFO 1824 --- [utReader-stderr] o.s.boot.docker.compose.core.DockerCli   :  9e482b60495e Extracting [=============>                                     ]  29.52MB/112.8MB
2025-08-05T06:29:22.162Z  INFO 1824 --- [utReader-stderr] o.s.boot.docker.compose.core.DockerCli   :  9e482b60495e Extracting [==============>                                    ]  32.87MB/112.8MB
2025-08-05T06:29:22.267Z  INFO 1824 --- [utReader-stderr] o.s.boot.docker.compose.core.DockerCli   :  9e482b60495e Extracting [================>                                  ]  36.21MB/112.8MB
2025-08-05T06:29:22.382Z  INFO 1824 --- [utReader-stderr] o.s.boot.docker.compose.core.DockerCli   :  9e482b60495e Extracting [=================>                                 ]  39.55MB/112.8MB
2025-08-05T06:29:22.499Z  INFO 1824 --- [utReader-stderr] o.s.boot.docker.compose.core.DockerCli   :  9e482b60495e Extracting [===================>                               ]  42.89MB/112.8MB
2025-08-05T06:29:22.614Z  INFO 1824 --- [utReader-stderr] o.s.boot.docker.compose.core.DockerCli   :  9e482b60495e Extracting [====================>                              ]  46.24MB/112.8MB
2025-08-05T06:29:22.722Z  INFO 1824 --- [utReader-stderr] o.s.boot.docker.compose.core.DockerCli   :  9e482b60495e Extracting [=====================>                             ]  49.58MB/112.8MB
2025-08-05T06:29:22.826Z  INFO 1824 --- [utReader-stderr] o.s.boot.docker.compose.core.DockerCli   :  9e482b60495e Extracting [=======================>                           ]  52.36MB/112.8MB
2025-08-05T06:29:22.945Z  INFO 1824 --- [utReader-stderr] o.s.boot.docker.compose.core.DockerCli   :  9e482b60495e Extracting [=======================>                           ]  54.03MB/112.8MB
2025-08-05T06:29:23.072Z  INFO 1824 --- [utReader-stderr] o.s.boot.docker.compose.core.DockerCli   :  9e482b60495e Extracting [========================>                          ]  54.59MB/112.8MB
2025-08-05T06:29:23.191Z  INFO 1824 --- [utReader-stderr] o.s.boot.docker.compose.core.DockerCli   :  9e482b60495e Extracting [========================>                          ]  55.71MB/112.8MB
2025-08-05T06:29:23.305Z  INFO 1824 --- [utReader-stderr] o.s.boot.docker.compose.core.DockerCli   :  9e482b60495e Extracting [=========================>                         ]  57.38MB/112.8MB
2025-08-05T06:29:23.418Z  INFO 1824 --- [utReader-stderr] o.s.boot.docker.compose.core.DockerCli   :  9e482b60495e Extracting [==========================>                        ]  59.05MB/112.8MB
2025-08-05T06:29:23.549Z  INFO 1824 --- [utReader-stderr] o.s.boot.docker.compose.core.DockerCli   :  9e482b60495e Extracting [==========================>                        ]  60.72MB/112.8MB
2025-08-05T06:29:23.677Z  INFO 1824 --- [utReader-stderr] o.s.boot.docker.compose.core.DockerCli   :  9e482b60495e Extracting [===========================>                       ]  62.95MB/112.8MB
2025-08-05T06:29:23.788Z  INFO 1824 --- [utReader-stderr] o.s.boot.docker.compose.core.DockerCli   :  9e482b60495e Extracting [=============================>                     ]  65.73MB/112.8MB
2025-08-05T06:29:23.892Z  INFO 1824 --- [utReader-stderr] o.s.boot.docker.compose.core.DockerCli   :  9e482b60495e Extracting [==============================>                    ]  69.07MB/112.8MB
2025-08-05T06:29:23.998Z  INFO 1824 --- [utReader-stderr] o.s.boot.docker.compose.core.DockerCli   :  9e482b60495e Extracting [===============================>                   ]  71.86MB/112.8MB
2025-08-05T06:29:24.122Z  INFO 1824 --- [utReader-stderr] o.s.boot.docker.compose.core.DockerCli   :  9e482b60495e Extracting [=================================>                 ]   75.2MB/112.8MB
2025-08-05T06:29:24.146Z  WARN 1824 --- [l-2:housekeeper] com.zaxxer.hikari.pool.PoolBase          : HikariPool-2 - Failed to validate connection com.mysql.cj.jdbc.ConnectionImpl@334a6e1d (No operations allowed after connection closed.). Possibly consider using a shorter maxLifetime value.
2025-08-05T06:29:24.229Z  INFO 1824 --- [utReader-stderr] o.s.boot.docker.compose.core.DockerCli   :  9e482b60495e Extracting [==================================>                ]  77.43MB/112.8MB
2025-08-05T06:29:24.351Z  INFO 1824 --- [utReader-stderr] o.s.boot.docker.compose.core.DockerCli   :  9e482b60495e Extracting [===================================>               ]  80.22MB/112.8MB
2025-08-05T06:29:24.468Z  INFO 1824 --- [utReader-stderr] o.s.boot.docker.compose.core.DockerCli   :  9e482b60495e Extracting [====================================>              ]     83MB/112.8MB
2025-08-05T06:29:24.585Z  INFO 1824 --- [utReader-stderr] o.s.boot.docker.compose.core.DockerCli   :  9e482b60495e Extracting [======================================>            ]  86.34MB/112.8MB
2025-08-05T06:29:24.687Z  INFO 1824 --- [utReader-stderr] o.s.boot.docker.compose.core.DockerCli   :  9e482b60495e Extracting [=======================================>           ]  89.69MB/112.8MB
2025-08-05T06:29:24.794Z  INFO 1824 --- [utReader-stderr] o.s.boot.docker.compose.core.DockerCli   :  9e482b60495e Extracting [=========================================>         ]  93.03MB/112.8MB
2025-08-05T06:29:24.830Z  WARN 1824 --- [l-2:housekeeper] com.zaxxer.hikari.pool.PoolBase          : HikariPool-2 - Failed to validate connection com.mysql.cj.jdbc.ConnectionImpl@4dcb60f5 (No operations allowed after connection closed.). Possibly consider using a shorter maxLifetime value.
2025-08-05T06:29:24.946Z  INFO 1824 --- [utReader-stderr] o.s.boot.docker.compose.core.DockerCli   :  9e482b60495e Extracting [==========================================>        ]  95.26MB/112.8MB
2025-08-05T06:29:25.118Z  INFO 1824 --- [utReader-stderr] o.s.boot.docker.compose.core.DockerCli   :  9e482b60495e Extracting [==========================================>        ]  96.37MB/112.8MB
2025-08-05T06:29:25.246Z  INFO 1824 --- [utReader-stderr] o.s.boot.docker.compose.core.DockerCli   :  9e482b60495e Extracting [==========================================>        ]  96.93MB/112.8MB
2025-08-05T06:29:25.382Z  INFO 1824 --- [utReader-stderr] o.s.boot.docker.compose.core.DockerCli   :  9e482b60495e Extracting [===========================================>       ]   98.6MB/112.8MB
2025-08-05T06:29:25.504Z  INFO 1824 --- [utReader-stderr] o.s.boot.docker.compose.core.DockerCli   :  9e482b60495e Extracting [============================================>      ]  99.71MB/112.8MB
2025-08-05T06:29:25.611Z  INFO 1824 --- [utReader-stderr] o.s.boot.docker.compose.core.DockerCli   :  9e482b60495e Extracting [============================================>      ]  100.3MB/112.8MB
2025-08-05T06:29:25.739Z  INFO 1824 --- [utReader-stderr] o.s.boot.docker.compose.core.DockerCli   :  9e482b60495e Extracting [============================================>      ]  100.8MB/112.8MB
2025-08-05T06:29:25.889Z  INFO 1824 --- [utReader-stderr] o.s.boot.docker.compose.core.DockerCli   :  9e482b60495e Extracting [=============================================>     ]  102.5MB/112.8MB
2025-08-05T06:29:26.040Z  INFO 1824 --- [utReader-stderr] o.s.boot.docker.compose.core.DockerCli   :  9e482b60495e Extracting [==============================================>    ]  104.2MB/112.8MB
2025-08-05T06:29:26.182Z  INFO 1824 --- [utReader-stderr] o.s.boot.docker.compose.core.DockerCli   :  9e482b60495e Extracting [==============================================>    ]  105.8MB/112.8MB
2025-08-05T06:29:26.363Z  INFO 1824 --- [utReader-stderr] o.s.boot.docker.compose.core.DockerCli   :  9e482b60495e Extracting [===============================================>   ]    107MB/112.8MB
2025-08-05T06:29:26.495Z  INFO 1824 --- [utReader-stderr] o.s.boot.docker.compose.core.DockerCli   :  9e482b60495e Extracting [===============================================>   ]  107.5MB/112.8MB
2025-08-05T06:29:26.599Z  INFO 1824 --- [utReader-stderr] o.s.boot.docker.compose.core.DockerCli   :  9e482b60495e Extracting [===============================================>   ]  108.1MB/112.8MB
2025-08-05T06:29:26.865Z  INFO 1824 --- [utReader-stderr] o.s.boot.docker.compose.core.DockerCli   :  9e482b60495e Extracting [================================================>  ]  109.2MB/112.8MB
2025-08-05T06:29:26.971Z  INFO 1824 --- [utReader-stderr] o.s.boot.docker.compose.core.DockerCli   :  9e482b60495e Extracting [================================================>  ]  109.7MB/112.8MB
2025-08-05T06:29:27.187Z  INFO 1824 --- [utReader-stderr] o.s.boot.docker.compose.core.DockerCli   :  9e482b60495e Extracting [=================================================> ]  110.9MB/112.8MB
2025-08-05T06:29:27.687Z  INFO 1824 --- [utReader-stderr] o.s.boot.docker.compose.core.DockerCli   :  9e482b60495e Extracting [=================================================> ]  111.4MB/112.8MB
2025-08-05T06:29:27.842Z  INFO 1824 --- [utReader-stderr] o.s.boot.docker.compose.core.DockerCli   :  9e482b60495e Extracting [=================================================> ]    112MB/112.8MB
2025-08-05T06:29:27.970Z  INFO 1824 --- [utReader-stderr] o.s.boot.docker.compose.core.DockerCli   :  9e482b60495e Extracting [=================================================> ]  112.5MB/112.8MB
2025-08-05T06:29:28.072Z  INFO 1824 --- [utReader-stderr] o.s.boot.docker.compose.core.DockerCli   :  9e482b60495e Extracting [==================================================>]  112.8MB/112.8MB
2025-08-05T06:29:28.193Z  INFO 1824 --- [utReader-stderr] o.s.boot.docker.compose.core.DockerCli   :  9e482b60495e Pull complete 
2025-08-05T06:29:28.199Z  INFO 1824 --- [utReader-stderr] o.s.boot.docker.compose.core.DockerCli   :  4a43c57a903d Extracting [==================================================>]  10.23kB/10.23kB
2025-08-05T06:29:28.200Z  INFO 1824 --- [utReader-stderr] o.s.boot.docker.compose.core.DockerCli   :  4a43c57a903d Extracting [==================================================>]  10.23kB/10.23kB
2025-08-05T06:29:28.232Z  INFO 1824 --- [utReader-stderr] o.s.boot.docker.compose.core.DockerCli   :  4a43c57a903d Pull complete 
2025-08-05T06:29:28.232Z  WARN 1824 --- [l-2:housekeeper] com.zaxxer.hikari.pool.PoolBase          : HikariPool-2 - Failed to validate connection com.mysql.cj.jdbc.ConnectionImpl@2a67f6d5 (No operations allowed after connection closed.). Possibly consider using a shorter maxLifetime value.
2025-08-05T06:29:28.238Z  INFO 1824 --- [utReader-stderr] o.s.boot.docker.compose.core.DockerCli   :  dcce1c0b58a8 Extracting [==================================================>]     129B/129B
2025-08-05T06:29:28.239Z  INFO 1824 --- [utReader-stderr] o.s.boot.docker.compose.core.DockerCli   :  dcce1c0b58a8 Extracting [==================================================>]     129B/129B
2025-08-05T06:29:28.265Z  INFO 1824 --- [utReader-stderr] o.s.boot.docker.compose.core.DockerCli   :  dcce1c0b58a8 Pull complete 
2025-08-05T06:29:28.271Z  INFO 1824 --- [utReader-stderr] o.s.boot.docker.compose.core.DockerCli   :  38072b29d55e Extracting [==================================================>]     167B/167B
2025-08-05T06:29:28.272Z  INFO 1824 --- [utReader-stderr] o.s.boot.docker.compose.core.DockerCli   :  38072b29d55e Extracting [==================================================>]     167B/167B
2025-08-05T06:29:28.302Z  INFO 1824 --- [utReader-stderr] o.s.boot.docker.compose.core.DockerCli   :  38072b29d55e Pull complete 
2025-08-05T06:29:28.308Z  INFO 1824 --- [utReader-stderr] o.s.boot.docker.compose.core.DockerCli   :  d98e5494f240 Extracting [==================================================>]  5.926kB/5.926kB
2025-08-05T06:29:28.308Z  INFO 1824 --- [utReader-stderr] o.s.boot.docker.compose.core.DockerCli   :  d98e5494f240 Extracting [==================================================>]  5.926kB/5.926kB
2025-08-05T06:29:28.338Z  INFO 1824 --- [utReader-stderr] o.s.boot.docker.compose.core.DockerCli   :  d98e5494f240 Pull complete 
2025-08-05T06:29:28.345Z  INFO 1824 --- [utReader-stderr] o.s.boot.docker.compose.core.DockerCli   :  017403a0b5e1 Extracting [==================================================>]     185B/185B
2025-08-05T06:29:28.346Z  INFO 1824 --- [utReader-stderr] o.s.boot.docker.compose.core.DockerCli   :  017403a0b5e1 Extracting [==================================================>]     185B/185B
2025-08-05T06:29:28.372Z  INFO 1824 --- [utReader-stderr] o.s.boot.docker.compose.core.DockerCli   :  017403a0b5e1 Pull complete 
2025-08-05T06:29:28.405Z  INFO 1824 --- [utReader-stderr] o.s.boot.docker.compose.core.DockerCli   :  postgres Pulled 
2025-08-05T06:29:28.414Z  INFO 1824 --- [utReader-stderr] o.s.boot.docker.compose.core.DockerCli   :  Network spring-petclinic_default  Creating
2025-08-05T06:29:28.476Z  INFO 1824 --- [utReader-stderr] o.s.boot.docker.compose.core.DockerCli   :  Network spring-petclinic_default  Created
2025-08-05T06:29:28.478Z  INFO 1824 --- [utReader-stderr] o.s.boot.docker.compose.core.DockerCli   :  Container spring-petclinic-postgres-1  Creating
2025-08-05T06:29:29.340Z  INFO 1824 --- [utReader-stderr] o.s.boot.docker.compose.core.DockerCli   :  Container spring-petclinic-postgres-1  Created
2025-08-05T06:29:29.342Z  INFO 1824 --- [utReader-stderr] o.s.boot.docker.compose.core.DockerCli   :  Container spring-petclinic-postgres-1  Starting
2025-08-05T06:29:29.679Z  INFO 1824 --- [utReader-stderr] o.s.boot.docker.compose.core.DockerCli   :  Container spring-petclinic-postgres-1  Started
2025-08-05T06:29:29.679Z  INFO 1824 --- [utReader-stderr] o.s.boot.docker.compose.core.DockerCli   :  Container spring-petclinic-postgres-1  Waiting
2025-08-05T06:29:30.182Z  INFO 1824 --- [utReader-stderr] o.s.boot.docker.compose.core.DockerCli   :  Container spring-petclinic-postgres-1  Healthy
2025-08-05T06:29:30.232Z  WARN 1824 --- [l-2:housekeeper] com.zaxxer.hikari.pool.PoolBase          : HikariPool-2 - Failed to validate connection com.mysql.cj.jdbc.ConnectionImpl@5893f237 (No operations allowed after connection closed.). Possibly consider using a shorter maxLifetime value.
2025-08-05T06:29:32.154Z  WARN 1824 --- [l-2:housekeeper] com.zaxxer.hikari.pool.PoolBase          : HikariPool-2 - Failed to validate connection com.mysql.cj.jdbc.ConnectionImpl@216eab8e (No operations allowed after connection closed.). Possibly consider using a shorter maxLifetime value.
2025-08-05T06:29:32.457Z  WARN 1824 --- [l-2:housekeeper] com.zaxxer.hikari.pool.PoolBase          : HikariPool-2 - Failed to validate connection com.mysql.cj.jdbc.ConnectionImpl@3734bb9e (No operations allowed after connection closed.). Possibly consider using a shorter maxLifetime value.
2025-08-05T06:29:33.426Z  INFO 1824 --- [           main] .s.d.r.c.RepositoryConfigurationDelegate : Bootstrapping Spring Data JPA repositories in DEFAULT mode.
2025-08-05T06:29:33.453Z  INFO 1824 --- [           main] .s.d.r.c.RepositoryConfigurationDelegate : Finished Spring Data repository scanning in 24 ms. Found 3 JPA repository interfaces.
2025-08-05T06:29:33.741Z  INFO 1824 --- [           main] o.s.b.w.embedded.tomcat.TomcatWebServer  : Tomcat initialized with port 0 (http)
2025-08-05T06:29:33.743Z  INFO 1824 --- [           main] o.apache.catalina.core.StandardService   : Starting service [Tomcat]
2025-08-05T06:29:33.743Z  INFO 1824 --- [           main] o.apache.catalina.core.StandardEngine    : Starting Servlet engine: [Apache Tomcat/10.1.41]
2025-08-05T06:29:33.787Z  INFO 1824 --- [           main] o.a.c.c.C.[Tomcat-2].[localhost].[/]     : Initializing Spring embedded WebApplicationContext
2025-08-05T06:29:33.788Z  INFO 1824 --- [           main] w.s.c.ServletWebServerApplicationContext : Root WebApplicationContext: initialization completed in 1061 ms
2025-08-05T06:29:33.938Z  INFO 1824 --- [           main] com.zaxxer.hikari.HikariDataSource       : HikariPool-3 - Starting...
2025-08-05T06:29:34.325Z  WARN 1824 --- [l-2:housekeeper] com.zaxxer.hikari.pool.PoolBase          : HikariPool-2 - Failed to validate connection com.mysql.cj.jdbc.ConnectionImpl@22f032f3 (No operations allowed after connection closed.). Possibly consider using a shorter maxLifetime value.
2025-08-05T06:29:34.381Z  INFO 1824 --- [           main] com.zaxxer.hikari.pool.HikariPool        : HikariPool-3 - Added connection org.postgresql.jdbc.PgConnection@433b569e
2025-08-05T06:29:34.381Z  INFO 1824 --- [           main] com.zaxxer.hikari.HikariDataSource       : HikariPool-3 - Start completed.
2025-08-05T06:29:34.624Z  INFO 1824 --- [           main] o.hibernate.jpa.internal.util.LogHelper  : HHH000204: Processing PersistenceUnitInfo [name: default]
2025-08-05T06:29:34.632Z  INFO 1824 --- [           main] o.h.c.internal.RegionFactoryInitiator    : HHH000026: Second-level cache disabled
2025-08-05T06:29:34.661Z  INFO 1824 --- [           main] o.s.o.j.p.SpringPersistenceUnitInfo      : No LoadTimeWeaver setup: ignoring JPA class transformer
2025-08-05T06:29:34.732Z  INFO 1824 --- [           main] org.hibernate.orm.connections.pooling    : HHH10001005: Database info:
	Database JDBC URL [Connecting through datasource 'HikariDataSource (HikariPool-3)']
	Database driver: undefined/unknown
	Database version: 17.5
	Autocommit mode: undefined/unknown
	Isolation level: undefined/unknown
	Minimum pool size: undefined/unknown
	Maximum pool size: undefined/unknown
2025-08-05T06:29:35.052Z  INFO 1824 --- [           main] o.h.e.t.j.p.i.JtaPlatformInitiator       : HHH000489: No JTA platform available (set 'hibernate.transaction.jta.platform' to enable JTA platform integration)
2025-08-05T06:29:35.053Z  INFO 1824 --- [           main] j.LocalContainerEntityManagerFactoryBean : Initialized JPA EntityManagerFactory for persistence unit 'default'
2025-08-05T06:29:35.580Z  INFO 1824 --- [           main] o.s.b.a.e.web.EndpointLinksResolver      : Exposing 13 endpoints beneath base path '/actuator'
2025-08-05T06:29:35.670Z  INFO 1824 --- [           main] o.s.b.w.embedded.tomcat.TomcatWebServer  : Tomcat started on port 35705 (http) with context path '/'
2025-08-05T06:29:35.686Z  INFO 1824 --- [           main] o.s.s.p.PostgresIntegrationTests         : Started PostgresIntegrationTests in 80.587 seconds (process running for 311.375)
]]></system-out>
  </testcase>
  <testcase name="testOwnerDetails" classname="org.springframework.samples.petclinic.PostgresIntegrationTests" time="0.156">
    <system-out><![CDATA[2025-08-05T06:29:35.781Z  INFO 1824 --- [o-auto-3-exec-1] o.a.c.c.C.[Tomcat-2].[localhost].[/]     : Initializing Spring DispatcherServlet 'dispatcherServlet'
2025-08-05T06:29:35.781Z  INFO 1824 --- [o-auto-3-exec-1] o.s.web.servlet.DispatcherServlet        : Initializing Servlet 'dispatcherServlet'
2025-08-05T06:29:35.783Z  INFO 1824 --- [o-auto-3-exec-1] o.s.web.servlet.DispatcherServlet        : Completed initialization in 2 ms
]]></system-out>
  </testcase>
</testsuite>